{"/Users/michaelnguyen/Makers/week_10/GildedRose-Refactoring-Kata/js-jasmine/spec/specs.js":{"path":"/Users/michaelnguyen/Makers/week_10/GildedRose-Refactoring-Kata/js-jasmine/spec/specs.js","s":{"1":1,"2":1,"3":1,"4":1,"5":1,"6":1,"7":1,"8":0},"b":{},"f":{},"fnMap":{},"statementMap":{"1":{"start":{"line":1,"column":0},"end":{"line":1,"column":35}},"2":{"start":{"line":2,"column":0},"end":{"line":2,"column":67}},"3":{"start":{"line":3,"column":0},"end":{"line":3,"column":30}},"4":{"start":{"line":4,"column":0},"end":{"line":10,"column":3}},"5":{"start":{"line":11,"column":0},"end":{"line":11,"column":30}},"6":{"start":{"line":12,"column":0},"end":{"line":12,"column":25}},"7":{"start":{"line":13,"column":0},"end":{"line":13,"column":44}},"8":{"start":{"line":14,"column":0},"end":{"line":14,"column":18}}},"branchMap":{}},"/Users/michaelnguyen/Makers/week_10/GildedRose-Refactoring-Kata/js-jasmine/Index.js":{"path":"/Users/michaelnguyen/Makers/week_10/GildedRose-Refactoring-Kata/js-jasmine/Index.js","s":{"1":0,"2":0,"3":0,"4":0,"5":0,"6":0,"7":0,"8":0,"9":0,"10":0,"11":0,"12":0,"13":0,"14":0,"15":0,"16":0,"17":0,"18":0,"19":0,"20":0,"21":0,"22":0,"23":0,"24":0,"25":0,"26":0},"b":{"1":[0,0]},"f":{"1":0,"2":0,"3":0,"4":0,"5":0},"fnMap":{"1":{"name":"(anonymous_1)","line":12,"loc":{"start":{"line":12,"column":16},"end":{"line":12,"column":36}}},"2":{"name":"(anonymous_2)","line":16,"loc":{"start":{"line":16,"column":21},"end":{"line":16,"column":41}}},"3":{"name":"(anonymous_3)","line":20,"loc":{"start":{"line":20,"column":21},"end":{"line":20,"column":41}}},"4":{"name":"(anonymous_4)","line":24,"loc":{"start":{"line":24,"column":19},"end":{"line":24,"column":39}}},"5":{"name":"handleCalculatorRequest","line":31,"loc":{"start":{"line":31,"column":0},"end":{"line":31,"column":57}}}},"statementMap":{"1":{"start":{"line":1,"column":0},"end":{"line":1,"column":33}},"2":{"start":{"line":2,"column":0},"end":{"line":2,"column":40}},"3":{"start":{"line":3,"column":0},"end":{"line":3,"column":40}},"4":{"start":{"line":4,"column":0},"end":{"line":4,"column":50}},"5":{"start":{"line":5,"column":0},"end":{"line":5,"column":50}},"6":{"start":{"line":6,"column":0},"end":{"line":6,"column":44}},"7":{"start":{"line":7,"column":0},"end":{"line":7,"column":20}},"8":{"start":{"line":9,"column":0},"end":{"line":9,"column":52}},"9":{"start":{"line":10,"column":0},"end":{"line":10,"column":27}},"10":{"start":{"line":12,"column":0},"end":{"line":14,"column":3}},"11":{"start":{"line":13,"column":4},"end":{"line":13,"column":87}},"12":{"start":{"line":16,"column":0},"end":{"line":18,"column":3}},"13":{"start":{"line":17,"column":4},"end":{"line":17,"column":97}},"14":{"start":{"line":20,"column":0},"end":{"line":22,"column":3}},"15":{"start":{"line":21,"column":4},"end":{"line":21,"column":97}},"16":{"start":{"line":24,"column":0},"end":{"line":26,"column":3}},"17":{"start":{"line":25,"column":4},"end":{"line":25,"column":92}},"18":{"start":{"line":28,"column":0},"end":{"line":28,"column":17}},"19":{"start":{"line":29,"column":0},"end":{"line":29,"column":21}},"20":{"start":{"line":31,"column":0},"end":{"line":41,"column":1}},"21":{"start":{"line":32,"column":4},"end":{"line":32,"column":36}},"22":{"start":{"line":33,"column":4},"end":{"line":33,"column":36}},"23":{"start":{"line":34,"column":4},"end":{"line":34,"column":39}},"24":{"start":{"line":36,"column":4},"end":{"line":38,"column":5}},"25":{"start":{"line":37,"column":8},"end":{"line":37,"column":33}},"26":{"start":{"line":40,"column":4},"end":{"line":40,"column":30}}},"branchMap":{"1":{"line":36,"type":"if","locations":[{"start":{"line":36,"column":4},"end":{"line":36,"column":4}},{"start":{"line":36,"column":4},"end":{"line":36,"column":4}}]}}},"/Users/michaelnguyen/Makers/week_10/GildedRose-Refactoring-Kata/js-jasmine/jasmine-standalone-3.3.0 (4)/spec/PlayerSpec.js":{"path":"/Users/michaelnguyen/Makers/week_10/GildedRose-Refactoring-Kata/js-jasmine/jasmine-standalone-3.3.0 (4)/spec/PlayerSpec.js","s":{"1":0,"2":0,"3":0,"4":0,"5":0,"6":0,"7":0,"8":0,"9":0,"10":0,"11":0,"12":0,"13":0,"14":0,"15":0,"16":0,"17":0,"18":0,"19":0,"20":0,"21":0,"22":0,"23":0,"24":0,"25":0,"26":0,"27":0,"28":0,"29":0,"30":0,"31":0},"b":{},"f":{"1":0,"2":0,"3":0,"4":0,"5":0,"6":0,"7":0,"8":0,"9":0,"10":0,"11":0},"fnMap":{"1":{"name":"(anonymous_1)","line":1,"loc":{"start":{"line":1,"column":19},"end":{"line":1,"column":30}}},"2":{"name":"(anonymous_2)","line":5,"loc":{"start":{"line":5,"column":13},"end":{"line":5,"column":24}}},"3":{"name":"(anonymous_3)","line":10,"loc":{"start":{"line":10,"column":38},"end":{"line":10,"column":49}}},"4":{"name":"(anonymous_4)","line":18,"loc":{"start":{"line":18,"column":40},"end":{"line":18,"column":51}}},"5":{"name":"(anonymous_5)","line":19,"loc":{"start":{"line":19,"column":15},"end":{"line":19,"column":26}}},"6":{"name":"(anonymous_6)","line":24,"loc":{"start":{"line":24,"column":60},"end":{"line":24,"column":71}}},"7":{"name":"(anonymous_7)","line":31,"loc":{"start":{"line":31,"column":39},"end":{"line":31,"column":50}}},"8":{"name":"(anonymous_8)","line":39,"loc":{"start":{"line":39,"column":66},"end":{"line":39,"column":77}}},"9":{"name":"(anonymous_9)","line":49,"loc":{"start":{"line":49,"column":22},"end":{"line":49,"column":33}}},"10":{"name":"(anonymous_10)","line":50,"loc":{"start":{"line":50,"column":63},"end":{"line":50,"column":74}}},"11":{"name":"(anonymous_11)","line":53,"loc":{"start":{"line":53,"column":13},"end":{"line":53,"column":24}}}},"statementMap":{"1":{"start":{"line":1,"column":0},"end":{"line":58,"column":3}},"2":{"start":{"line":2,"column":2},"end":{"line":2,"column":13}},"3":{"start":{"line":3,"column":2},"end":{"line":3,"column":11}},"4":{"start":{"line":5,"column":2},"end":{"line":8,"column":5}},"5":{"start":{"line":6,"column":4},"end":{"line":6,"column":26}},"6":{"start":{"line":7,"column":4},"end":{"line":7,"column":22}},"7":{"start":{"line":10,"column":2},"end":{"line":16,"column":5}},"8":{"start":{"line":11,"column":4},"end":{"line":11,"column":22}},"9":{"start":{"line":12,"column":4},"end":{"line":12,"column":54}},"10":{"start":{"line":15,"column":4},"end":{"line":15,"column":37}},"11":{"start":{"line":18,"column":2},"end":{"line":36,"column":5}},"12":{"start":{"line":19,"column":4},"end":{"line":22,"column":7}},"13":{"start":{"line":20,"column":6},"end":{"line":20,"column":24}},"14":{"start":{"line":21,"column":6},"end":{"line":21,"column":21}},"15":{"start":{"line":24,"column":4},"end":{"line":29,"column":7}},"16":{"start":{"line":25,"column":6},"end":{"line":25,"column":43}},"17":{"start":{"line":28,"column":6},"end":{"line":28,"column":43}},"18":{"start":{"line":31,"column":4},"end":{"line":35,"column":7}},"19":{"start":{"line":32,"column":6},"end":{"line":32,"column":22}},"20":{"start":{"line":33,"column":6},"end":{"line":33,"column":44}},"21":{"start":{"line":34,"column":6},"end":{"line":34,"column":56}},"22":{"start":{"line":39,"column":2},"end":{"line":46,"column":5}},"23":{"start":{"line":40,"column":4},"end":{"line":40,"column":41}},"24":{"start":{"line":42,"column":4},"end":{"line":42,"column":22}},"25":{"start":{"line":43,"column":4},"end":{"line":43,"column":26}},"26":{"start":{"line":45,"column":4},"end":{"line":45,"column":66}},"27":{"start":{"line":49,"column":2},"end":{"line":57,"column":5}},"28":{"start":{"line":50,"column":4},"end":{"line":56,"column":7}},"29":{"start":{"line":51,"column":6},"end":{"line":51,"column":24}},"30":{"start":{"line":53,"column":6},"end":{"line":55,"column":49}},"31":{"start":{"line":54,"column":8},"end":{"line":54,"column":24}}},"branchMap":{}},"/Users/michaelnguyen/Makers/week_10/GildedRose-Refactoring-Kata/js-jasmine/jasmine-standalone-3.3.0 (4)/spec/SpecHelper.js":{"path":"/Users/michaelnguyen/Makers/week_10/GildedRose-Refactoring-Kata/js-jasmine/jasmine-standalone-3.3.0 (4)/spec/SpecHelper.js","s":{"1":0,"2":0,"3":0,"4":0,"5":0},"b":{"1":[0,0]},"f":{"1":0,"2":0,"3":0},"fnMap":{"1":{"name":"(anonymous_1)","line":1,"loc":{"start":{"line":1,"column":11},"end":{"line":1,"column":23}}},"2":{"name":"(anonymous_2)","line":3,"loc":{"start":{"line":3,"column":17},"end":{"line":3,"column":29}}},"3":{"name":"(anonymous_3)","line":5,"loc":{"start":{"line":5,"column":17},"end":{"line":5,"column":45}}}},"statementMap":{"1":{"start":{"line":1,"column":0},"end":{"line":15,"column":3}},"2":{"start":{"line":2,"column":2},"end":{"line":14,"column":5}},"3":{"start":{"line":4,"column":6},"end":{"line":12,"column":8}},"4":{"start":{"line":6,"column":10},"end":{"line":6,"column":30}},"5":{"start":{"line":8,"column":10},"end":{"line":10,"column":12}}},"branchMap":{"1":{"line":9,"type":"binary-expr","locations":[{"start":{"line":9,"column":18},"end":{"line":9,"column":58}},{"start":{"line":9,"column":62},"end":{"line":9,"column":78}}]}}},"/Users/michaelnguyen/Makers/week_10/GildedRose-Refactoring-Kata/js-jasmine/jasmine-standalone-3.3.0 (4)/src/Player.js":{"path":"/Users/michaelnguyen/Makers/week_10/GildedRose-Refactoring-Kata/js-jasmine/jasmine-standalone-3.3.0 (4)/src/Player.js","s":{"1":0,"2":0,"3":0,"4":0,"5":0,"6":0,"7":0,"8":0,"9":0,"10":0,"11":0,"12":0},"b":{"1":[0,0]},"f":{"1":0,"2":0,"3":0,"4":0,"5":0},"fnMap":{"1":{"name":"Player","line":1,"loc":{"start":{"line":1,"column":0},"end":{"line":1,"column":18}}},"2":{"name":"(anonymous_2)","line":3,"loc":{"start":{"line":3,"column":24},"end":{"line":3,"column":39}}},"3":{"name":"(anonymous_3)","line":8,"loc":{"start":{"line":8,"column":25},"end":{"line":8,"column":36}}},"4":{"name":"(anonymous_4)","line":12,"loc":{"start":{"line":12,"column":26},"end":{"line":12,"column":37}}},"5":{"name":"(anonymous_5)","line":20,"loc":{"start":{"line":20,"column":32},"end":{"line":20,"column":43}}}},"statementMap":{"1":{"start":{"line":1,"column":0},"end":{"line":2,"column":1}},"2":{"start":{"line":3,"column":0},"end":{"line":6,"column":2}},"3":{"start":{"line":4,"column":2},"end":{"line":4,"column":35}},"4":{"start":{"line":5,"column":2},"end":{"line":5,"column":24}},"5":{"start":{"line":8,"column":0},"end":{"line":10,"column":2}},"6":{"start":{"line":9,"column":2},"end":{"line":9,"column":25}},"7":{"start":{"line":12,"column":0},"end":{"line":18,"column":2}},"8":{"start":{"line":13,"column":2},"end":{"line":15,"column":3}},"9":{"start":{"line":14,"column":4},"end":{"line":14,"column":47}},"10":{"start":{"line":17,"column":2},"end":{"line":17,"column":24}},"11":{"start":{"line":20,"column":0},"end":{"line":22,"column":2}},"12":{"start":{"line":21,"column":2},"end":{"line":21,"column":56}}},"branchMap":{"1":{"line":13,"type":"if","locations":[{"start":{"line":13,"column":2},"end":{"line":13,"column":2}},{"start":{"line":13,"column":2},"end":{"line":13,"column":2}}]}}},"/Users/michaelnguyen/Makers/week_10/GildedRose-Refactoring-Kata/js-jasmine/jasmine-standalone-3.3.0 (4)/src/Song.js":{"path":"/Users/michaelnguyen/Makers/week_10/GildedRose-Refactoring-Kata/js-jasmine/jasmine-standalone-3.3.0 (4)/src/Song.js","s":{"1":0,"2":0,"3":0},"b":{},"f":{"1":0,"2":0},"fnMap":{"1":{"name":"Song","line":1,"loc":{"start":{"line":1,"column":0},"end":{"line":1,"column":16}}},"2":{"name":"(anonymous_2)","line":4,"loc":{"start":{"line":4,"column":39},"end":{"line":4,"column":55}}}},"statementMap":{"1":{"start":{"line":1,"column":0},"end":{"line":2,"column":1}},"2":{"start":{"line":4,"column":0},"end":{"line":7,"column":2}},"3":{"start":{"line":6,"column":2},"end":{"line":6,"column":41}}},"branchMap":{}},"/Users/michaelnguyen/Makers/week_10/GildedRose-Refactoring-Kata/js-jasmine/lib/jasmine-3.3.0/boot.js":{"path":"/Users/michaelnguyen/Makers/week_10/GildedRose-Refactoring-Kata/js-jasmine/lib/jasmine-3.3.0/boot.js","s":{"1":0,"2":0,"3":0,"4":0,"5":0,"6":0,"7":0,"8":0,"9":0,"10":0,"11":0,"12":0,"13":0,"14":0,"15":0,"16":0,"17":0,"18":0,"19":0,"20":0,"21":0,"22":0,"23":0,"24":0,"25":0,"26":0,"27":0,"28":0,"29":0,"30":0,"31":0,"32":0,"33":0,"34":0,"35":0,"36":0,"37":0,"38":0,"39":0,"40":0,"41":0,"42":0,"43":0},"b":{"1":[0,0],"2":[0,0],"3":[0,0],"4":[0,0]},"f":{"1":0,"2":0,"3":0,"4":0,"5":0,"6":0,"7":0,"8":0,"9":0,"10":0,"11":0},"fnMap":{"1":{"name":"(anonymous_1)","line":11,"loc":{"start":{"line":11,"column":1},"end":{"line":11,"column":12}}},"2":{"name":"(anonymous_2)","line":49,"loc":{"start":{"line":49,"column":23},"end":{"line":49,"column":34}}},"3":{"name":"(anonymous_3)","line":77,"loc":{"start":{"line":77,"column":26},"end":{"line":77,"column":47}}},"4":{"name":"(anonymous_4)","line":78,"loc":{"start":{"line":78,"column":30},"end":{"line":78,"column":51}}},"5":{"name":"(anonymous_5)","line":79,"loc":{"start":{"line":79,"column":18},"end":{"line":79,"column":29}}},"6":{"name":"(anonymous_6)","line":80,"loc":{"start":{"line":80,"column":19},"end":{"line":80,"column":30}}},"7":{"name":"(anonymous_7)","line":81,"loc":{"start":{"line":81,"column":20},"end":{"line":81,"column":31}}},"8":{"name":"(anonymous_8)","line":96,"loc":{"start":{"line":96,"column":18},"end":{"line":96,"column":29}}},"9":{"name":"(anonymous_9)","line":99,"loc":{"start":{"line":99,"column":22},"end":{"line":99,"column":37}}},"10":{"name":"(anonymous_10)","line":120,"loc":{"start":{"line":120,"column":18},"end":{"line":120,"column":29}}},"11":{"name":"extend","line":131,"loc":{"start":{"line":131,"column":2},"end":{"line":131,"column":39}}}},"statementMap":{"1":{"start":{"line":11,"column":0},"end":{"line":136,"column":5}},"2":{"start":{"line":18,"column":2},"end":{"line":18,"column":55}},"3":{"start":{"line":23,"column":2},"end":{"line":23,"column":31}},"4":{"start":{"line":28,"column":2},"end":{"line":28,"column":29}},"5":{"start":{"line":35,"column":2},"end":{"line":35,"column":64}},"6":{"start":{"line":40,"column":2},"end":{"line":40,"column":35}},"7":{"start":{"line":48,"column":2},"end":{"line":50,"column":5}},"8":{"start":{"line":49,"column":36},"end":{"line":49,"column":59}},"9":{"start":{"line":52,"column":2},"end":{"line":52,"column":51}},"10":{"start":{"line":54,"column":2},"end":{"line":58,"column":4}},"11":{"start":{"line":60,"column":2},"end":{"line":60,"column":46}},"12":{"start":{"line":62,"column":2},"end":{"line":64,"column":3}},"13":{"start":{"line":63,"column":4},"end":{"line":63,"column":27}},"14":{"start":{"line":66,"column":2},"end":{"line":66,"column":42}},"15":{"start":{"line":67,"column":2},"end":{"line":69,"column":3}},"16":{"start":{"line":68,"column":4},"end":{"line":68,"column":23}},"17":{"start":{"line":75,"column":2},"end":{"line":84,"column":5}},"18":{"start":{"line":77,"column":49},"end":{"line":77,"column":101}},"19":{"start":{"line":78,"column":53},"end":{"line":78,"column":107}},"20":{"start":{"line":79,"column":31},"end":{"line":79,"column":52}},"21":{"start":{"line":80,"column":32},"end":{"line":80,"column":89}},"22":{"start":{"line":81,"column":33},"end":{"line":81,"column":91}},"23":{"start":{"line":89,"column":2},"end":{"line":89,"column":50}},"24":{"start":{"line":90,"column":2},"end":{"line":90,"column":32}},"25":{"start":{"line":95,"column":2},"end":{"line":97,"column":5}},"26":{"start":{"line":96,"column":31},"end":{"line":96,"column":67}},"27":{"start":{"line":99,"column":2},"end":{"line":101,"column":4}},"28":{"start":{"line":100,"column":4},"end":{"line":100,"column":50}},"29":{"start":{"line":103,"column":2},"end":{"line":103,"column":24}},"30":{"start":{"line":108,"column":2},"end":{"line":108,"column":40}},"31":{"start":{"line":109,"column":2},"end":{"line":109,"column":42}},"32":{"start":{"line":110,"column":2},"end":{"line":110,"column":44}},"33":{"start":{"line":111,"column":2},"end":{"line":111,"column":46}},"34":{"start":{"line":118,"column":2},"end":{"line":118,"column":42}},"35":{"start":{"line":120,"column":2},"end":{"line":126,"column":4}},"36":{"start":{"line":121,"column":4},"end":{"line":123,"column":5}},"37":{"start":{"line":122,"column":6},"end":{"line":122,"column":28}},"38":{"start":{"line":124,"column":4},"end":{"line":124,"column":30}},"39":{"start":{"line":125,"column":4},"end":{"line":125,"column":18}},"40":{"start":{"line":131,"column":2},"end":{"line":134,"column":3}},"41":{"start":{"line":132,"column":4},"end":{"line":132,"column":74}},"42":{"start":{"line":132,"column":33},"end":{"line":132,"column":74}},"43":{"start":{"line":133,"column":4},"end":{"line":133,"column":23}}},"branchMap":{"1":{"line":62,"type":"if","locations":[{"start":{"line":62,"column":2},"end":{"line":62,"column":2}},{"start":{"line":62,"column":2},"end":{"line":62,"column":2}}]},"2":{"line":62,"type":"binary-expr","locations":[{"start":{"line":62,"column":6},"end":{"line":62,"column":26}},{"start":{"line":62,"column":30},"end":{"line":62,"column":43}}]},"3":{"line":67,"type":"if","locations":[{"start":{"line":67,"column":2},"end":{"line":67,"column":2}},{"start":{"line":67,"column":2},"end":{"line":67,"column":2}}]},"4":{"line":121,"type":"if","locations":[{"start":{"line":121,"column":4},"end":{"line":121,"column":4}},{"start":{"line":121,"column":4},"end":{"line":121,"column":4}}]}}},"/Users/michaelnguyen/Makers/week_10/GildedRose-Refactoring-Kata/js-jasmine/lib/jasmine-3.3.0/jasmine-html.js":{"path":"/Users/michaelnguyen/Makers/week_10/GildedRose-Refactoring-Kata/js-jasmine/lib/jasmine-3.3.0/jasmine-html.js","s":{"1":0,"2":0,"3":0,"4":0,"5":0,"6":0,"7":0,"8":0,"9":0,"10":0,"11":0,"12":0,"13":0,"14":0,"15":0,"16":0,"17":0,"18":0,"19":0,"20":0,"21":0,"22":0,"23":0,"24":0,"25":0,"26":0,"27":0,"28":0,"29":0,"30":0,"31":0,"32":0,"33":0,"34":0,"35":0,"36":0,"37":0,"38":0,"39":0,"40":0,"41":0,"42":0,"43":0,"44":0,"45":0,"46":0,"47":0,"48":0,"49":0,"50":0,"51":0,"52":0,"53":0,"54":0,"55":0,"56":0,"57":0,"58":0,"59":0,"60":0,"61":0,"62":0,"63":0,"64":0,"65":0,"66":0,"67":0,"68":0,"69":0,"70":0,"71":0,"72":0,"73":0,"74":0,"75":0,"76":0,"77":0,"78":0,"79":0,"80":0,"81":0,"82":0,"83":0,"84":0,"85":0,"86":0,"87":0,"88":0,"89":0,"90":0,"91":0,"92":0,"93":0,"94":0,"95":0,"96":0,"97":0,"98":0,"99":0,"100":0,"101":0,"102":0,"103":0,"104":0,"105":0,"106":0,"107":0,"108":0,"109":0,"110":0,"111":0,"112":0,"113":0,"114":0,"115":0,"116":0,"117":0,"118":0,"119":0,"120":0,"121":0,"122":0,"123":0,"124":0,"125":0,"126":0,"127":0,"128":0,"129":0,"130":0,"131":0,"132":0,"133":0,"134":0,"135":0,"136":0,"137":0,"138":0,"139":0,"140":0,"141":0,"142":0,"143":0,"144":0,"145":0,"146":0,"147":0,"148":0,"149":0,"150":0,"151":0,"152":0,"153":0,"154":0,"155":0,"156":0,"157":0,"158":0,"159":0,"160":0,"161":0,"162":0,"163":0,"164":0,"165":0,"166":0,"167":0,"168":0,"169":0,"170":0,"171":0,"172":0,"173":0,"174":0,"175":0,"176":0,"177":0,"178":0,"179":0,"180":0,"181":0,"182":0,"183":0,"184":0,"185":0,"186":0,"187":0,"188":0,"189":0,"190":0,"191":0,"192":0,"193":0,"194":0,"195":0,"196":0,"197":0,"198":0,"199":0,"200":0,"201":0,"202":0,"203":0,"204":0,"205":0,"206":0,"207":0,"208":0,"209":0,"210":0,"211":0,"212":0,"213":0,"214":0,"215":0,"216":0,"217":0,"218":0,"219":0,"220":0,"221":0,"222":0,"223":0,"224":0,"225":0,"226":0,"227":0,"228":0,"229":0,"230":0,"231":0,"232":0,"233":0,"234":0,"235":0,"236":0,"237":0,"238":0,"239":0,"240":0,"241":0,"242":0,"243":0,"244":0,"245":0,"246":0,"247":0,"248":0,"249":0,"250":0,"251":0,"252":0,"253":0,"254":0,"255":0,"256":0,"257":0,"258":0,"259":0,"260":0,"261":0,"262":0,"263":0,"264":0,"265":0,"266":0,"267":0,"268":0,"269":0,"270":0,"271":0,"272":0,"273":0,"274":0,"275":0,"276":0,"277":0,"278":0,"279":0,"280":0,"281":0,"282":0,"283":0,"284":0,"285":0,"286":0,"287":0,"288":0,"289":0,"290":0,"291":0,"292":0},"b":{"1":[0,0],"2":[0,0],"3":[0,0],"4":[0,0],"5":[0,0],"6":[0,0,0],"7":[0,0],"8":[0,0],"9":[0,0],"10":[0,0],"11":[0,0],"12":[0,0],"13":[0,0,0],"14":[0,0],"15":[0,0],"16":[0,0],"17":[0,0],"18":[0,0],"19":[0,0],"20":[0,0],"21":[0,0,0],"22":[0,0],"23":[0,0],"24":[0,0],"25":[0,0],"26":[0,0],"27":[0,0],"28":[0,0],"29":[0,0],"30":[0,0],"31":[0,0],"32":[0,0],"33":[0,0],"34":[0,0],"35":[0,0],"36":[0,0],"37":[0,0],"38":[0,0],"39":[0,0],"40":[0,0],"41":[0,0],"42":[0,0],"43":[0,0],"44":[0,0],"45":[0,0],"46":[0,0],"47":[0,0],"48":[0,0],"49":[0,0],"50":[0,0],"51":[0,0],"52":[0,0],"53":[0,0],"54":[0,0],"55":[0,0],"56":[0,0,0],"57":[0,0],"58":[0,0],"59":[0,0]},"f":{"1":0,"2":0,"3":0,"4":0,"5":0,"6":0,"7":0,"8":0,"9":0,"10":0,"11":0,"12":0,"13":0,"14":0,"15":0,"16":0,"17":0,"18":0,"19":0,"20":0,"21":0,"22":0,"23":0,"24":0,"25":0,"26":0,"27":0,"28":0,"29":0,"30":0,"31":0,"32":0,"33":0,"34":0,"35":0,"36":0,"37":0,"38":0,"39":0,"40":0,"41":0,"42":0,"43":0,"44":0,"45":0,"46":0,"47":0,"48":0,"49":0,"50":0,"51":0,"52":0,"53":0,"54":0,"55":0,"56":0,"57":0,"58":0,"59":0,"60":0},"fnMap":{"1":{"name":"(anonymous_1)","line":23,"loc":{"start":{"line":23,"column":22},"end":{"line":23,"column":35}}},"2":{"name":"(anonymous_2)","line":30,"loc":{"start":{"line":30,"column":30},"end":{"line":30,"column":43}}},"3":{"name":"(anonymous_3)","line":33,"loc":{"start":{"line":33,"column":11},"end":{"line":33,"column":22}}},"4":{"name":"(anonymous_4)","line":34,"loc":{"start":{"line":34,"column":13},"end":{"line":34,"column":24}}},"5":{"name":"ResultsStateBuilder","line":37,"loc":{"start":{"line":37,"column":2},"end":{"line":37,"column":33}}},"6":{"name":"(anonymous_6)","line":45,"loc":{"start":{"line":45,"column":47},"end":{"line":45,"column":64}}},"7":{"name":"(anonymous_7)","line":50,"loc":{"start":{"line":50,"column":44},"end":{"line":50,"column":61}}},"8":{"name":"(anonymous_8)","line":61,"loc":{"start":{"line":61,"column":46},"end":{"line":61,"column":63}}},"9":{"name":"(anonymous_9)","line":64,"loc":{"start":{"line":64,"column":43},"end":{"line":64,"column":60}}},"10":{"name":"HtmlReporter","line":82,"loc":{"start":{"line":82,"column":2},"end":{"line":82,"column":33}}},"11":{"name":"(anonymous_11)","line":83,"loc":{"start":{"line":83,"column":17},"end":{"line":83,"column":28}}},"12":{"name":"(anonymous_12)","line":87,"loc":{"start":{"line":87,"column":61},"end":{"line":87,"column":72}}},"13":{"name":"(anonymous_13)","line":95,"loc":{"start":{"line":95,"column":22},"end":{"line":95,"column":33}}},"14":{"name":"(anonymous_14)","line":112,"loc":{"start":{"line":112,"column":26},"end":{"line":112,"column":44}}},"15":{"name":"(anonymous_15)","line":121,"loc":{"start":{"line":121,"column":24},"end":{"line":121,"column":41}}},"16":{"name":"(anonymous_16)","line":125,"loc":{"start":{"line":125,"column":21},"end":{"line":125,"column":38}}},"17":{"name":"(anonymous_17)","line":134,"loc":{"start":{"line":134,"column":23},"end":{"line":134,"column":40}}},"18":{"name":"(anonymous_18)","line":139,"loc":{"start":{"line":139,"column":20},"end":{"line":139,"column":37}}},"19":{"name":"(anonymous_19)","line":164,"loc":{"start":{"line":164,"column":38},"end":{"line":164,"column":55}}},"20":{"name":"(anonymous_20)","line":168,"loc":{"start":{"line":168,"column":24},"end":{"line":168,"column":41}}},"21":{"name":"(anonymous_21)","line":175,"loc":{"start":{"line":175,"column":23},"end":{"line":175,"column":44}}},"22":{"name":"globalFailureMessage","line":229,"loc":{"start":{"line":229,"column":6},"end":{"line":229,"column":45}}},"23":{"name":"(anonymous_23)","line":266,"loc":{"start":{"line":266,"column":49},"end":{"line":266,"column":60}}},"24":{"name":"(anonymous_24)","line":269,"loc":{"start":{"line":269,"column":50},"end":{"line":269,"column":61}}},"25":{"name":"failureDom","line":284,"loc":{"start":{"line":284,"column":4},"end":{"line":284,"column":32}}},"26":{"name":"summaryList","line":301,"loc":{"start":{"line":301,"column":4},"end":{"line":301,"column":49}}},"27":{"name":"optionsMenu","line":342,"loc":{"start":{"line":342,"column":4},"end":{"line":342,"column":33}}},"28":{"name":"(anonymous_28)","line":379,"loc":{"start":{"line":379,"column":33},"end":{"line":379,"column":44}}},"29":{"name":"(anonymous_29)","line":385,"loc":{"start":{"line":385,"column":30},"end":{"line":385,"column":41}}},"30":{"name":"(anonymous_30)","line":391,"loc":{"start":{"line":391,"column":31},"end":{"line":391,"column":42}}},"31":{"name":"(anonymous_31)","line":397,"loc":{"start":{"line":397,"column":29},"end":{"line":397,"column":40}}},"32":{"name":"(anonymous_32)","line":405,"loc":{"start":{"line":405,"column":31},"end":{"line":405,"column":42}}},"33":{"name":"failureDescription","line":416,"loc":{"start":{"line":416,"column":4},"end":{"line":416,"column":47}}},"34":{"name":"suiteHref","line":433,"loc":{"start":{"line":433,"column":4},"end":{"line":433,"column":30}}},"35":{"name":"addDeprecationWarnings","line":444,"loc":{"start":{"line":444,"column":4},"end":{"line":444,"column":44}}},"36":{"name":"find","line":455,"loc":{"start":{"line":455,"column":4},"end":{"line":455,"column":28}}},"37":{"name":"clearPrior","line":459,"loc":{"start":{"line":459,"column":4},"end":{"line":459,"column":26}}},"38":{"name":"createDom","line":468,"loc":{"start":{"line":468,"column":4},"end":{"line":468,"column":53}}},"39":{"name":"pluralize","line":494,"loc":{"start":{"line":494,"column":4},"end":{"line":494,"column":40}}},"40":{"name":"specHref","line":500,"loc":{"start":{"line":500,"column":4},"end":{"line":500,"column":30}}},"41":{"name":"seedHref","line":504,"loc":{"start":{"line":504,"column":4},"end":{"line":504,"column":28}}},"42":{"name":"defaultQueryString","line":508,"loc":{"start":{"line":508,"column":4},"end":{"line":508,"column":44}}},"43":{"name":"setMenuModeTo","line":512,"loc":{"start":{"line":512,"column":4},"end":{"line":512,"column":33}}},"44":{"name":"noExpectations","line":516,"loc":{"start":{"line":516,"column":4},"end":{"line":516,"column":36}}},"45":{"name":"hasActiveSpec","line":521,"loc":{"start":{"line":521,"column":4},"end":{"line":521,"column":39}}},"46":{"name":"(anonymous_46)","line":539,"loc":{"start":{"line":539,"column":32},"end":{"line":539,"column":43}}},"47":{"name":"HtmlSpecFilter","line":540,"loc":{"start":{"line":540,"column":2},"end":{"line":540,"column":35}}},"48":{"name":"(anonymous_48)","line":544,"loc":{"start":{"line":544,"column":19},"end":{"line":544,"column":38}}},"49":{"name":"(anonymous_49)","line":552,"loc":{"start":{"line":552,"column":29},"end":{"line":552,"column":40}}},"50":{"name":"ResultsNode","line":553,"loc":{"start":{"line":553,"column":2},"end":{"line":553,"column":45}}},"51":{"name":"(anonymous_51)","line":560,"loc":{"start":{"line":560,"column":20},"end":{"line":560,"column":43}}},"52":{"name":"(anonymous_52)","line":564,"loc":{"start":{"line":564,"column":16},"end":{"line":564,"column":27}}},"53":{"name":"(anonymous_53)","line":568,"loc":{"start":{"line":568,"column":24},"end":{"line":568,"column":41}}},"54":{"name":"(anonymous_54)","line":576,"loc":{"start":{"line":576,"column":29},"end":{"line":576,"column":40}}},"55":{"name":"QueryString","line":577,"loc":{"start":{"line":577,"column":2},"end":{"line":577,"column":32}}},"56":{"name":"(anonymous_56)","line":579,"loc":{"start":{"line":579,"column":32},"end":{"line":579,"column":53}}},"57":{"name":"(anonymous_57)","line":583,"loc":{"start":{"line":583,"column":34},"end":{"line":583,"column":55}}},"58":{"name":"(anonymous_58)","line":589,"loc":{"start":{"line":589,"column":20},"end":{"line":589,"column":34}}},"59":{"name":"toQueryString","line":595,"loc":{"start":{"line":595,"column":4},"end":{"line":595,"column":37}}},"60":{"name":"queryStringToParamMap","line":603,"loc":{"start":{"line":603,"column":4},"end":{"line":603,"column":37}}}},"statementMap":{"1":{"start":{"line":23,"column":0},"end":{"line":28,"column":2}},"2":{"start":{"line":24,"column":2},"end":{"line":24,"column":48}},"3":{"start":{"line":25,"column":2},"end":{"line":25,"column":52}},"4":{"start":{"line":26,"column":2},"end":{"line":26,"column":48}},"5":{"start":{"line":27,"column":2},"end":{"line":27,"column":54}},"6":{"start":{"line":30,"column":0},"end":{"line":537,"column":2}},"7":{"start":{"line":32,"column":2},"end":{"line":35,"column":4}},"8":{"start":{"line":34,"column":26},"end":{"line":34,"column":35}},"9":{"start":{"line":37,"column":2},"end":{"line":43,"column":3}},"10":{"start":{"line":38,"column":4},"end":{"line":38,"column":55}},"11":{"start":{"line":39,"column":4},"end":{"line":39,"column":41}},"12":{"start":{"line":40,"column":4},"end":{"line":40,"column":27}},"13":{"start":{"line":41,"column":4},"end":{"line":41,"column":26}},"14":{"start":{"line":42,"column":4},"end":{"line":42,"column":30}},"15":{"start":{"line":45,"column":2},"end":{"line":48,"column":4}},"16":{"start":{"line":46,"column":4},"end":{"line":46,"column":49}},"17":{"start":{"line":47,"column":4},"end":{"line":47,"column":51}},"18":{"start":{"line":50,"column":2},"end":{"line":59,"column":4}},"19":{"start":{"line":51,"column":4},"end":{"line":51,"column":44}},"20":{"start":{"line":52,"column":4},"end":{"line":54,"column":5}},"21":{"start":{"line":53,"column":6},"end":{"line":53,"column":53}},"22":{"start":{"line":56,"column":4},"end":{"line":58,"column":5}},"23":{"start":{"line":57,"column":6},"end":{"line":57,"column":26}},"24":{"start":{"line":61,"column":2},"end":{"line":62,"column":4}},"25":{"start":{"line":64,"column":2},"end":{"line":78,"column":4}},"26":{"start":{"line":65,"column":4},"end":{"line":65,"column":48}},"27":{"start":{"line":67,"column":4},"end":{"line":69,"column":5}},"28":{"start":{"line":68,"column":6},"end":{"line":68,"column":27}},"29":{"start":{"line":71,"column":4},"end":{"line":73,"column":5}},"30":{"start":{"line":72,"column":6},"end":{"line":72,"column":26}},"31":{"start":{"line":75,"column":4},"end":{"line":77,"column":5}},"32":{"start":{"line":76,"column":6},"end":{"line":76,"column":30}},"33":{"start":{"line":82,"column":2},"end":{"line":534,"column":3}},"34":{"start":{"line":83,"column":4},"end":{"line":93,"column":31}},"35":{"start":{"line":83,"column":30},"end":{"line":83,"column":88}},"36":{"start":{"line":95,"column":4},"end":{"line":109,"column":6}},"37":{"start":{"line":96,"column":6},"end":{"line":96,"column":19}},"38":{"start":{"line":97,"column":6},"end":{"line":107,"column":8}},"39":{"start":{"line":108,"column":6},"end":{"line":108,"column":51}},"40":{"start":{"line":111,"column":4},"end":{"line":111,"column":26}},"41":{"start":{"line":112,"column":4},"end":{"line":115,"column":6}},"42":{"start":{"line":113,"column":6},"end":{"line":113,"column":57}},"43":{"start":{"line":114,"column":6},"end":{"line":114,"column":20}},"44":{"start":{"line":117,"column":4},"end":{"line":117,"column":67}},"45":{"start":{"line":119,"column":4},"end":{"line":119,"column":49}},"46":{"start":{"line":121,"column":4},"end":{"line":123,"column":6}},"47":{"start":{"line":122,"column":6},"end":{"line":122,"column":40}},"48":{"start":{"line":125,"column":4},"end":{"line":132,"column":6}},"49":{"start":{"line":126,"column":6},"end":{"line":126,"column":37}},"50":{"start":{"line":128,"column":6},"end":{"line":130,"column":7}},"51":{"start":{"line":129,"column":8},"end":{"line":129,"column":42}},"52":{"start":{"line":131,"column":6},"end":{"line":131,"column":37}},"53":{"start":{"line":134,"column":4},"end":{"line":136,"column":6}},"54":{"start":{"line":135,"column":6},"end":{"line":135,"column":39}},"55":{"start":{"line":138,"column":4},"end":{"line":138,"column":22}},"56":{"start":{"line":139,"column":4},"end":{"line":162,"column":6}},"57":{"start":{"line":140,"column":6},"end":{"line":140,"column":36}},"58":{"start":{"line":142,"column":6},"end":{"line":144,"column":7}},"59":{"start":{"line":143,"column":8},"end":{"line":143,"column":79}},"60":{"start":{"line":146,"column":6},"end":{"line":148,"column":7}},"61":{"start":{"line":147,"column":8},"end":{"line":147,"column":50}},"62":{"start":{"line":150,"column":6},"end":{"line":155,"column":9}},"63":{"start":{"line":157,"column":6},"end":{"line":159,"column":7}},"64":{"start":{"line":158,"column":8},"end":{"line":158,"column":42}},"65":{"start":{"line":161,"column":6},"end":{"line":161,"column":37}},"66":{"start":{"line":164,"column":4},"end":{"line":166,"column":6}},"67":{"start":{"line":165,"column":6},"end":{"line":165,"column":89}},"68":{"start":{"line":168,"column":4},"end":{"line":173,"column":6}},"69":{"start":{"line":169,"column":6},"end":{"line":171,"column":7}},"70":{"start":{"line":170,"column":8},"end":{"line":170,"column":90}},"71":{"start":{"line":172,"column":6},"end":{"line":172,"column":33}},"72":{"start":{"line":175,"column":4},"end":{"line":280,"column":6}},"73":{"start":{"line":176,"column":6},"end":{"line":176,"column":43}},"74":{"start":{"line":177,"column":6},"end":{"line":177,"column":41}},"75":{"start":{"line":178,"column":6},"end":{"line":178,"column":49}},"76":{"start":{"line":179,"column":6},"end":{"line":179,"column":12}},"77":{"start":{"line":180,"column":6},"end":{"line":180,"column":123}},"78":{"start":{"line":182,"column":6},"end":{"line":182,"column":48}},"79":{"start":{"line":184,"column":6},"end":{"line":192,"column":7}},"80":{"start":{"line":185,"column":8},"end":{"line":185,"column":115}},"81":{"start":{"line":186,"column":8},"end":{"line":186,"column":63}},"82":{"start":{"line":187,"column":8},"end":{"line":191,"column":10}},"83":{"start":{"line":193,"column":6},"end":{"line":193,"column":32}},"84":{"start":{"line":194,"column":6},"end":{"line":194,"column":69}},"85":{"start":{"line":195,"column":6},"end":{"line":195,"column":79}},"86":{"start":{"line":196,"column":6},"end":{"line":196,"column":73}},"87":{"start":{"line":198,"column":6},"end":{"line":201,"column":7}},"88":{"start":{"line":199,"column":8},"end":{"line":199,"column":131}},"89":{"start":{"line":200,"column":8},"end":{"line":200,"column":131}},"90":{"start":{"line":200,"column":45},"end":{"line":200,"column":129}},"91":{"start":{"line":203,"column":6},"end":{"line":210,"column":7}},"92":{"start":{"line":204,"column":8},"end":{"line":204,"column":49}},"93":{"start":{"line":205,"column":13},"end":{"line":210,"column":7}},"94":{"start":{"line":206,"column":8},"end":{"line":206,"column":53}},"95":{"start":{"line":207,"column":8},"end":{"line":207,"column":98}},"96":{"start":{"line":209,"column":8},"end":{"line":209,"column":49}},"97":{"start":{"line":212,"column":6},"end":{"line":212,"column":18}},"98":{"start":{"line":213,"column":6},"end":{"line":218,"column":7}},"99":{"start":{"line":214,"column":8},"end":{"line":217,"column":10}},"100":{"start":{"line":220,"column":6},"end":{"line":220,"column":103}},"101":{"start":{"line":222,"column":6},"end":{"line":222,"column":60}},"102":{"start":{"line":223,"column":6},"end":{"line":223,"column":46}},"103":{"start":{"line":225,"column":6},"end":{"line":227,"column":7}},"104":{"start":{"line":226,"column":8},"end":{"line":226,"column":118}},"105":{"start":{"line":229,"column":6},"end":{"line":241,"column":7}},"106":{"start":{"line":230,"column":8},"end":{"line":240,"column":9}},"107":{"start":{"line":231,"column":10},"end":{"line":231,"column":66}},"108":{"start":{"line":233,"column":10},"end":{"line":237,"column":11}},"109":{"start":{"line":234,"column":12},"end":{"line":234,"column":82}},"110":{"start":{"line":236,"column":12},"end":{"line":236,"column":26}},"111":{"start":{"line":239,"column":10},"end":{"line":239,"column":57}},"112":{"start":{"line":243,"column":6},"end":{"line":243,"column":41}},"113":{"start":{"line":245,"column":6},"end":{"line":245,"column":62}},"114":{"start":{"line":246,"column":6},"end":{"line":249,"column":7}},"115":{"start":{"line":247,"column":8},"end":{"line":247,"column":45}},"116":{"start":{"line":248,"column":8},"end":{"line":248,"column":106}},"117":{"start":{"line":251,"column":6},"end":{"line":251,"column":45}},"118":{"start":{"line":252,"column":6},"end":{"line":252,"column":35}},"119":{"start":{"line":254,"column":6},"end":{"line":254,"column":52}},"120":{"start":{"line":256,"column":6},"end":{"line":279,"column":7}},"121":{"start":{"line":257,"column":8},"end":{"line":260,"column":90}},"122":{"start":{"line":261,"column":8},"end":{"line":264,"column":52}},"123":{"start":{"line":266,"column":8},"end":{"line":268,"column":10}},"124":{"start":{"line":267,"column":10},"end":{"line":267,"column":48}},"125":{"start":{"line":269,"column":8},"end":{"line":271,"column":10}},"126":{"start":{"line":270,"column":10},"end":{"line":270,"column":45}},"127":{"start":{"line":273,"column":8},"end":{"line":273,"column":46}},"128":{"start":{"line":275,"column":8},"end":{"line":275,"column":52}},"129":{"start":{"line":276,"column":8},"end":{"line":278,"column":9}},"130":{"start":{"line":277,"column":10},"end":{"line":277,"column":47}},"131":{"start":{"line":282,"column":4},"end":{"line":282,"column":16}},"132":{"start":{"line":284,"column":4},"end":{"line":299,"column":5}},"133":{"start":{"line":285,"column":6},"end":{"line":289,"column":10}},"134":{"start":{"line":290,"column":6},"end":{"line":290,"column":43}},"135":{"start":{"line":292,"column":6},"end":{"line":296,"column":7}},"136":{"start":{"line":293,"column":8},"end":{"line":293,"column":55}},"137":{"start":{"line":294,"column":8},"end":{"line":294,"column":107}},"138":{"start":{"line":295,"column":8},"end":{"line":295,"column":102}},"139":{"start":{"line":298,"column":6},"end":{"line":298,"column":21}},"140":{"start":{"line":301,"column":4},"end":{"line":340,"column":5}},"141":{"start":{"line":302,"column":6},"end":{"line":302,"column":23}},"142":{"start":{"line":303,"column":6},"end":{"line":339,"column":7}},"143":{"start":{"line":304,"column":8},"end":{"line":304,"column":49}},"144":{"start":{"line":305,"column":8},"end":{"line":307,"column":9}},"145":{"start":{"line":306,"column":10},"end":{"line":306,"column":19}},"146":{"start":{"line":308,"column":8},"end":{"line":317,"column":9}},"147":{"start":{"line":309,"column":10},"end":{"line":313,"column":12}},"148":{"start":{"line":315,"column":10},"end":{"line":315,"column":49}},"149":{"start":{"line":316,"column":10},"end":{"line":316,"column":47}},"150":{"start":{"line":318,"column":8},"end":{"line":338,"column":9}},"151":{"start":{"line":319,"column":10},"end":{"line":322,"column":11}},"152":{"start":{"line":320,"column":12},"end":{"line":320,"column":73}},"153":{"start":{"line":321,"column":12},"end":{"line":321,"column":48}},"154":{"start":{"line":323,"column":10},"end":{"line":323,"column":62}},"155":{"start":{"line":324,"column":10},"end":{"line":326,"column":11}},"156":{"start":{"line":325,"column":12},"end":{"line":325,"column":76}},"157":{"start":{"line":327,"column":10},"end":{"line":329,"column":11}},"158":{"start":{"line":328,"column":12},"end":{"line":328,"column":108}},"159":{"start":{"line":330,"column":10},"end":{"line":337,"column":12}},"160":{"start":{"line":342,"column":4},"end":{"line":414,"column":5}},"161":{"start":{"line":343,"column":6},"end":{"line":375,"column":8}},"162":{"start":{"line":377,"column":6},"end":{"line":377,"column":80}},"163":{"start":{"line":378,"column":6},"end":{"line":378,"column":49}},"164":{"start":{"line":379,"column":6},"end":{"line":381,"column":8}},"165":{"start":{"line":380,"column":8},"end":{"line":380,"column":59}},"166":{"start":{"line":383,"column":6},"end":{"line":383,"column":82}},"167":{"start":{"line":384,"column":6},"end":{"line":384,"column":55}},"168":{"start":{"line":385,"column":6},"end":{"line":387,"column":8}},"169":{"start":{"line":386,"column":8},"end":{"line":386,"column":73}},"170":{"start":{"line":389,"column":6},"end":{"line":389,"column":81}},"171":{"start":{"line":390,"column":6},"end":{"line":390,"column":45}},"172":{"start":{"line":391,"column":6},"end":{"line":393,"column":8}},"173":{"start":{"line":392,"column":8},"end":{"line":392,"column":55}},"174":{"start":{"line":395,"column":6},"end":{"line":395,"column":80}},"175":{"start":{"line":396,"column":6},"end":{"line":396,"column":49}},"176":{"start":{"line":397,"column":6},"end":{"line":399,"column":8}},"177":{"start":{"line":398,"column":8},"end":{"line":398,"column":67}},"178":{"start":{"line":401,"column":6},"end":{"line":403,"column":36}},"179":{"start":{"line":405,"column":6},"end":{"line":411,"column":8}},"180":{"start":{"line":406,"column":8},"end":{"line":410,"column":9}},"181":{"start":{"line":407,"column":10},"end":{"line":407,"column":82}},"182":{"start":{"line":409,"column":10},"end":{"line":409,"column":54}},"183":{"start":{"line":413,"column":6},"end":{"line":413,"column":28}},"184":{"start":{"line":416,"column":4},"end":{"line":431,"column":5}},"185":{"start":{"line":417,"column":6},"end":{"line":419,"column":8}},"186":{"start":{"line":420,"column":6},"end":{"line":420,"column":20}},"187":{"start":{"line":422,"column":6},"end":{"line":428,"column":7}},"188":{"start":{"line":423,"column":8},"end":{"line":423,"column":72}},"189":{"start":{"line":424,"column":8},"end":{"line":424,"column":87}},"190":{"start":{"line":425,"column":8},"end":{"line":425,"column":60}},"191":{"start":{"line":427,"column":8},"end":{"line":427,"column":29}},"192":{"start":{"line":430,"column":6},"end":{"line":430,"column":21}},"193":{"start":{"line":433,"column":4},"end":{"line":442,"column":5}},"194":{"start":{"line":434,"column":6},"end":{"line":434,"column":19}},"195":{"start":{"line":436,"column":6},"end":{"line":439,"column":7}},"196":{"start":{"line":437,"column":8},"end":{"line":437,"column":46}},"197":{"start":{"line":438,"column":8},"end":{"line":438,"column":29}},"198":{"start":{"line":441,"column":6},"end":{"line":441,"column":61}},"199":{"start":{"line":444,"column":4},"end":{"line":453,"column":5}},"200":{"start":{"line":445,"column":6},"end":{"line":452,"column":7}},"201":{"start":{"line":446,"column":8},"end":{"line":451,"column":9}},"202":{"start":{"line":447,"column":10},"end":{"line":447,"column":62}},"203":{"start":{"line":448,"column":10},"end":{"line":450,"column":11}},"204":{"start":{"line":449,"column":12},"end":{"line":449,"column":46}},"205":{"start":{"line":455,"column":4},"end":{"line":457,"column":5}},"206":{"start":{"line":456,"column":6},"end":{"line":456,"column":80}},"207":{"start":{"line":459,"column":4},"end":{"line":466,"column":5}},"208":{"start":{"line":461,"column":6},"end":{"line":461,"column":33}},"209":{"start":{"line":463,"column":6},"end":{"line":465,"column":7}},"210":{"start":{"line":464,"column":8},"end":{"line":464,"column":48}},"211":{"start":{"line":468,"column":4},"end":{"line":492,"column":5}},"212":{"start":{"line":469,"column":6},"end":{"line":469,"column":35}},"213":{"start":{"line":471,"column":6},"end":{"line":481,"column":7}},"214":{"start":{"line":472,"column":8},"end":{"line":472,"column":33}},"215":{"start":{"line":474,"column":8},"end":{"line":480,"column":9}},"216":{"start":{"line":475,"column":10},"end":{"line":475,"column":48}},"217":{"start":{"line":477,"column":10},"end":{"line":479,"column":11}},"218":{"start":{"line":478,"column":12},"end":{"line":478,"column":34}},"219":{"start":{"line":483,"column":6},"end":{"line":489,"column":7}},"220":{"start":{"line":484,"column":8},"end":{"line":488,"column":9}},"221":{"start":{"line":485,"column":10},"end":{"line":485,"column":33}},"222":{"start":{"line":487,"column":10},"end":{"line":487,"column":45}},"223":{"start":{"line":491,"column":6},"end":{"line":491,"column":16}},"224":{"start":{"line":494,"column":4},"end":{"line":498,"column":5}},"225":{"start":{"line":495,"column":6},"end":{"line":495,"column":58}},"226":{"start":{"line":497,"column":6},"end":{"line":497,"column":37}},"227":{"start":{"line":500,"column":4},"end":{"line":502,"column":5}},"228":{"start":{"line":501,"column":6},"end":{"line":501,"column":63}},"229":{"start":{"line":504,"column":4},"end":{"line":506,"column":5}},"230":{"start":{"line":505,"column":6},"end":{"line":505,"column":52}},"231":{"start":{"line":508,"column":4},"end":{"line":510,"column":5}},"232":{"start":{"line":509,"column":6},"end":{"line":509,"column":37}},"233":{"start":{"line":512,"column":4},"end":{"line":514,"column":5}},"234":{"start":{"line":513,"column":6},"end":{"line":513,"column":78}},"235":{"start":{"line":516,"column":4},"end":{"line":519,"column":5}},"236":{"start":{"line":517,"column":6},"end":{"line":518,"column":35}},"237":{"start":{"line":521,"column":4},"end":{"line":533,"column":5}},"238":{"start":{"line":522,"column":6},"end":{"line":524,"column":7}},"239":{"start":{"line":523,"column":8},"end":{"line":523,"column":20}},"240":{"start":{"line":526,"column":6},"end":{"line":532,"column":7}},"241":{"start":{"line":527,"column":8},"end":{"line":531,"column":9}},"242":{"start":{"line":528,"column":10},"end":{"line":530,"column":11}},"243":{"start":{"line":529,"column":12},"end":{"line":529,"column":24}},"244":{"start":{"line":536,"column":2},"end":{"line":536,"column":22}},"245":{"start":{"line":539,"column":0},"end":{"line":550,"column":2}},"246":{"start":{"line":540,"column":2},"end":{"line":547,"column":3}},"247":{"start":{"line":541,"column":4},"end":{"line":541,"column":127}},"248":{"start":{"line":542,"column":4},"end":{"line":542,"column":49}},"249":{"start":{"line":544,"column":4},"end":{"line":546,"column":6}},"250":{"start":{"line":545,"column":6},"end":{"line":545,"column":42}},"251":{"start":{"line":549,"column":2},"end":{"line":549,"column":24}},"252":{"start":{"line":552,"column":0},"end":{"line":574,"column":2}},"253":{"start":{"line":553,"column":2},"end":{"line":571,"column":3}},"254":{"start":{"line":554,"column":4},"end":{"line":554,"column":25}},"255":{"start":{"line":555,"column":4},"end":{"line":555,"column":21}},"256":{"start":{"line":556,"column":4},"end":{"line":556,"column":25}},"257":{"start":{"line":558,"column":4},"end":{"line":558,"column":23}},"258":{"start":{"line":560,"column":4},"end":{"line":562,"column":6}},"259":{"start":{"line":561,"column":6},"end":{"line":561,"column":62}},"260":{"start":{"line":564,"column":4},"end":{"line":566,"column":6}},"261":{"start":{"line":565,"column":6},"end":{"line":565,"column":53}},"262":{"start":{"line":568,"column":4},"end":{"line":570,"column":6}},"263":{"start":{"line":569,"column":6},"end":{"line":569,"column":27}},"264":{"start":{"line":573,"column":2},"end":{"line":573,"column":21}},"265":{"start":{"line":576,"column":0},"end":{"line":626,"column":2}},"266":{"start":{"line":577,"column":2},"end":{"line":623,"column":3}},"267":{"start":{"line":579,"column":4},"end":{"line":581,"column":6}},"268":{"start":{"line":580,"column":6},"end":{"line":580,"column":83}},"269":{"start":{"line":583,"column":4},"end":{"line":587,"column":6}},"270":{"start":{"line":584,"column":6},"end":{"line":584,"column":45}},"271":{"start":{"line":585,"column":6},"end":{"line":585,"column":28}},"272":{"start":{"line":586,"column":6},"end":{"line":586,"column":37}},"273":{"start":{"line":589,"column":4},"end":{"line":591,"column":6}},"274":{"start":{"line":590,"column":6},"end":{"line":590,"column":42}},"275":{"start":{"line":593,"column":4},"end":{"line":593,"column":16}},"276":{"start":{"line":595,"column":4},"end":{"line":601,"column":5}},"277":{"start":{"line":596,"column":6},"end":{"line":596,"column":25}},"278":{"start":{"line":597,"column":6},"end":{"line":599,"column":7}},"279":{"start":{"line":598,"column":8},"end":{"line":598,"column":92}},"280":{"start":{"line":600,"column":6},"end":{"line":600,"column":39}},"281":{"start":{"line":603,"column":4},"end":{"line":621,"column":5}},"282":{"start":{"line":604,"column":6},"end":{"line":606,"column":22}},"283":{"start":{"line":608,"column":6},"end":{"line":618,"column":7}},"284":{"start":{"line":609,"column":8},"end":{"line":609,"column":37}},"285":{"start":{"line":610,"column":8},"end":{"line":617,"column":9}},"286":{"start":{"line":611,"column":10},"end":{"line":611,"column":39}},"287":{"start":{"line":612,"column":10},"end":{"line":612,"column":47}},"288":{"start":{"line":613,"column":10},"end":{"line":615,"column":11}},"289":{"start":{"line":614,"column":12},"end":{"line":614,"column":38}},"290":{"start":{"line":616,"column":10},"end":{"line":616,"column":53}},"291":{"start":{"line":620,"column":6},"end":{"line":620,"column":22}},"292":{"start":{"line":625,"column":2},"end":{"line":625,"column":21}}},"branchMap":{"1":{"line":52,"type":"if","locations":[{"start":{"line":52,"column":4},"end":{"line":52,"column":4}},{"start":{"line":52,"column":4},"end":{"line":52,"column":4}}]},"2":{"line":56,"type":"if","locations":[{"start":{"line":56,"column":4},"end":{"line":56,"column":4}},{"start":{"line":56,"column":4},"end":{"line":56,"column":4}}]},"3":{"line":67,"type":"if","locations":[{"start":{"line":67,"column":4},"end":{"line":67,"column":4}},{"start":{"line":67,"column":4},"end":{"line":67,"column":4}}]},"4":{"line":71,"type":"if","locations":[{"start":{"line":71,"column":4},"end":{"line":71,"column":4}},{"start":{"line":71,"column":4},"end":{"line":71,"column":4}}]},"5":{"line":75,"type":"if","locations":[{"start":{"line":75,"column":4},"end":{"line":75,"column":4}},{"start":{"line":75,"column":4},"end":{"line":75,"column":4}}]},"6":{"line":83,"type":"binary-expr","locations":[{"start":{"line":83,"column":38},"end":{"line":83,"column":49}},{"start":{"line":83,"column":53},"end":{"line":83,"column":80}},{"start":{"line":83,"column":85},"end":{"line":83,"column":87}}]},"7":{"line":87,"type":"binary-expr","locations":[{"start":{"line":87,"column":29},"end":{"line":87,"column":57}},{"start":{"line":87,"column":61},"end":{"line":87,"column":74}}]},"8":{"line":88,"type":"binary-expr","locations":[{"start":{"line":88,"column":33},"end":{"line":88,"column":65}},{"start":{"line":88,"column":69},"end":{"line":88,"column":87}}]},"9":{"line":90,"type":"binary-expr","locations":[{"start":{"line":90,"column":14},"end":{"line":90,"column":27}},{"start":{"line":90,"column":31},"end":{"line":90,"column":40}}]},"10":{"line":113,"type":"binary-expr","locations":[{"start":{"line":113,"column":26},"end":{"line":113,"column":51}},{"start":{"line":113,"column":55},"end":{"line":113,"column":56}}]},"11":{"line":128,"type":"if","locations":[{"start":{"line":128,"column":6},"end":{"line":128,"column":6}},{"start":{"line":128,"column":6},"end":{"line":128,"column":6}}]},"12":{"line":142,"type":"if","locations":[{"start":{"line":142,"column":6},"end":{"line":142,"column":6}},{"start":{"line":142,"column":6},"end":{"line":142,"column":6}}]},"13":{"line":142,"type":"binary-expr","locations":[{"start":{"line":142,"column":9},"end":{"line":142,"column":31}},{"start":{"line":142,"column":35},"end":{"line":142,"column":65}},{"start":{"line":142,"column":69},"end":{"line":142,"column":105}}]},"14":{"line":146,"type":"if","locations":[{"start":{"line":146,"column":6},"end":{"line":146,"column":6}},{"start":{"line":146,"column":6},"end":{"line":146,"column":6}}]},"15":{"line":157,"type":"if","locations":[{"start":{"line":157,"column":6},"end":{"line":157,"column":6}},{"start":{"line":157,"column":6},"end":{"line":157,"column":6}}]},"16":{"line":165,"type":"cond-expr","locations":[{"start":{"line":165,"column":38},"end":{"line":165,"column":53}},{"start":{"line":165,"column":56},"end":{"line":165,"column":88}}]},"17":{"line":169,"type":"if","locations":[{"start":{"line":169,"column":6},"end":{"line":169,"column":6}},{"start":{"line":169,"column":6},"end":{"line":169,"column":6}}]},"18":{"line":170,"type":"cond-expr","locations":[{"start":{"line":170,"column":39},"end":{"line":170,"column":68}},{"start":{"line":170,"column":71},"end":{"line":170,"column":89}}]},"19":{"line":178,"type":"binary-expr","locations":[{"start":{"line":178,"column":18},"end":{"line":178,"column":28}},{"start":{"line":178,"column":32},"end":{"line":178,"column":48}}]},"20":{"line":184,"type":"if","locations":[{"start":{"line":184,"column":6},"end":{"line":184,"column":6}},{"start":{"line":184,"column":6},"end":{"line":184,"column":6}}]},"21":{"line":195,"type":"binary-expr","locations":[{"start":{"line":195,"column":28},"end":{"line":195,"column":38}},{"start":{"line":195,"column":42},"end":{"line":195,"column":71}},{"start":{"line":195,"column":76},"end":{"line":195,"column":78}}]},"22":{"line":198,"type":"if","locations":[{"start":{"line":198,"column":6},"end":{"line":198,"column":6}},{"start":{"line":198,"column":6},"end":{"line":198,"column":6}}]},"23":{"line":198,"type":"binary-expr","locations":[{"start":{"line":198,"column":10},"end":{"line":198,"column":31}},{"start":{"line":198,"column":35},"end":{"line":198,"column":41}}]},"24":{"line":200,"type":"if","locations":[{"start":{"line":200,"column":8},"end":{"line":200,"column":8}},{"start":{"line":200,"column":8},"end":{"line":200,"column":8}}]},"25":{"line":203,"type":"if","locations":[{"start":{"line":203,"column":6},"end":{"line":203,"column":6}},{"start":{"line":203,"column":6},"end":{"line":203,"column":6}}]},"26":{"line":205,"type":"if","locations":[{"start":{"line":205,"column":13},"end":{"line":205,"column":13}},{"start":{"line":205,"column":13},"end":{"line":205,"column":13}}]},"27":{"line":213,"type":"if","locations":[{"start":{"line":213,"column":6},"end":{"line":213,"column":6}},{"start":{"line":213,"column":6},"end":{"line":213,"column":6}}]},"28":{"line":213,"type":"binary-expr","locations":[{"start":{"line":213,"column":10},"end":{"line":213,"column":15}},{"start":{"line":213,"column":19},"end":{"line":213,"column":31}}]},"29":{"line":230,"type":"if","locations":[{"start":{"line":230,"column":8},"end":{"line":230,"column":8}},{"start":{"line":230,"column":8},"end":{"line":230,"column":8}}]},"30":{"line":233,"type":"if","locations":[{"start":{"line":233,"column":10},"end":{"line":233,"column":10}},{"start":{"line":233,"column":10},"end":{"line":233,"column":10}}]},"31":{"line":256,"type":"if","locations":[{"start":{"line":256,"column":6},"end":{"line":256,"column":6}},{"start":{"line":256,"column":6},"end":{"line":256,"column":6}}]},"32":{"line":305,"type":"if","locations":[{"start":{"line":305,"column":8},"end":{"line":305,"column":8}},{"start":{"line":305,"column":8},"end":{"line":305,"column":8}}]},"33":{"line":305,"type":"binary-expr","locations":[{"start":{"line":305,"column":12},"end":{"line":305,"column":23}},{"start":{"line":305,"column":27},"end":{"line":305,"column":53}}]},"34":{"line":308,"type":"if","locations":[{"start":{"line":308,"column":8},"end":{"line":308,"column":8}},{"start":{"line":308,"column":8},"end":{"line":308,"column":8}}]},"35":{"line":318,"type":"if","locations":[{"start":{"line":318,"column":8},"end":{"line":318,"column":8}},{"start":{"line":318,"column":8},"end":{"line":318,"column":8}}]},"36":{"line":319,"type":"if","locations":[{"start":{"line":319,"column":10},"end":{"line":319,"column":10}},{"start":{"line":319,"column":10},"end":{"line":319,"column":10}}]},"37":{"line":324,"type":"if","locations":[{"start":{"line":324,"column":10},"end":{"line":324,"column":10}},{"start":{"line":324,"column":10},"end":{"line":324,"column":10}}]},"38":{"line":327,"type":"if","locations":[{"start":{"line":327,"column":10},"end":{"line":327,"column":10}},{"start":{"line":327,"column":10},"end":{"line":327,"column":10}}]},"39":{"line":327,"type":"binary-expr","locations":[{"start":{"line":327,"column":13},"end":{"line":327,"column":51}},{"start":{"line":327,"column":55},"end":{"line":327,"column":93}}]},"40":{"line":406,"type":"if","locations":[{"start":{"line":406,"column":8},"end":{"line":406,"column":8}},{"start":{"line":406,"column":8},"end":{"line":406,"column":8}}]},"41":{"line":422,"type":"binary-expr","locations":[{"start":{"line":422,"column":13},"end":{"line":422,"column":18}},{"start":{"line":422,"column":22},"end":{"line":422,"column":34}}]},"42":{"line":436,"type":"binary-expr","locations":[{"start":{"line":436,"column":13},"end":{"line":436,"column":18}},{"start":{"line":436,"column":22},"end":{"line":436,"column":34}}]},"43":{"line":445,"type":"if","locations":[{"start":{"line":445,"column":6},"end":{"line":445,"column":6}},{"start":{"line":445,"column":6},"end":{"line":445,"column":6}}]},"44":{"line":445,"type":"binary-expr","locations":[{"start":{"line":445,"column":10},"end":{"line":445,"column":16}},{"start":{"line":445,"column":20},"end":{"line":445,"column":46}}]},"45":{"line":448,"type":"if","locations":[{"start":{"line":448,"column":10},"end":{"line":448,"column":10}},{"start":{"line":448,"column":10},"end":{"line":448,"column":10}}]},"46":{"line":463,"type":"if","locations":[{"start":{"line":463,"column":6},"end":{"line":463,"column":6}},{"start":{"line":463,"column":6},"end":{"line":463,"column":6}}]},"47":{"line":474,"type":"if","locations":[{"start":{"line":474,"column":8},"end":{"line":474,"column":8}},{"start":{"line":474,"column":8},"end":{"line":474,"column":8}}]},"48":{"line":477,"type":"if","locations":[{"start":{"line":477,"column":10},"end":{"line":477,"column":10}},{"start":{"line":477,"column":10},"end":{"line":477,"column":10}}]},"49":{"line":484,"type":"if","locations":[{"start":{"line":484,"column":8},"end":{"line":484,"column":8}},{"start":{"line":484,"column":8},"end":{"line":484,"column":8}}]},"50":{"line":495,"type":"cond-expr","locations":[{"start":{"line":495,"column":31},"end":{"line":495,"column":39}},{"start":{"line":495,"column":42},"end":{"line":495,"column":56}}]},"51":{"line":517,"type":"binary-expr","locations":[{"start":{"line":517,"column":13},"end":{"line":517,"column":88}},{"start":{"line":518,"column":8},"end":{"line":518,"column":34}}]},"52":{"line":522,"type":"if","locations":[{"start":{"line":522,"column":6},"end":{"line":522,"column":6}},{"start":{"line":522,"column":6},"end":{"line":522,"column":6}}]},"53":{"line":522,"type":"binary-expr","locations":[{"start":{"line":522,"column":10},"end":{"line":522,"column":35}},{"start":{"line":522,"column":39},"end":{"line":522,"column":77}}]},"54":{"line":526,"type":"if","locations":[{"start":{"line":526,"column":6},"end":{"line":526,"column":6}},{"start":{"line":526,"column":6},"end":{"line":526,"column":6}}]},"55":{"line":528,"type":"if","locations":[{"start":{"line":528,"column":10},"end":{"line":528,"column":10}},{"start":{"line":528,"column":10},"end":{"line":528,"column":10}}]},"56":{"line":541,"type":"binary-expr","locations":[{"start":{"line":541,"column":23},"end":{"line":541,"column":30}},{"start":{"line":541,"column":34},"end":{"line":541,"column":56}},{"start":{"line":541,"column":60},"end":{"line":541,"column":126}}]},"57":{"line":608,"type":"if","locations":[{"start":{"line":608,"column":6},"end":{"line":608,"column":6}},{"start":{"line":608,"column":6},"end":{"line":608,"column":6}}]},"58":{"line":613,"type":"if","locations":[{"start":{"line":613,"column":10},"end":{"line":613,"column":10}},{"start":{"line":613,"column":10},"end":{"line":613,"column":10}}]},"59":{"line":613,"type":"binary-expr","locations":[{"start":{"line":613,"column":14},"end":{"line":613,"column":30}},{"start":{"line":613,"column":34},"end":{"line":613,"column":51}}]}}},"/Users/michaelnguyen/Makers/week_10/GildedRose-Refactoring-Kata/js-jasmine/lib/jasmine-3.3.0/jasmine.js":{"path":"/Users/michaelnguyen/Makers/week_10/GildedRose-Refactoring-Kata/js-jasmine/lib/jasmine-3.3.0/jasmine.js","s":{"1":0,"2":0,"3":0,"4":0,"5":0,"6":0,"7":0,"8":0,"9":0,"10":0,"11":0,"12":0,"13":0,"14":0,"15":0,"16":0,"17":0,"18":0,"19":0,"20":0,"21":0,"22":0,"23":0,"24":0,"25":0,"26":0,"27":0,"28":0,"29":0,"30":0,"31":0,"32":0,"33":0,"34":0,"35":0,"36":0,"37":0,"38":0,"39":0,"40":0,"41":0,"42":0,"43":0,"44":0,"45":0,"46":0,"47":0,"48":0,"49":0,"50":0,"51":0,"52":0,"53":0,"54":0,"55":0,"56":0,"57":0,"58":0,"59":0,"60":0,"61":0,"62":0,"63":0,"64":0,"65":0,"66":0,"67":0,"68":0,"69":0,"70":0,"71":0,"72":0,"73":0,"74":0,"75":0,"76":0,"77":0,"78":0,"79":0,"80":0,"81":0,"82":0,"83":0,"84":0,"85":0,"86":0,"87":0,"88":0,"89":0,"90":0,"91":0,"92":0,"93":0,"94":0,"95":0,"96":0,"97":0,"98":0,"99":0,"100":0,"101":0,"102":0,"103":0,"104":0,"105":0,"106":0,"107":0,"108":0,"109":0,"110":0,"111":0,"112":0,"113":0,"114":0,"115":0,"116":0,"117":0,"118":0,"119":0,"120":0,"121":0,"122":0,"123":0,"124":0,"125":0,"126":0,"127":0,"128":0,"129":0,"130":0,"131":0,"132":0,"133":0,"134":0,"135":0,"136":0,"137":0,"138":0,"139":0,"140":0,"141":0,"142":0,"143":0,"144":0,"145":0,"146":0,"147":0,"148":0,"149":0,"150":0,"151":0,"152":0,"153":0,"154":0,"155":0,"156":0,"157":0,"158":0,"159":0,"160":0,"161":0,"162":0,"163":0,"164":0,"165":0,"166":0,"167":0,"168":0,"169":0,"170":0,"171":0,"172":0,"173":0,"174":0,"175":0,"176":0,"177":0,"178":0,"179":0,"180":0,"181":0,"182":0,"183":0,"184":0,"185":0,"186":0,"187":0,"188":0,"189":0,"190":0,"191":0,"192":0,"193":0,"194":0,"195":0,"196":0,"197":0,"198":0,"199":0,"200":0,"201":0,"202":0,"203":0,"204":0,"205":0,"206":0,"207":0,"208":0,"209":0,"210":0,"211":0,"212":0,"213":0,"214":0,"215":0,"216":0,"217":0,"218":0,"219":0,"220":0,"221":0,"222":0,"223":0,"224":0,"225":0,"226":0,"227":0,"228":0,"229":0,"230":0,"231":0,"232":0,"233":0,"234":0,"235":0,"236":0,"237":0,"238":0,"239":0,"240":0,"241":0,"242":0,"243":0,"244":0,"245":0,"246":0,"247":0,"248":0,"249":0,"250":0,"251":0,"252":0,"253":0,"254":0,"255":0,"256":0,"257":0,"258":0,"259":0,"260":0,"261":0,"262":0,"263":0,"264":0,"265":0,"266":0,"267":0,"268":0,"269":0,"270":0,"271":0,"272":0,"273":0,"274":0,"275":0,"276":0,"277":0,"278":0,"279":0,"280":0,"281":0,"282":0,"283":0,"284":0,"285":0,"286":0,"287":0,"288":0,"289":0,"290":0,"291":0,"292":0,"293":0,"294":0,"295":0,"296":0,"297":0,"298":0,"299":0,"300":0,"301":0,"302":0,"303":0,"304":0,"305":0,"306":0,"307":0,"308":0,"309":0,"310":0,"311":0,"312":0,"313":0,"314":0,"315":0,"316":0,"317":0,"318":0,"319":0,"320":0,"321":0,"322":0,"323":0,"324":0,"325":0,"326":0,"327":0,"328":0,"329":0,"330":0,"331":0,"332":0,"333":0,"334":0,"335":0,"336":0,"337":0,"338":0,"339":0,"340":0,"341":0,"342":0,"343":0,"344":0,"345":0,"346":0,"347":0,"348":0,"349":0,"350":0,"351":0,"352":0,"353":0,"354":0,"355":0,"356":0,"357":0,"358":0,"359":0,"360":0,"361":0,"362":0,"363":0,"364":0,"365":0,"366":0,"367":0,"368":0,"369":0,"370":0,"371":0,"372":0,"373":0,"374":0,"375":0,"376":0,"377":0,"378":0,"379":0,"380":0,"381":0,"382":0,"383":0,"384":0,"385":0,"386":0,"387":0,"388":0,"389":0,"390":0,"391":0,"392":0,"393":0,"394":0,"395":0,"396":0,"397":0,"398":0,"399":0,"400":0,"401":0,"402":0,"403":0,"404":0,"405":0,"406":0,"407":0,"408":0,"409":0,"410":0,"411":0,"412":0,"413":0,"414":0,"415":0,"416":0,"417":0,"418":0,"419":0,"420":0,"421":0,"422":0,"423":0,"424":0,"425":0,"426":0,"427":0,"428":0,"429":0,"430":0,"431":0,"432":0,"433":0,"434":0,"435":0,"436":0,"437":0,"438":0,"439":0,"440":0,"441":0,"442":0,"443":0,"444":0,"445":0,"446":0,"447":0,"448":0,"449":0,"450":0,"451":0,"452":0,"453":0,"454":0,"455":0,"456":0,"457":0,"458":0,"459":0,"460":0,"461":0,"462":0,"463":0,"464":0,"465":0,"466":0,"467":0,"468":0,"469":0,"470":0,"471":0,"472":0,"473":0,"474":0,"475":0,"476":0,"477":0,"478":0,"479":0,"480":0,"481":0,"482":0,"483":0,"484":0,"485":0,"486":0,"487":0,"488":0,"489":0,"490":0,"491":0,"492":0,"493":0,"494":0,"495":0,"496":0,"497":0,"498":0,"499":0,"500":0,"501":0,"502":0,"503":0,"504":0,"505":0,"506":0,"507":0,"508":0,"509":0,"510":0,"511":0,"512":0,"513":0,"514":0,"515":0,"516":0,"517":0,"518":0,"519":0,"520":0,"521":0,"522":0,"523":0,"524":0,"525":0,"526":0,"527":0,"528":0,"529":0,"530":0,"531":0,"532":0,"533":0,"534":0,"535":0,"536":0,"537":0,"538":0,"539":0,"540":0,"541":0,"542":0,"543":0,"544":0,"545":0,"546":0,"547":0,"548":0,"549":0,"550":0,"551":0,"552":0,"553":0,"554":0,"555":0,"556":0,"557":0,"558":0,"559":0,"560":0,"561":0,"562":0,"563":0,"564":0,"565":0,"566":0,"567":0,"568":0,"569":0,"570":0,"571":0,"572":0,"573":0,"574":0,"575":0,"576":0,"577":0,"578":0,"579":0,"580":0,"581":0,"582":0,"583":0,"584":0,"585":0,"586":0,"587":0,"588":0,"589":0,"590":0,"591":0,"592":0,"593":0,"594":0,"595":0,"596":0,"597":0,"598":0,"599":0,"600":0,"601":0,"602":0,"603":0,"604":0,"605":0,"606":0,"607":0,"608":0,"609":0,"610":0,"611":0,"612":0,"613":0,"614":0,"615":0,"616":0,"617":0,"618":0,"619":0,"620":0,"621":0,"622":0,"623":0,"624":0,"625":0,"626":0,"627":0,"628":0,"629":0,"630":0,"631":0,"632":0,"633":0,"634":0,"635":0,"636":0,"637":0,"638":0,"639":0,"640":0,"641":0,"642":0,"643":0,"644":0,"645":0,"646":0,"647":0,"648":0,"649":0,"650":0,"651":0,"652":0,"653":0,"654":0,"655":0,"656":0,"657":0,"658":0,"659":0,"660":0,"661":0,"662":0,"663":0,"664":0,"665":0,"666":0,"667":0,"668":0,"669":0,"670":0,"671":0,"672":0,"673":0,"674":0,"675":0,"676":0,"677":0,"678":0,"679":0,"680":0,"681":0,"682":0,"683":0,"684":0,"685":0,"686":0,"687":0,"688":0,"689":0,"690":0,"691":0,"692":0,"693":0,"694":0,"695":0,"696":0,"697":0,"698":0,"699":0,"700":0,"701":0,"702":0,"703":0,"704":0,"705":0,"706":0,"707":0,"708":0,"709":0,"710":0,"711":0,"712":0,"713":0,"714":0,"715":0,"716":0,"717":0,"718":0,"719":0,"720":0,"721":0,"722":0,"723":0,"724":0,"725":0,"726":0,"727":0,"728":0,"729":0,"730":0,"731":0,"732":0,"733":0,"734":0,"735":0,"736":0,"737":0,"738":0,"739":0,"740":0,"741":0,"742":0,"743":0,"744":0,"745":0,"746":0,"747":0,"748":0,"749":0,"750":0,"751":0,"752":0,"753":0,"754":0,"755":0,"756":0,"757":0,"758":0,"759":0,"760":0,"761":0,"762":0,"763":0,"764":0,"765":0,"766":0,"767":0,"768":0,"769":0,"770":0,"771":0,"772":0,"773":0,"774":0,"775":0,"776":0,"777":0,"778":0,"779":0,"780":0,"781":0,"782":0,"783":0,"784":0,"785":0,"786":0,"787":0,"788":0,"789":0,"790":0,"791":0,"792":0,"793":0,"794":0,"795":0,"796":0,"797":0,"798":0,"799":0,"800":0,"801":0,"802":0,"803":0,"804":0,"805":0,"806":0,"807":0,"808":0,"809":0,"810":0,"811":0,"812":0,"813":0,"814":0,"815":0,"816":0,"817":0,"818":0,"819":0,"820":0,"821":0,"822":0,"823":0,"824":0,"825":0,"826":0,"827":0,"828":0,"829":0,"830":0,"831":0,"832":0,"833":0,"834":0,"835":0,"836":0,"837":0,"838":0,"839":0,"840":0,"841":0,"842":0,"843":0,"844":0,"845":0,"846":0,"847":0,"848":0,"849":0,"850":0,"851":0,"852":0,"853":0,"854":0,"855":0,"856":0,"857":0,"858":0,"859":0,"860":0,"861":0,"862":0,"863":0,"864":0,"865":0,"866":0,"867":0,"868":0,"869":0,"870":0,"871":0,"872":0,"873":0,"874":0,"875":0,"876":0,"877":0,"878":0,"879":0,"880":0,"881":0,"882":0,"883":0,"884":0,"885":0,"886":0,"887":0,"888":0,"889":0,"890":0,"891":0,"892":0,"893":0,"894":0,"895":0,"896":0,"897":0,"898":0,"899":0,"900":0,"901":0,"902":0,"903":0,"904":0,"905":0,"906":0,"907":0,"908":0,"909":0,"910":0,"911":0,"912":0,"913":0,"914":0,"915":0,"916":0,"917":0,"918":0,"919":0,"920":0,"921":0,"922":0,"923":0,"924":0,"925":0,"926":0,"927":0,"928":0,"929":0,"930":0,"931":0,"932":0,"933":0,"934":0,"935":0,"936":0,"937":0,"938":0,"939":0,"940":0,"941":0,"942":0,"943":0,"944":0,"945":0,"946":0,"947":0,"948":0,"949":0,"950":0,"951":0,"952":0,"953":0,"954":0,"955":0,"956":0,"957":0,"958":0,"959":0,"960":0,"961":0,"962":0,"963":0,"964":0,"965":0,"966":0,"967":0,"968":0,"969":0,"970":0,"971":0,"972":0,"973":0,"974":0,"975":0,"976":0,"977":0,"978":0,"979":0,"980":0,"981":0,"982":0,"983":0,"984":0,"985":0,"986":0,"987":0,"988":0,"989":0,"990":0,"991":0,"992":0,"993":0,"994":0,"995":0,"996":0,"997":0,"998":0,"999":0,"1000":0,"1001":0,"1002":0,"1003":0,"1004":0,"1005":0,"1006":0,"1007":0,"1008":0,"1009":0,"1010":0,"1011":0,"1012":0,"1013":0,"1014":0,"1015":0,"1016":0,"1017":0,"1018":0,"1019":0,"1020":0,"1021":0,"1022":0,"1023":0,"1024":0,"1025":0,"1026":0,"1027":0,"1028":0,"1029":0,"1030":0,"1031":0,"1032":0,"1033":0,"1034":0,"1035":0,"1036":0,"1037":0,"1038":0,"1039":0,"1040":0,"1041":0,"1042":0,"1043":0,"1044":0,"1045":0,"1046":0,"1047":0,"1048":0,"1049":0,"1050":0,"1051":0,"1052":0,"1053":0,"1054":0,"1055":0,"1056":0,"1057":0,"1058":0,"1059":0,"1060":0,"1061":0,"1062":0,"1063":0,"1064":0,"1065":0,"1066":0,"1067":0,"1068":0,"1069":0,"1070":0,"1071":0,"1072":0,"1073":0,"1074":0,"1075":0,"1076":0,"1077":0,"1078":0,"1079":0,"1080":0,"1081":0,"1082":0,"1083":0,"1084":0,"1085":0,"1086":0,"1087":0,"1088":0,"1089":0,"1090":0,"1091":0,"1092":0,"1093":0,"1094":0,"1095":0,"1096":0,"1097":0,"1098":0,"1099":0,"1100":0,"1101":0,"1102":0,"1103":0,"1104":0,"1105":0,"1106":0,"1107":0,"1108":0,"1109":0,"1110":0,"1111":0,"1112":0,"1113":0,"1114":0,"1115":0,"1116":0,"1117":0,"1118":0,"1119":0,"1120":0,"1121":0,"1122":0,"1123":0,"1124":0,"1125":0,"1126":0,"1127":0,"1128":0,"1129":0,"1130":0,"1131":0,"1132":0,"1133":0,"1134":0,"1135":0,"1136":0,"1137":0,"1138":0,"1139":0,"1140":0,"1141":0,"1142":0,"1143":0,"1144":0,"1145":0,"1146":0,"1147":0,"1148":0,"1149":0,"1150":0,"1151":0,"1152":0,"1153":0,"1154":0,"1155":0,"1156":0,"1157":0,"1158":0,"1159":0,"1160":0,"1161":0,"1162":0,"1163":0,"1164":0,"1165":0,"1166":0,"1167":0,"1168":0,"1169":0,"1170":0,"1171":0,"1172":0,"1173":0,"1174":0,"1175":0,"1176":0,"1177":0,"1178":0,"1179":0,"1180":0,"1181":0,"1182":0,"1183":0,"1184":0,"1185":0,"1186":0,"1187":0,"1188":0,"1189":0,"1190":0,"1191":0,"1192":0,"1193":0,"1194":0,"1195":0,"1196":0,"1197":0,"1198":0,"1199":0,"1200":0,"1201":0,"1202":0,"1203":0,"1204":0,"1205":0,"1206":0,"1207":0,"1208":0,"1209":0,"1210":0,"1211":0,"1212":0,"1213":0,"1214":0,"1215":0,"1216":0,"1217":0,"1218":0,"1219":0,"1220":0,"1221":0,"1222":0,"1223":0,"1224":0,"1225":0,"1226":0,"1227":0,"1228":0,"1229":0,"1230":0,"1231":0,"1232":0,"1233":0,"1234":0,"1235":0,"1236":0,"1237":0,"1238":0,"1239":0,"1240":0,"1241":0,"1242":0,"1243":0,"1244":0,"1245":0,"1246":0,"1247":0,"1248":0,"1249":0,"1250":0,"1251":0,"1252":0,"1253":0,"1254":0,"1255":0,"1256":0,"1257":0,"1258":0,"1259":0,"1260":0,"1261":0,"1262":0,"1263":0,"1264":0,"1265":0,"1266":0,"1267":0,"1268":0,"1269":0,"1270":0,"1271":0,"1272":0,"1273":0,"1274":0,"1275":0,"1276":0,"1277":0,"1278":0,"1279":0,"1280":0,"1281":0,"1282":0,"1283":0,"1284":0,"1285":0,"1286":0,"1287":0,"1288":0,"1289":0,"1290":0,"1291":0,"1292":0,"1293":0,"1294":0,"1295":0,"1296":0,"1297":0,"1298":0,"1299":0,"1300":0,"1301":0,"1302":0,"1303":0,"1304":0,"1305":0,"1306":0,"1307":0,"1308":0,"1309":0,"1310":0,"1311":0,"1312":0,"1313":0,"1314":0,"1315":0,"1316":0,"1317":0,"1318":0,"1319":0,"1320":0,"1321":0,"1322":0,"1323":0,"1324":0,"1325":0,"1326":0,"1327":0,"1328":0,"1329":0,"1330":0,"1331":0,"1332":0,"1333":0,"1334":0,"1335":0,"1336":0,"1337":0,"1338":0,"1339":0,"1340":0,"1341":0,"1342":0,"1343":0,"1344":0,"1345":0,"1346":0,"1347":0,"1348":0,"1349":0,"1350":0,"1351":0,"1352":0,"1353":0,"1354":0,"1355":0,"1356":0,"1357":0,"1358":0,"1359":0,"1360":0,"1361":0,"1362":0,"1363":0,"1364":0,"1365":0,"1366":0,"1367":0,"1368":0,"1369":0,"1370":0,"1371":0,"1372":0,"1373":0,"1374":0,"1375":0,"1376":0,"1377":0,"1378":0,"1379":0,"1380":0,"1381":0,"1382":0,"1383":0,"1384":0,"1385":0,"1386":0,"1387":0,"1388":0,"1389":0,"1390":0,"1391":0,"1392":0,"1393":0,"1394":0,"1395":0,"1396":0,"1397":0,"1398":0,"1399":0,"1400":0,"1401":0,"1402":0,"1403":0,"1404":0,"1405":0,"1406":0,"1407":0,"1408":0,"1409":0,"1410":0,"1411":0,"1412":0,"1413":0,"1414":0,"1415":0,"1416":0,"1417":0,"1418":0,"1419":0,"1420":0,"1421":0,"1422":0,"1423":0,"1424":0,"1425":0,"1426":0,"1427":0,"1428":0,"1429":0,"1430":0,"1431":0,"1432":0,"1433":0,"1434":0,"1435":0,"1436":0,"1437":0,"1438":0,"1439":0,"1440":0,"1441":0,"1442":0,"1443":0,"1444":0,"1445":0,"1446":0,"1447":0,"1448":0,"1449":0,"1450":0,"1451":0,"1452":0,"1453":0,"1454":0,"1455":0,"1456":0,"1457":0,"1458":0,"1459":0,"1460":0,"1461":0,"1462":0,"1463":0,"1464":0,"1465":0,"1466":0,"1467":0,"1468":0,"1469":0,"1470":0,"1471":0,"1472":0,"1473":0,"1474":0,"1475":0,"1476":0,"1477":0,"1478":0,"1479":0,"1480":0,"1481":0,"1482":0,"1483":0,"1484":0,"1485":0,"1486":0,"1487":0,"1488":0,"1489":0,"1490":0,"1491":0,"1492":0,"1493":0,"1494":0,"1495":0,"1496":0,"1497":0,"1498":0,"1499":0,"1500":0,"1501":0,"1502":0,"1503":0,"1504":0,"1505":0,"1506":0,"1507":0,"1508":0,"1509":0,"1510":0,"1511":0,"1512":0,"1513":0,"1514":0,"1515":0,"1516":0,"1517":0,"1518":0,"1519":0,"1520":0,"1521":0,"1522":0,"1523":0,"1524":0,"1525":0,"1526":0,"1527":0,"1528":0,"1529":0,"1530":0,"1531":0,"1532":0,"1533":0,"1534":0,"1535":0,"1536":0,"1537":0,"1538":0,"1539":0,"1540":0,"1541":0,"1542":0,"1543":0,"1544":0,"1545":0,"1546":0,"1547":0,"1548":0,"1549":0,"1550":0,"1551":0,"1552":0,"1553":0,"1554":0,"1555":0,"1556":0,"1557":0,"1558":0,"1559":0,"1560":0,"1561":0,"1562":0,"1563":0,"1564":0,"1565":0,"1566":0,"1567":0,"1568":0,"1569":0,"1570":0,"1571":0,"1572":0,"1573":0,"1574":0,"1575":0,"1576":0,"1577":0,"1578":0,"1579":0,"1580":0,"1581":0,"1582":0,"1583":0,"1584":0,"1585":0,"1586":0,"1587":0,"1588":0,"1589":0,"1590":0,"1591":0,"1592":0,"1593":0,"1594":0,"1595":0,"1596":0,"1597":0,"1598":0,"1599":0,"1600":0,"1601":0,"1602":0,"1603":0,"1604":0,"1605":0,"1606":0,"1607":0,"1608":0,"1609":0,"1610":0,"1611":0,"1612":0,"1613":0,"1614":0,"1615":0,"1616":0,"1617":0,"1618":0,"1619":0,"1620":0,"1621":0,"1622":0,"1623":0,"1624":0,"1625":0,"1626":0,"1627":0,"1628":0,"1629":0,"1630":0,"1631":0,"1632":0,"1633":0,"1634":0,"1635":0,"1636":0,"1637":0,"1638":0,"1639":0,"1640":0,"1641":0,"1642":0,"1643":0,"1644":0,"1645":0,"1646":0,"1647":0,"1648":0,"1649":0,"1650":0,"1651":0,"1652":0,"1653":0,"1654":0,"1655":0,"1656":0,"1657":0,"1658":0,"1659":0,"1660":0,"1661":0,"1662":0,"1663":0,"1664":0,"1665":0,"1666":0,"1667":0,"1668":0,"1669":0,"1670":0,"1671":0,"1672":0,"1673":0,"1674":0,"1675":0,"1676":0,"1677":0,"1678":0,"1679":0,"1680":0,"1681":0,"1682":0,"1683":0,"1684":0,"1685":0,"1686":0,"1687":0,"1688":0,"1689":0,"1690":0,"1691":0,"1692":0,"1693":0,"1694":0,"1695":0,"1696":0,"1697":0,"1698":0,"1699":0,"1700":0,"1701":0,"1702":0,"1703":0,"1704":0,"1705":0,"1706":0,"1707":0,"1708":0,"1709":0,"1710":0,"1711":0,"1712":0,"1713":0,"1714":0,"1715":0,"1716":0,"1717":0,"1718":0,"1719":0,"1720":0,"1721":0,"1722":0,"1723":0,"1724":0,"1725":0,"1726":0,"1727":0,"1728":0,"1729":0,"1730":0,"1731":0,"1732":0,"1733":0,"1734":0,"1735":0,"1736":0,"1737":0,"1738":0,"1739":0,"1740":0,"1741":0,"1742":0,"1743":0,"1744":0,"1745":0,"1746":0,"1747":0,"1748":0,"1749":0,"1750":0,"1751":0,"1752":0,"1753":0,"1754":0,"1755":0,"1756":0,"1757":0,"1758":0,"1759":0,"1760":0,"1761":0,"1762":0,"1763":0,"1764":0,"1765":0,"1766":0,"1767":0,"1768":0,"1769":0,"1770":0,"1771":0,"1772":0,"1773":0,"1774":0,"1775":0,"1776":0,"1777":0,"1778":0,"1779":0,"1780":0,"1781":0,"1782":0,"1783":0,"1784":0,"1785":0,"1786":0,"1787":0,"1788":0,"1789":0,"1790":0,"1791":0,"1792":0,"1793":0,"1794":0,"1795":0,"1796":0,"1797":0,"1798":0,"1799":0,"1800":0,"1801":0,"1802":0,"1803":0,"1804":0,"1805":0,"1806":0,"1807":0,"1808":0,"1809":0,"1810":0,"1811":0,"1812":0,"1813":0,"1814":0,"1815":0,"1816":0,"1817":0,"1818":0,"1819":0,"1820":0,"1821":0,"1822":0,"1823":0,"1824":0,"1825":0,"1826":0,"1827":0,"1828":0,"1829":0,"1830":0,"1831":0,"1832":0,"1833":0,"1834":0,"1835":0,"1836":0,"1837":0,"1838":0,"1839":0,"1840":0,"1841":0,"1842":0,"1843":0,"1844":0,"1845":0,"1846":0,"1847":0,"1848":0,"1849":0,"1850":0,"1851":0,"1852":0,"1853":0,"1854":0,"1855":0,"1856":0,"1857":0,"1858":0,"1859":0,"1860":0,"1861":0,"1862":0,"1863":0,"1864":0,"1865":0,"1866":0,"1867":0,"1868":0,"1869":0,"1870":0,"1871":0,"1872":0,"1873":0,"1874":0,"1875":0,"1876":0,"1877":0,"1878":0,"1879":0,"1880":0,"1881":0,"1882":0,"1883":0,"1884":0,"1885":0,"1886":0,"1887":0,"1888":0,"1889":0,"1890":0,"1891":0,"1892":0,"1893":0,"1894":0,"1895":0,"1896":0,"1897":0,"1898":0,"1899":0,"1900":0,"1901":0,"1902":0,"1903":0,"1904":0,"1905":0,"1906":0,"1907":0,"1908":0,"1909":0,"1910":0,"1911":0,"1912":0,"1913":0,"1914":0,"1915":0,"1916":0,"1917":0,"1918":0,"1919":0,"1920":0,"1921":0,"1922":0,"1923":0,"1924":0,"1925":0,"1926":0,"1927":0,"1928":0,"1929":0,"1930":0,"1931":0,"1932":0,"1933":0,"1934":0,"1935":0,"1936":0,"1937":0,"1938":0,"1939":0,"1940":0,"1941":0,"1942":0,"1943":0,"1944":0,"1945":0,"1946":0,"1947":0,"1948":0,"1949":0,"1950":0,"1951":0,"1952":0,"1953":0,"1954":0,"1955":0,"1956":0,"1957":0,"1958":0,"1959":0,"1960":0,"1961":0,"1962":0,"1963":0,"1964":0,"1965":0,"1966":0,"1967":0,"1968":0,"1969":0,"1970":0,"1971":0,"1972":0,"1973":0,"1974":0,"1975":0,"1976":0,"1977":0,"1978":0,"1979":0,"1980":0,"1981":0,"1982":0,"1983":0,"1984":0,"1985":0,"1986":0,"1987":0,"1988":0,"1989":0,"1990":0,"1991":0,"1992":0,"1993":0,"1994":0,"1995":0,"1996":0,"1997":0,"1998":0,"1999":0,"2000":0,"2001":0,"2002":0,"2003":0,"2004":0,"2005":0,"2006":0,"2007":0,"2008":0,"2009":0,"2010":0,"2011":0,"2012":0,"2013":0,"2014":0,"2015":0,"2016":0,"2017":0,"2018":0,"2019":0,"2020":0,"2021":0,"2022":0,"2023":0,"2024":0,"2025":0,"2026":0,"2027":0,"2028":0,"2029":0,"2030":0,"2031":0,"2032":0,"2033":0,"2034":0,"2035":0,"2036":0,"2037":0,"2038":0,"2039":0,"2040":0,"2041":0,"2042":0,"2043":0,"2044":0,"2045":0,"2046":0,"2047":0,"2048":0,"2049":0,"2050":0,"2051":0,"2052":0,"2053":0,"2054":0,"2055":0,"2056":0,"2057":0,"2058":0,"2059":0,"2060":0,"2061":0,"2062":0,"2063":0,"2064":0,"2065":0,"2066":0,"2067":0,"2068":0,"2069":0,"2070":0,"2071":0,"2072":0,"2073":0,"2074":0,"2075":0,"2076":0,"2077":0,"2078":0,"2079":0,"2080":0,"2081":0,"2082":0,"2083":0,"2084":0,"2085":0,"2086":0,"2087":0,"2088":0,"2089":0,"2090":0,"2091":0,"2092":0,"2093":0,"2094":0,"2095":0,"2096":0,"2097":0,"2098":0,"2099":0,"2100":0,"2101":0,"2102":0,"2103":0,"2104":0,"2105":0,"2106":0,"2107":0,"2108":0,"2109":0,"2110":0,"2111":0,"2112":0,"2113":0,"2114":0,"2115":0,"2116":0,"2117":0,"2118":0,"2119":0,"2120":0,"2121":0,"2122":0,"2123":0,"2124":0,"2125":0,"2126":0,"2127":0,"2128":0,"2129":0,"2130":0,"2131":0,"2132":0,"2133":0,"2134":0,"2135":0,"2136":0,"2137":0,"2138":0,"2139":0,"2140":0,"2141":0,"2142":0,"2143":0,"2144":0,"2145":0,"2146":0,"2147":0,"2148":0,"2149":0,"2150":0,"2151":0,"2152":0,"2153":0,"2154":0,"2155":0,"2156":0,"2157":0,"2158":0,"2159":0,"2160":0,"2161":0,"2162":0,"2163":0,"2164":0,"2165":0,"2166":0,"2167":0,"2168":0,"2169":0,"2170":0,"2171":0,"2172":0,"2173":0,"2174":0,"2175":0,"2176":0,"2177":0,"2178":0,"2179":0,"2180":0,"2181":0,"2182":0,"2183":0,"2184":0,"2185":0,"2186":0,"2187":0,"2188":0,"2189":0,"2190":0,"2191":0,"2192":0,"2193":0,"2194":0,"2195":0,"2196":0,"2197":0,"2198":0,"2199":0,"2200":0,"2201":0,"2202":0,"2203":0,"2204":0,"2205":0,"2206":0,"2207":0,"2208":0,"2209":0,"2210":0,"2211":0,"2212":0,"2213":0,"2214":0,"2215":0,"2216":0,"2217":0,"2218":0,"2219":0,"2220":0,"2221":0,"2222":0,"2223":0,"2224":0,"2225":0,"2226":0,"2227":0,"2228":0,"2229":0,"2230":0,"2231":0,"2232":0,"2233":0,"2234":0,"2235":0,"2236":0,"2237":0,"2238":0,"2239":0,"2240":0,"2241":0,"2242":0,"2243":0,"2244":0,"2245":0,"2246":0,"2247":0,"2248":0,"2249":0,"2250":0,"2251":0,"2252":0,"2253":0,"2254":0,"2255":0,"2256":0,"2257":0,"2258":0,"2259":0,"2260":0,"2261":0,"2262":0,"2263":0,"2264":0,"2265":0,"2266":0,"2267":0,"2268":0,"2269":0,"2270":0,"2271":0,"2272":0,"2273":0,"2274":0,"2275":0,"2276":0,"2277":0,"2278":0,"2279":0,"2280":0,"2281":0,"2282":0,"2283":0,"2284":0,"2285":0,"2286":0,"2287":0,"2288":0,"2289":0,"2290":0,"2291":0,"2292":0,"2293":0,"2294":0,"2295":0,"2296":0,"2297":0,"2298":0,"2299":0,"2300":0,"2301":0,"2302":0,"2303":0,"2304":0,"2305":0,"2306":0,"2307":0,"2308":0,"2309":0,"2310":0,"2311":0,"2312":0,"2313":0,"2314":0,"2315":0,"2316":0,"2317":0,"2318":0,"2319":0,"2320":0,"2321":0,"2322":0,"2323":0,"2324":0,"2325":0,"2326":0,"2327":0,"2328":0,"2329":0,"2330":0,"2331":0,"2332":0,"2333":0,"2334":0,"2335":0,"2336":0,"2337":0,"2338":0,"2339":0,"2340":0,"2341":0,"2342":0,"2343":0,"2344":0,"2345":0,"2346":0,"2347":0,"2348":0,"2349":0,"2350":0,"2351":0,"2352":0,"2353":0,"2354":0,"2355":0,"2356":0,"2357":0,"2358":0,"2359":0,"2360":0,"2361":0,"2362":0,"2363":0,"2364":0,"2365":0,"2366":0,"2367":0,"2368":0,"2369":0,"2370":0,"2371":0,"2372":0,"2373":0,"2374":0,"2375":0,"2376":0,"2377":0,"2378":0,"2379":0,"2380":0,"2381":0,"2382":0,"2383":0,"2384":0,"2385":0,"2386":0,"2387":0,"2388":0,"2389":0,"2390":0,"2391":0,"2392":0,"2393":0,"2394":0,"2395":0,"2396":0,"2397":0,"2398":0,"2399":0,"2400":0,"2401":0,"2402":0,"2403":0,"2404":0,"2405":0,"2406":0,"2407":0,"2408":0,"2409":0,"2410":0,"2411":0,"2412":0,"2413":0,"2414":0,"2415":0,"2416":0,"2417":0,"2418":0,"2419":0,"2420":0,"2421":0,"2422":0,"2423":0,"2424":0,"2425":0,"2426":0,"2427":0,"2428":0,"2429":0,"2430":0,"2431":0,"2432":0,"2433":0,"2434":0,"2435":0,"2436":0,"2437":0,"2438":0,"2439":0,"2440":0,"2441":0,"2442":0,"2443":0,"2444":0,"2445":0,"2446":0,"2447":0,"2448":0,"2449":0,"2450":0,"2451":0,"2452":0,"2453":0,"2454":0,"2455":0,"2456":0,"2457":0,"2458":0,"2459":0,"2460":0,"2461":0,"2462":0,"2463":0,"2464":0,"2465":0,"2466":0,"2467":0,"2468":0,"2469":0,"2470":0,"2471":0,"2472":0,"2473":0,"2474":0,"2475":0,"2476":0,"2477":0,"2478":0,"2479":0,"2480":0,"2481":0,"2482":0,"2483":0,"2484":0,"2485":0,"2486":0,"2487":0,"2488":0,"2489":0,"2490":0,"2491":0,"2492":0,"2493":0,"2494":0,"
[...]
ne":6276,"column":10}}]},"565":{"line":6276,"type":"binary-expr","locations":[{"start":{"line":6276,"column":15},"end":{"line":6276,"column":34}},{"start":{"line":6276,"column":38},"end":{"line":6276,"column":52}},{"start":{"line":6276,"column":57},"end":{"line":6276,"column":80}}]},"566":{"line":6303,"type":"binary-expr","locations":[{"start":{"line":6303,"column":14},"end":{"line":6303,"column":21}},{"start":{"line":6303,"column":25},"end":{"line":6303,"column":27}}]},"567":{"line":6311,"type":"binary-expr","locations":[{"start":{"line":6311,"column":20},"end":{"line":6311,"column":32}},{"start":{"line":6311,"column":36},"end":{"line":6311,"column":45}}]},"568":{"line":6312,"type":"binary-expr","locations":[{"start":{"line":6312,"column":22},"end":{"line":6312,"column":32}},{"start":{"line":6312,"column":36},"end":{"line":6312,"column":49}}]},"569":{"line":6313,"type":"binary-expr","locations":[{"start":{"line":6313,"column":18},"end":{"line":6313,"column":32}},{"start":{"line":6313,"column":36},"end":{"line":6313,"column":49}}]},"570":{"line":6316,"type":"binary-expr","locations":[{"start":{"line":6316,"column":16},"end":{"line":6316,"column":40}},{"start":{"line":6316,"column":44},"end":{"line":6316,"column":46}}]},"571":{"line":6318,"type":"if","locations":[{"start":{"line":6318,"column":6},"end":{"line":6318,"column":6}},{"start":{"line":6318,"column":6},"end":{"line":6318,"column":6}}]},"572":{"line":6318,"type":"binary-expr","locations":[{"start":{"line":6318,"column":10},"end":{"line":6318,"column":28}},{"start":{"line":6318,"column":32},"end":{"line":6318,"column":40}}]},"573":{"line":6328,"type":"if","locations":[{"start":{"line":6328,"column":6},"end":{"line":6328,"column":6}},{"start":{"line":6328,"column":6},"end":{"line":6328,"column":6}}]},"574":{"line":6390,"type":"cond-expr","locations":[{"start":{"line":6390,"column":47},"end":{"line":6390,"column":56}},{"start":{"line":6390,"column":59},"end":{"line":6390,"column":79}}]},"575":{"line":6404,"type":"if","locations":[{"start":{"line":6404,"column":4},"end":{"line":6404,"column":4}},{"start":{"line":6404,"column":4},"end":{"line":6404,"column":4}}]},"576":{"line":6404,"type":"binary-expr","locations":[{"start":{"line":6404,"column":9},"end":{"line":6404,"column":27}},{"start":{"line":6404,"column":31},"end":{"line":6404,"column":54}}]},"577":{"line":6436,"type":"if","locations":[{"start":{"line":6436,"column":4},"end":{"line":6436,"column":4}},{"start":{"line":6436,"column":4},"end":{"line":6436,"column":4}}]},"578":{"line":6471,"type":"if","locations":[{"start":{"line":6471,"column":8},"end":{"line":6471,"column":8}},{"start":{"line":6471,"column":8},"end":{"line":6471,"column":8}}]},"579":{"line":6475,"type":"if","locations":[{"start":{"line":6475,"column":8},"end":{"line":6475,"column":8}},{"start":{"line":6475,"column":8},"end":{"line":6475,"column":8}}]},"580":{"line":6477,"type":"binary-expr","locations":[{"start":{"line":6477,"column":16},"end":{"line":6477,"column":21}},{"start":{"line":6477,"column":25},"end":{"line":6477,"column":38}}]},"581":{"line":6486,"type":"binary-expr","locations":[{"start":{"line":6486,"column":13},"end":{"line":6486,"column":26}},{"start":{"line":6486,"column":30},"end":{"line":6486,"column":43}}]},"582":{"line":6501,"type":"if","locations":[{"start":{"line":6501,"column":6},"end":{"line":6501,"column":6}},{"start":{"line":6501,"column":6},"end":{"line":6501,"column":6}}]},"583":{"line":6510,"type":"if","locations":[{"start":{"line":6510,"column":4},"end":{"line":6510,"column":4}},{"start":{"line":6510,"column":4},"end":{"line":6510,"column":4}}]},"584":{"line":6519,"type":"if","locations":[{"start":{"line":6519,"column":4},"end":{"line":6519,"column":4}},{"start":{"line":6519,"column":4},"end":{"line":6519,"column":4}}]},"585":{"line":6527,"type":"if","locations":[{"start":{"line":6527,"column":6},"end":{"line":6527,"column":6}},{"start":{"line":6527,"column":6},"end":{"line":6527,"column":6}}]},"586":{"line":6585,"type":"if","locations":[{"start":{"line":6585,"column":6},"end":{"line":6585,"column":6}},{"start":{"line":6585,"column":6},"end":{"line":6585,"column":6}}]},"587":{"line":6630,"type":"if","locations":[{"start":{"line":6630,"column":4},"end":{"line":6630,"column":4}},{"start":{"line":6630,"column":4},"end":{"line":6630,"column":4}}]},"588":{"line":6634,"type":"if","locations":[{"start":{"line":6634,"column":4},"end":{"line":6634,"column":4}},{"start":{"line":6634,"column":4},"end":{"line":6634,"column":4}}]},"589":{"line":6642,"type":"binary-expr","locations":[{"start":{"line":6642,"column":11},"end":{"line":6642,"column":41}},{"start":{"line":6642,"column":45},"end":{"line":6642,"column":74}}]},"590":{"line":6651,"type":"if","locations":[{"start":{"line":6651,"column":4},"end":{"line":6651,"column":4}},{"start":{"line":6651,"column":4},"end":{"line":6651,"column":4}}]},"591":{"line":6652,"type":"cond-expr","locations":[{"start":{"line":6652,"column":46},"end":{"line":6652,"column":88}},{"start":{"line":6652,"column":91},"end":{"line":6652,"column":111}}]},"592":{"line":6663,"type":"if","locations":[{"start":{"line":6663,"column":4},"end":{"line":6663,"column":4}},{"start":{"line":6663,"column":4},"end":{"line":6663,"column":4}}]},"593":{"line":6676,"type":"if","locations":[{"start":{"line":6676,"column":4},"end":{"line":6676,"column":4}},{"start":{"line":6676,"column":4},"end":{"line":6676,"column":4}}]},"594":{"line":6684,"type":"if","locations":[{"start":{"line":6684,"column":4},"end":{"line":6684,"column":4}},{"start":{"line":6684,"column":4},"end":{"line":6684,"column":4}}]},"595":{"line":6687,"type":"if","locations":[{"start":{"line":6687,"column":6},"end":{"line":6687,"column":6}},{"start":{"line":6687,"column":6},"end":{"line":6687,"column":6}}]},"596":{"line":6694,"type":"if","locations":[{"start":{"line":6694,"column":4},"end":{"line":6694,"column":4}},{"start":{"line":6694,"column":4},"end":{"line":6694,"column":4}}]},"597":{"line":6707,"type":"if","locations":[{"start":{"line":6707,"column":0},"end":{"line":6707,"column":0}},{"start":{"line":6707,"column":0},"end":{"line":6707,"column":0}}]},"598":{"line":6707,"type":"binary-expr","locations":[{"start":{"line":6707,"column":4},"end":{"line":6707,"column":27}},{"start":{"line":6707,"column":31},"end":{"line":6707,"column":57}}]},"599":{"line":6718,"type":"binary-expr","locations":[{"start":{"line":6718,"column":14},"end":{"line":6718,"column":21}},{"start":{"line":6718,"column":25},"end":{"line":6718,"column":27}}]},"600":{"line":6720,"type":"binary-expr","locations":[{"start":{"line":6720,"column":14},"end":{"line":6720,"column":25}},{"start":{"line":6720,"column":29},"end":{"line":6720,"column":39}}]},"601":{"line":6740,"type":"binary-expr","locations":[{"start":{"line":6740,"column":20},"end":{"line":6740,"column":35}},{"start":{"line":6740,"column":39},"end":{"line":6740,"column":52}}]},"602":{"line":6741,"type":"binary-expr","locations":[{"start":{"line":6741,"column":23},"end":{"line":6741,"column":41}},{"start":{"line":6741,"column":45},"end":{"line":6741,"column":58}}]},"603":{"line":6742,"type":"binary-expr","locations":[{"start":{"line":6742,"column":24},"end":{"line":6742,"column":43}},{"start":{"line":6742,"column":47},"end":{"line":6742,"column":87}}]},"604":{"line":6743,"type":"binary-expr","locations":[{"start":{"line":6743,"column":22},"end":{"line":6743,"column":39}},{"start":{"line":6743,"column":43},"end":{"line":6743,"column":75}}]},"605":{"line":6756,"type":"if","locations":[{"start":{"line":6756,"column":6},"end":{"line":6756,"column":6}},{"start":{"line":6756,"column":6},"end":{"line":6756,"column":6}}]},"606":{"line":6760,"type":"if","locations":[{"start":{"line":6760,"column":6},"end":{"line":6760,"column":6}},{"start":{"line":6760,"column":6},"end":{"line":6760,"column":6}}]},"607":{"line":6778,"type":"if","locations":[{"start":{"line":6778,"column":8},"end":{"line":6778,"column":8}},{"start":{"line":6778,"column":8},"end":{"line":6778,"column":8}}]},"608":{"line":6787,"type":"if","locations":[{"start":{"line":6787,"column":6},"end":{"line":6787,"column":6}},{"start":{"line":6787,"column":6},"end":{"line":6787,"column":6}}]},"609":{"line":6791,"type":"if","locations":[{"start":{"line":6791,"column":6},"end":{"line":6791,"column":6}},{"start":{"line":6791,"column":6},"end":{"line":6791,"column":6}}]},"610":{"line":6792,"type":"binary-expr","locations":[{"start":{"line":6792,"column":23},"end":{"line":6792,"column":37}},{"start":{"line":6792,"column":41},"end":{"line":6792,"column":58}}]},"611":{"line":6795,"type":"binary-expr","locations":[{"start":{"line":6795,"column":23},"end":{"line":6795,"column":32}},{"start":{"line":6795,"column":36},"end":{"line":6795,"column":55}}]},"612":{"line":6814,"type":"if","locations":[{"start":{"line":6814,"column":10},"end":{"line":6814,"column":10}},{"start":{"line":6814,"column":10},"end":{"line":6814,"column":10}}]},"613":{"line":6820,"type":"binary-expr","locations":[{"start":{"line":6820,"column":31},"end":{"line":6820,"column":49}},{"start":{"line":6820,"column":53},"end":{"line":6820,"column":75}}]},"614":{"line":6830,"type":"if","locations":[{"start":{"line":6830,"column":8},"end":{"line":6830,"column":8}},{"start":{"line":6830,"column":8},"end":{"line":6830,"column":8}}]},"615":{"line":6830,"type":"binary-expr","locations":[{"start":{"line":6830,"column":12},"end":{"line":6830,"column":34}},{"start":{"line":6830,"column":38},"end":{"line":6830,"column":72}}]},"616":{"line":6837,"type":"cond-expr","locations":[{"start":{"line":6837,"column":45},"end":{"line":6837,"column":55}},{"start":{"line":6837,"column":58},"end":{"line":6837,"column":73}}]},"617":{"line":6841,"type":"cond-expr","locations":[{"start":{"line":6841,"column":45},"end":{"line":6841,"column":55}},{"start":{"line":6841,"column":58},"end":{"line":6841,"column":73}}]},"618":{"line":6851,"type":"binary-expr","locations":[{"start":{"line":6851,"column":15},"end":{"line":6851,"column":37}},{"start":{"line":6851,"column":41},"end":{"line":6851,"column":64}},{"start":{"line":6851,"column":68},"end":{"line":6851,"column":90}}]},"619":{"line":6859,"type":"if","locations":[{"start":{"line":6859,"column":8},"end":{"line":6859,"column":8}},{"start":{"line":6859,"column":8},"end":{"line":6859,"column":8}}]},"620":{"line":6884,"type":"if","locations":[{"start":{"line":6884,"column":10},"end":{"line":6884,"column":10}},{"start":{"line":6884,"column":10},"end":{"line":6884,"column":10}}]},"621":{"line":6900,"type":"if","locations":[{"start":{"line":6900,"column":6},"end":{"line":6900,"column":6}},{"start":{"line":6900,"column":6},"end":{"line":6900,"column":6}}]},"622":{"line":6940,"type":"if","locations":[{"start":{"line":6940,"column":6},"end":{"line":6940,"column":6}},{"start":{"line":6940,"column":6},"end":{"line":6940,"column":6}}]},"623":{"line":6959,"type":"if","locations":[{"start":{"line":6959,"column":6},"end":{"line":6959,"column":6}},{"start":{"line":6959,"column":6},"end":{"line":6959,"column":6}}]}}},"/Users/michaelnguyen/Makers/week_10/GildedRose-Refactoring-Kata/js-jasmine/spec/gilded_rose_spec.js":{"path":"/Users/michaelnguyen/Makers/week_10/GildedRose-Refactoring-Kata/js-jasmine/spec/gilded_rose_spec.js","s":{"1":0,"2":0,"3":0,"4":0,"5":0,"6":0,"7":0,"8":0,"9":0,"10":0,"11":0,"12":0,"13":0,"14":0,"15":0,"16":0,"17":0,"18":0,"19":0,"20":0,"21":0,"22":0,"23":0,"24":0,"25":0,"26":0,"27":0,"28":0,"29":0,"30":0,"31":0,"32":0,"33":0,"34":0,"35":0},"b":{},"f":{"1":0,"2":0},"fnMap":{"1":{"name":"(anonymous_1)","line":2,"loc":{"start":{"line":2,"column":24},"end":{"line":2,"column":35}}},"2":{"name":"(anonymous_2)","line":9,"loc":{"start":{"line":9,"column":67},"end":{"line":9,"column":78}}}},"statementMap":{"1":{"start":{"line":2,"column":0},"end":{"line":53,"column":3}},"2":{"start":{"line":3,"column":0},"end":{"line":3,"column":9}},"3":{"start":{"line":4,"column":2},"end":{"line":6,"column":4}},"4":{"start":{"line":5,"column":4},"end":{"line":5,"column":19}},"5":{"start":{"line":7,"column":2},"end":{"line":36,"column":4}},"6":{"start":{"line":9,"column":4},"end":{"line":13,"column":7}},"7":{"start":{"line":10,"column":6},"end":{"line":10,"column":67}},"8":{"start":{"line":11,"column":6},"end":{"line":11,"column":47}},"9":{"start":{"line":12,"column":6},"end":{"line":12,"column":49}},"10":{"start":{"line":15,"column":4},"end":{"line":20,"column":6}},"11":{"start":{"line":16,"column":6},"end":{"line":16,"column":46}},"12":{"start":{"line":17,"column":6},"end":{"line":17,"column":40}},"13":{"start":{"line":18,"column":6},"end":{"line":18,"column":47}},"14":{"start":{"line":19,"column":6},"end":{"line":19,"column":41}},"15":{"start":{"line":22,"column":4},"end":{"line":27,"column":6}},"16":{"start":{"line":23,"column":6},"end":{"line":23,"column":46}},"17":{"start":{"line":24,"column":6},"end":{"line":24,"column":40}},"18":{"start":{"line":25,"column":6},"end":{"line":25,"column":47}},"19":{"start":{"line":26,"column":6},"end":{"line":26,"column":41}},"20":{"start":{"line":29,"column":4},"end":{"line":34,"column":6}},"21":{"start":{"line":30,"column":6},"end":{"line":30,"column":46}},"22":{"start":{"line":31,"column":6},"end":{"line":31,"column":40}},"23":{"start":{"line":32,"column":6},"end":{"line":32,"column":47}},"24":{"start":{"line":33,"column":6},"end":{"line":33,"column":41}},"25":{"start":{"line":38,"column":2},"end":{"line":51,"column":4}},"26":{"start":{"line":39,"column":4},"end":{"line":44,"column":6}},"27":{"start":{"line":40,"column":6},"end":{"line":40,"column":54}},"28":{"start":{"line":41,"column":6},"end":{"line":41,"column":40}},"29":{"start":{"line":42,"column":6},"end":{"line":42,"column":47}},"30":{"start":{"line":43,"column":6},"end":{"line":43,"column":41}},"31":{"start":{"line":45,"column":4},"end":{"line":50,"column":6}},"32":{"start":{"line":46,"column":6},"end":{"line":46,"column":55}},"33":{"start":{"line":47,"column":6},"end":{"line":47,"column":40}},"34":{"start":{"line":48,"column":6},"end":{"line":48,"column":47}},"35":{"start":{"line":49,"column":6},"end":{"line":49,"column":42}}},"branchMap":{}},"/Users/michaelnguyen/Makers/week_10/GildedRose-Refactoring-Kata/js-jasmine/src/gilded_rose.js":{"path":"/Users/michaelnguyen/Makers/week_10/GildedRose-Refactoring-Kata/js-jasmine/src/gilded_rose.js","s":{"1":0,"2":0,"3":0,"4":0,"5":0,"6":0,"7":0,"8":0,"9":0,"10":0,"11":0,"12":0,"13":0,"14":0,"15":0,"16":0,"17":0,"18":0,"19":0,"20":0,"21":0,"22":0,"23":0,"24":0,"25":0,"26":0,"27":0,"28":0,"29":0,"30":0},"b":{"1":[0,0],"2":[0,0],"3":[0,0],"4":[0,0],"5":[0,0],"6":[0,0],"7":[0,0],"8":[0,0],"9":[0,0],"10":[0,0],"11":[0,0],"12":[0,0],"13":[0,0],"14":[0,0],"15":[0,0],"16":[0,0],"17":[0,0]},"f":{"1":0,"2":0,"3":0},"fnMap":{"1":{"name":"(anonymous_1)","line":2,"loc":{"start":{"line":2,"column":13},"end":{"line":2,"column":36}}},"2":{"name":"(anonymous_2)","line":10,"loc":{"start":{"line":10,"column":13},"end":{"line":10,"column":23}}},"3":{"name":"(anonymous_3)","line":13,"loc":{"start":{"line":13,"column":15},"end":{"line":13,"column":18}}}},"statementMap":{"1":{"start":{"line":3,"column":4},"end":{"line":3,"column":21}},"2":{"start":{"line":4,"column":4},"end":{"line":4,"column":25}},"3":{"start":{"line":5,"column":4},"end":{"line":5,"column":27}},"4":{"start":{"line":11,"column":4},"end":{"line":11,"column":23}},"5":{"start":{"line":14,"column":4},"end":{"line":58,"column":5}},"6":{"start":{"line":15,"column":6},"end":{"line":37,"column":7}},"7":{"start":{"line":16,"column":8},"end":{"line":20,"column":9}},"8":{"start":{"line":17,"column":10},"end":{"line":19,"column":11}},"9":{"start":{"line":18,"column":12},"end":{"line":18,"column":62}},"10":{"start":{"line":22,"column":8},"end":{"line":36,"column":9}},"11":{"start":{"line":23,"column":10},"end":{"line":23,"column":60}},"12":{"start":{"line":24,"column":10},"end":{"line":35,"column":11}},"13":{"start":{"line":25,"column":12},"end":{"line":29,"column":13}},"14":{"start":{"line":26,"column":14},"end":{"line":28,"column":15}},"15":{"start":{"line":27,"column":16},"end":{"line":27,"column":66}},"16":{"start":{"line":30,"column":12},"end":{"line":34,"column":13}},"17":{"start":{"line":31,"column":14},"end":{"line":33,"column":15}},"18":{"start":{"line":32,"column":16},"end":{"line":32,"column":66}},"19":{"start":{"line":38,"column":6},"end":{"line":40,"column":7}},"20":{"start":{"line":39,"column":8},"end":{"line":39,"column":56}},"21":{"start":{"line":41,"column":6},"end":{"line":57,"column":7}},"22":{"start":{"line":42,"column":8},"end":{"line":56,"column":9}},"23":{"start":{"line":43,"column":10},"end":{"line":51,"column":11}},"24":{"start":{"line":44,"column":12},"end":{"line":48,"column":13}},"25":{"start":{"line":45,"column":14},"end":{"line":47,"column":15}},"26":{"start":{"line":46,"column":16},"end":{"line":46,"column":66}},"27":{"start":{"line":50,"column":12},"end":{"line":50,"column":82}},"28":{"start":{"line":53,"column":10},"end":{"line":55,"column":11}},"29":{"start":{"line":54,"column":12},"end":{"line":54,"column":62}},"30":{"start":{"line":60,"column":4},"end":{"line":60,"column":22}}},"branchMap":{"1":{"line":15,"type":"if","locations":[{"start":{"line":15,"column":6},"end":{"line":15,"column":6}},{"start":{"line":15,"column":6},"end":{"line":15,"column":6}}]},"2":{"line":15,"type":"binary-expr","locations":[{"start":{"line":15,"column":10},"end":{"line":15,"column":43}},{"start":{"line":15,"column":47},"end":{"line":15,"column":112}}]},"3":{"line":16,"type":"if","locations":[{"start":{"line":16,"column":8},"end":{"line":16,"column":8}},{"start":{"line":16,"column":8},"end":{"line":16,"column":8}}]},"4":{"line":17,"type":"if","locations":[{"start":{"line":17,"column":10},"end":{"line":17,"column":10}},{"start":{"line":17,"column":10},"end":{"line":17,"column":10}}]},"5":{"line":22,"type":"if","locations":[{"start":{"line":22,"column":8},"end":{"line":22,"column":8}},{"start":{"line":22,"column":8},"end":{"line":22,"column":8}}]},"6":{"line":24,"type":"if","locations":[{"start":{"line":24,"column":10},"end":{"line":24,"column":10}},{"start":{"line":24,"column":10},"end":{"line":24,"column":10}}]},"7":{"line":25,"type":"if","locations":[{"start":{"line":25,"column":12},"end":{"line":25,"column":12}},{"start":{"line":25,"column":12},"end":{"line":25,"column":12}}]},"8":{"line":26,"type":"if","locations":[{"start":{"line":26,"column":14},"end":{"line":26,"column":14}},{"start":{"line":26,"column":14},"end":{"line":26,"column":14}}]},"9":{"line":30,"type":"if","locations":[{"start":{"line":30,"column":12},"end":{"line":30,"column":12}},{"start":{"line":30,"column":12},"end":{"line":30,"column":12}}]},"10":{"line":31,"type":"if","locations":[{"start":{"line":31,"column":14},"end":{"line":31,"column":14}},{"start":{"line":31,"column":14},"end":{"line":31,"column":14}}]},"11":{"line":38,"type":"if","locations":[{"start":{"line":38,"column":6},"end":{"line":38,"column":6}},{"start":{"line":38,"column":6},"end":{"line":38,"column":6}}]},"12":{"line":41,"type":"if","locations":[{"start":{"line":41,"column":6},"end":{"line":41,"column":6}},{"start":{"line":41,"column":6},"end":{"line":41,"column":6}}]},"13":{"line":42,"type":"if","locations":[{"start":{"line":42,"column":8},"end":{"line":42,"column":8}},{"start":{"line":42,"column":8},"end":{"line":42,"column":8}}]},"14":{"line":43,"type":"if","locations":[{"start":{"line":43,"column":10},"end":{"line":43,"column":10}},{"start":{"line":43,"column":10},"end":{"line":43,"column":10}}]},"15":{"line":44,"type":"if","locations":[{"start":{"line":44,"column":12},"end":{"line":44,"column":12}},{"start":{"line":44,"column":12},"end":{"line":44,"column":12}}]},"16":{"line":45,"type":"if","locations":[{"start":{"line":45,"column":14},"end":{"line":45,"column":14}},{"start":{"line":45,"column":14},"end":{"line":45,"column":14}}]},"17":{"line":53,"type":"if","locations":[{"start":{"line":53,"column":10},"end":{"line":53,"column":10}},{"start":{"line":53,"column":10},"end":{"line":53,"column":10}}]}}}}