TN:
SF:/Users/michaelnguyen/Makers/week_10/GildedRose-Refactoring-Kata/js-jasmine/spec/specs.js
FNF:0
FNH:0
DA:1,1
DA:2,1
DA:3,1
DA:4,1
DA:11,1
DA:12,1
DA:13,1
DA:14,0
LF:8
LH:7
BRF:0
BRH:0
end_of_record
TN:
SF:/Users/michaelnguyen/Makers/week_10/GildedRose-Refactoring-Kata/js-jasmine/Index.js
FN:12,(anonymous_1)
FN:16,(anonymous_2)
FN:20,(anonymous_3)
FN:24,(anonymous_4)
FN:31,handleCalculatorRequest
FNF:5
FNH:0
FNDA:0,(anonymous_1)
FNDA:0,(anonymous_2)
FNDA:0,(anonymous_3)
FNDA:0,(anonymous_4)
FNDA:0,handleCalculatorRequest
DA:1,0
DA:2,0
DA:3,0
DA:4,0
DA:5,0
DA:6,0
DA:7,0
DA:9,0
DA:10,0
DA:12,0
DA:13,0
DA:16,0
DA:17,0
DA:20,0
DA:21,0
DA:24,0
DA:25,0
DA:28,0
DA:29,0
DA:31,0
DA:32,0
DA:33,0
DA:34,0
DA:36,0
DA:37,0
DA:40,0
LF:26
LH:0
BRDA:36,1,0,0
BRDA:36,1,1,0
BRF:2
BRH:0
end_of_record
TN:
SF:/Users/michaelnguyen/Makers/week_10/GildedRose-Refactoring-Kata/js-jasmine/jasmine-standalone-3.3.0 (4)/spec/PlayerSpec.js
FN:1,(anonymous_1)
FN:5,(anonymous_2)
FN:10,(anonymous_3)
FN:18,(anonymous_4)
FN:19,(anonymous_5)
FN:24,(anonymous_6)
FN:31,(anonymous_7)
FN:39,(anonymous_8)
FN:49,(anonymous_9)
FN:50,(anonymous_10)
FN:53,(anonymous_11)
FNF:11
FNH:0
FNDA:0,(anonymous_1)
FNDA:0,(anonymous_2)
FNDA:0,(anonymous_3)
FNDA:0,(anonymous_4)
FNDA:0,(anonymous_5)
FNDA:0,(anonymous_6)
FNDA:0,(anonymous_7)
FNDA:0,(anonymous_8)
FNDA:0,(anonymous_9)
FNDA:0,(anonymous_10)
FNDA:0,(anonymous_11)
DA:1,0
DA:2,0
DA:3,0
DA:5,0
DA:6,0
DA:7,0
DA:10,0
DA:11,0
DA:12,0
DA:15,0
DA:18,0
DA:19,0
DA:20,0
DA:21,0
DA:24,0
DA:25,0
DA:28,0
DA:31,0
DA:32,0
DA:33,0
DA:34,0
DA:39,0
DA:40,0
DA:42,0
DA:43,0
DA:45,0
DA:49,0
DA:50,0
DA:51,0
DA:53,0
DA:54,0
LF:31
LH:0
BRF:0
BRH:0
end_of_record
TN:
SF:/Users/michaelnguyen/Makers/week_10/GildedRose-Refactoring-Kata/js-jasmine/jasmine-standalone-3.3.0 (4)/spec/SpecHelper.js
FN:1,(anonymous_1)
FN:3,(anonymous_2)
FN:5,(anonymous_3)
FNF:3
FNH:0
FNDA:0,(anonymous_1)
FNDA:0,(anonymous_2)
FNDA:0,(anonymous_3)
DA:1,0
DA:2,0
DA:4,0
DA:6,0
DA:8,0
LF:5
LH:0
BRDA:9,1,0,0
BRDA:9,1,1,0
BRF:2
BRH:0
end_of_record
TN:
SF:/Users/michaelnguyen/Makers/week_10/GildedRose-Refactoring-Kata/js-jasmine/jasmine-standalone-3.3.0 (4)/src/Player.js
FN:1,Player
FN:3,(anonymous_2)
FN:8,(anonymous_3)
FN:12,(anonymous_4)
FN:20,(anonymous_5)
FNF:5
FNH:0
FNDA:0,Player
FNDA:0,(anonymous_2)
FNDA:0,(anonymous_3)
FNDA:0,(anonymous_4)
FNDA:0,(anonymous_5)
DA:1,0
DA:3,0
DA:4,0
DA:5,0
DA:8,0
DA:9,0
DA:12,0
DA:13,0
DA:14,0
DA:17,0
DA:20,0
DA:21,0
LF:12
LH:0
BRDA:13,1,0,0
BRDA:13,1,1,0
BRF:2
BRH:0
end_of_record
TN:
SF:/Users/michaelnguyen/Makers/week_10/GildedRose-Refactoring-Kata/js-jasmine/jasmine-standalone-3.3.0 (4)/src/Song.js
FN:1,Song
FN:4,(anonymous_2)
FNF:2
FNH:0
FNDA:0,Song
FNDA:0,(anonymous_2)
DA:1,0
DA:4,0
DA:6,0
LF:3
LH:0
BRF:0
BRH:0
end_of_record
TN:
SF:/Users/michaelnguyen/Makers/week_10/GildedRose-Refactoring-Kata/js-jasmine/lib/jasmine-3.3.0/boot.js
FN:11,(anonymous_1)
FN:49,(anonymous_2)
FN:77,(anonymous_3)
FN:78,(anonymous_4)
FN:79,(anonymous_5)
FN:80,(anonymous_6)
FN:81,(anonymous_7)
FN:96,(anonymous_8)
FN:99,(anonymous_9)
FN:120,(anonymous_10)
FN:131,extend
FNF:11
FNH:0
FNDA:0,(anonymous_1)
FNDA:0,(anonymous_2)
FNDA:0,(anonymous_3)
FNDA:0,(anonymous_4)
FNDA:0,(anonymous_5)
FNDA:0,(anonymous_6)
FNDA:0,(anonymous_7)
FNDA:0,(anonymous_8)
FNDA:0,(anonymous_9)
FNDA:0,(anonymous_10)
FNDA:0,extend
DA:11,0
DA:18,0
DA:23,0
DA:28,0
DA:35,0
DA:40,0
DA:48,0
DA:49,0
DA:52,0
DA:54,0
DA:60,0
DA:62,0
DA:63,0
DA:66,0
DA:67,0
DA:68,0
DA:75,0
DA:77,0
DA:78,0
DA:79,0
DA:80,0
DA:81,0
DA:89,0
DA:90,0
DA:95,0
DA:96,0
DA:99,0
DA:100,0
DA:103,0
DA:108,0
DA:109,0
DA:110,0
DA:111,0
DA:118,0
DA:120,0
DA:121,0
DA:122,0
DA:124,0
DA:125,0
DA:131,0
DA:132,0
DA:133,0
LF:42
LH:0
BRDA:62,1,0,0
BRDA:62,1,1,0
BRDA:62,2,0,0
BRDA:62,2,1,0
BRDA:67,3,0,0
BRDA:67,3,1,0
BRDA:121,4,0,0
BRDA:121,4,1,0
BRF:8
BRH:0
end_of_record
TN:
SF:/Users/michaelnguyen/Makers/week_10/GildedRose-Refactoring-Kata/js-jasmine/lib/jasmine-3.3.0/jasmine-html.js
FN:23,(anonymous_1)
FN:30,(anonymous_2)
FN:33,(anonymous_3)
FN:34,(anonymous_4)
FN:37,ResultsStateBuilder
FN:45,(anonymous_6)
FN:50,(anonymous_7)
FN:61,(anonymous_8)
FN:64,(anonymous_9)
FN:82,HtmlReporter
FN:83,(anonymous_11)
FN:87,(anonymous_12)
FN:95,(anonymous_13)
FN:112,(anonymous_14)
FN:121,(anonymous_15)
FN:125,(anonymous_16)
FN:134,(anonymous_17)
FN:139,(anonymous_18)
FN:164,(anonymous_19)
FN:168,(anonymous_20)
FN:175,(anonymous_21)
FN:229,globalFailureMessage
FN:266,(anonymous_23)
FN:269,(anonymous_24)
FN:284,failureDom
FN:301,summaryList
FN:342,optionsMenu
FN:379,(anonymous_28)
FN:385,(anonymous_29)
FN:391,(anonymous_30)
FN:397,(anonymous_31)
FN:405,(anonymous_32)
FN:416,failureDescription
FN:433,suiteHref
FN:444,addDeprecationWarnings
FN:455,find
FN:459,clearPrior
FN:468,createDom
FN:494,pluralize
FN:500,specHref
FN:504,seedHref
FN:508,defaultQueryString
FN:512,setMenuModeTo
FN:516,noExpectations
FN:521,hasActiveSpec
FN:539,(anonymous_46)
FN:540,HtmlSpecFilter
FN:544,(anonymous_48)
FN:552,(anonymous_49)
FN:553,ResultsNode
FN:560,(anonymous_51)
FN:564,(anonymous_52)
FN:568,(anonymous_53)
FN:576,(anonymous_54)
FN:577,QueryString
FN:579,(anonymous_56)
FN:583,(anonymous_57)
FN:589,(anonymous_58)
FN:595,toQueryString
FN:603,queryStringToParamMap
FNF:60
FNH:0
FNDA:0,(anonymous_1)
FNDA:0,(anonymous_2)
FNDA:0,(anonymous_3)
FNDA:0,(anonymous_4)
FNDA:0,ResultsStateBuilder
FNDA:0,(anonymous_6)
FNDA:0,(anonymous_7)
FNDA:0,(anonymous_8)
FNDA:0,(anonymous_9)
FNDA:0,HtmlReporter
FNDA:0,(anonymous_11)
FNDA:0,(anonymous_12)
FNDA:0,(anonymous_13)
FNDA:0,(anonymous_14)
FNDA:0,(anonymous_15)
FNDA:0,(anonymous_16)
FNDA:0,(anonymous_17)
FNDA:0,(anonymous_18)
FNDA:0,(anonymous_19)
FNDA:0,(anonymous_20)
FNDA:0,(anonymous_21)
FNDA:0,globalFailureMessage
FNDA:0,(anonymous_23)
FNDA:0,(anonymous_24)
FNDA:0,failureDom
FNDA:0,summaryList
FNDA:0,optionsMenu
FNDA:0,(anonymous_28)
FNDA:0,(anonymous_29)
FNDA:0,(anonymous_30)
FNDA:0,(anonymous_31)
FNDA:0,(anonymous_32)
FNDA:0,failureDescription
FNDA:0,suiteHref
FNDA:0,addDeprecationWarnings
FNDA:0,find
FNDA:0,clearPrior
FNDA:0,createDom
FNDA:0,pluralize
FNDA:0,specHref
FNDA:0,seedHref
FNDA:0,defaultQueryString
FNDA:0,setMenuModeTo
FNDA:0,noExpectations
FNDA:0,hasActiveSpec
FNDA:0,(anonymous_46)
FNDA:0,HtmlSpecFilter
FNDA:0,(anonymous_48)
FNDA:0,(anonymous_49)
FNDA:0,ResultsNode
FNDA:0,(anonymous_51)
FNDA:0,(anonymous_52)
FNDA:0,(anonymous_53)
FNDA:0,(anonymous_54)
FNDA:0,QueryString
FNDA:0,(anonymous_56)
FNDA:0,(anonymous_57)
FNDA:0,(anonymous_58)
FNDA:0,toQueryString
FNDA:0,queryStringToParamMap
DA:23,0
DA:24,0
DA:25,0
DA:26,0
DA:27,0
DA:30,0
DA:32,0
DA:34,0
DA:37,0
DA:38,0
DA:39,0
DA:40,0
DA:41,0
DA:42,0
DA:45,0
DA:46,0
DA:47,0
DA:50,0
DA:51,0
DA:52,0
DA:53,0
DA:56,0
DA:57,0
DA:61,0
DA:64,0
DA:65,0
DA:67,0
DA:68,0
DA:71,0
DA:72,0
DA:75,0
DA:76,0
DA:82,0
DA:83,0
DA:95,0
DA:96,0
DA:97,0
DA:108,0
DA:111,0
DA:112,0
DA:113,0
DA:114,0
DA:117,0
DA:119,0
DA:121,0
DA:122,0
DA:125,0
DA:126,0
DA:128,0
DA:129,0
DA:131,0
DA:134,0
DA:135,0
DA:138,0
DA:139,0
DA:140,0
DA:142,0
DA:143,0
DA:146,0
DA:147,0
DA:150,0
DA:157,0
DA:158,0
DA:161,0
DA:164,0
DA:165,0
DA:168,0
DA:169,0
DA:170,0
DA:172,0
DA:175,0
DA:176,0
DA:177,0
DA:178,0
DA:179,0
DA:180,0
DA:182,0
DA:184,0
DA:185,0
DA:186,0
DA:187,0
DA:193,0
DA:194,0
DA:195,0
DA:196,0
DA:198,0
DA:199,0
DA:200,0
DA:203,0
DA:204,0
DA:205,0
DA:206,0
DA:207,0
DA:209,0
DA:212,0
DA:213,0
DA:214,0
DA:220,0
DA:222,0
DA:223,0
DA:225,0
DA:226,0
DA:229,0
DA:230,0
DA:231,0
DA:233,0
DA:234,0
DA:236,0
DA:239,0
DA:243,0
DA:245,0
DA:246,0
DA:247,0
DA:248,0
DA:251,0
DA:252,0
DA:254,0
DA:256,0
DA:257,0
DA:261,0
DA:266,0
DA:267,0
DA:269,0
DA:270,0
DA:273,0
DA:275,0
DA:276,0
DA:277,0
DA:282,0
DA:284,0
DA:285,0
DA:290,0
DA:292,0
DA:293,0
DA:294,0
DA:295,0
DA:298,0
DA:301,0
DA:302,0
DA:303,0
DA:304,0
DA:305,0
DA:306,0
DA:308,0
DA:309,0
DA:315,0
DA:316,0
DA:318,0
DA:319,0
DA:320,0
DA:321,0
DA:323,0
DA:324,0
DA:325,0
DA:327,0
DA:328,0
DA:330,0
DA:342,0
DA:343,0
DA:377,0
DA:378,0
DA:379,0
DA:380,0
DA:383,0
DA:384,0
DA:385,0
DA:386,0
DA:389,0
DA:390,0
DA:391,0
DA:392,0
DA:395,0
DA:396,0
DA:397,0
DA:398,0
DA:401,0
DA:405,0
DA:406,0
DA:407,0
DA:409,0
DA:413,0
DA:416,0
DA:417,0
DA:420,0
DA:422,0
DA:423,0
DA:424,0
DA:425,0
DA:427,0
DA:430,0
DA:433,0
DA:434,0
DA:436,0
DA:437,0
DA:438,0
DA:441,0
DA:444,0
DA:445,0
DA:446,0
DA:447,0
DA:448,0
DA:449,0
DA:455,0
DA:456,0
DA:459,0
DA:461,0
DA:463,0
DA:464,0
DA:468,0
DA:469,0
DA:471,0
DA:472,0
DA:474,0
DA:475,0
DA:477,0
DA:478,0
DA:483,0
DA:484,0
DA:485,0
DA:487,0
DA:491,0
DA:494,0
DA:495,0
DA:497,0
DA:500,0
DA:501,0
DA:504,0
DA:505,0
DA:508,0
DA:509,0
DA:512,0
DA:513,0
DA:516,0
DA:517,0
DA:521,0
DA:522,0
DA:523,0
DA:526,0
DA:527,0
DA:528,0
DA:529,0
DA:536,0
DA:539,0
DA:540,0
DA:541,0
DA:542,0
DA:544,0
DA:545,0
DA:549,0
DA:552,0
DA:553,0
DA:554,0
DA:555,0
DA:556,0
DA:558,0
DA:560,0
DA:561,0
DA:564,0
DA:565,0
DA:568,0
DA:569,0
DA:573,0
DA:576,0
DA:577,0
DA:579,0
DA:580,0
DA:583,0
DA:584,0
DA:585,0
DA:586,0
DA:589,0
DA:590,0
DA:593,0
DA:595,0
DA:596,0
DA:597,0
DA:598,0
DA:600,0
DA:603,0
DA:604,0
DA:608,0
DA:609,0
DA:610,0
DA:611,0
DA:612,0
DA:613,0
DA:614,0
DA:616,0
DA:620,0
DA:625,0
LF:290
LH:0
BRDA:52,1,0,0
BRDA:52,1,1,0
BRDA:56,2,0,0
BRDA:56,2,1,0
BRDA:67,3,0,0
BRDA:67,3,1,0
BRDA:71,4,0,0
BRDA:71,4,1,0
BRDA:75,5,0,0
BRDA:75,5,1,0
BRDA:83,6,0,0
BRDA:83,6,1,0
BRDA:83,6,2,0
BRDA:87,7,0,0
BRDA:87,7,1,0
BRDA:88,8,0,0
BRDA:88,8,1,0
BRDA:90,9,0,0
BRDA:90,9,1,0
BRDA:113,10,0,0
BRDA:113,10,1,0
BRDA:128,11,0,0
BRDA:128,11,1,0
BRDA:142,12,0,0
BRDA:142,12,1,0
BRDA:142,13,0,0
BRDA:142,13,1,0
BRDA:142,13,2,0
BRDA:146,14,0,0
BRDA:146,14,1,0
BRDA:157,15,0,0
BRDA:157,15,1,0
BRDA:165,16,0,0
BRDA:165,16,1,0
BRDA:169,17,0,0
BRDA:169,17,1,0
BRDA:170,18,0,0
BRDA:170,18,1,0
BRDA:178,19,0,0
BRDA:178,19,1,0
BRDA:184,20,0,0
BRDA:184,20,1,0
BRDA:195,21,0,0
BRDA:195,21,1,0
BRDA:195,21,2,0
BRDA:198,22,0,0
BRDA:198,22,1,0
BRDA:198,23,0,0
BRDA:198,23,1,0
BRDA:200,24,0,0
BRDA:200,24,1,0
BRDA:203,25,0,0
BRDA:203,25,1,0
BRDA:205,26,0,0
BRDA:205,26,1,0
BRDA:213,27,0,0
BRDA:213,27,1,0
BRDA:213,28,0,0
BRDA:213,28,1,0
BRDA:230,29,0,0
BRDA:230,29,1,0
BRDA:233,30,0,0
BRDA:233,30,1,0
BRDA:256,31,0,0
BRDA:256,31,1,0
BRDA:305,32,0,0
BRDA:305,32,1,0
BRDA:305,33,0,0
BRDA:305,33,1,0
BRDA:308,34,0,0
BRDA:308,34,1,0
BRDA:318,35,0,0
BRDA:318,35,1,0
BRDA:319,36,0,0
BRDA:319,36,1,0
BRDA:324,37,0,0
BRDA:324,37,1,0
BRDA:327,38,0,0
BRDA:327,38,1,0
BRDA:327,39,0,0
BRDA:327,39,1,0
BRDA:406,40,0,0
BRDA:406,40,1,0
BRDA:422,41,0,0
BRDA:422,41,1,0
BRDA:436,42,0,0
BRDA:436,42,1,0
BRDA:445,43,0,0
BRDA:445,43,1,0
BRDA:445,44,0,0
BRDA:445,44,1,0
BRDA:448,45,0,0
BRDA:448,45,1,0
BRDA:463,46,0,0
BRDA:463,46,1,0
BRDA:474,47,0,0
BRDA:474,47,1,0
BRDA:477,48,0,0
BRDA:477,48,1,0
BRDA:484,49,0,0
BRDA:484,49,1,0
BRDA:495,50,0,0
BRDA:495,50,1,0
BRDA:517,51,0,0
BRDA:517,51,1,0
BRDA:522,52,0,0
BRDA:522,52,1,0
BRDA:522,53,0,0
BRDA:522,53,1,0
BRDA:526,54,0,0
BRDA:526,54,1,0
BRDA:528,55,0,0
BRDA:528,55,1,0
BRDA:541,56,0,0
BRDA:541,56,1,0
BRDA:541,56,2,0
BRDA:608,57,0,0
BRDA:608,57,1,0
BRDA:613,58,0,0
BRDA:613,58,1,0
BRDA:613,59,0,0
BRDA:613,59,1,0
BRF:122
BRH:0
end_of_record
TN:
SF:/Users/michaelnguyen/Makers/week_10/GildedRose-Refactoring-Kata/js-jasmine/lib/jasmine-3.3.0/jasmine.js
FN:23,(anonymous_1)
FN:41,getJasmineRequire
FN:45,(anonymous_3)
FN:105,(anonymous_4)
FN:144,(anonymous_5)
FN:145,(anonymous_6)
FN:174,(anonymous_7)
FN:185,(anonymous_8)
FN:191,(anonymous_9)
FN:195,(anonymous_10)
FN:199,(anonymous_11)
FN:203,(anonymous_12)
FN:207,(anonymous_13)
FN:211,(anonymous_14)
FN:215,(anonymous_15)
FN:227,(anonymous_16)
FN:231,(anonymous_17)
FN:242,(anonymous_18)
FN:246,(anonymous_19)
FN:257,(anonymous_20)
FN:261,(anonymous_21)
FN:265,(anonymous_22)
FN:269,(anonymous_23)
FN:273,(anonymous_24)
FN:291,(anonymous_25)
FN:301,(anonymous_26)
FN:311,(anonymous_27)
FN:319,(anonymous_28)
FN:327,(anonymous_29)
FN:335,(anonymous_30)
FN:344,(anonymous_31)
FN:355,(anonymous_32)
FN:366,(anonymous_33)
FN:377,(anonymous_34)
FN:381,(anonymous_35)
FN:390,(anonymous_36)
FN:394,(anonymous_37)
FN:395,(anonymous_38)
FN:401,(anonymous_39)
FN:410,(anonymous_40)
FN:418,(anonymous_41)
FN:422,(anonymous_42)
FN:432,(anonymous_43)
FN:447,(anonymous_44)
FN:464,(anonymous_45)
FN:476,(anonymous_46)
FN:488,(anonymous_47)
FN:492,anyMatch
FN:504,errorWithStack
FN:521,callerFile
FN:526,(anonymous_51)
FN:529,(anonymous_52)
FN:543,(anonymous_53)
FN:544,Spec
FN:547,(anonymous_55)
FN:551,(anonymous_56)
FN:552,(anonymous_57)
FN:553,(anonymous_58)
FN:554,(anonymous_59)
FN:555,(anonymous_60)
FN:556,(anonymous_61)
FN:557,(anonymous_62)
FN:586,(anonymous_63)
FN:599,(anonymous_64)
FN:603,(anonymous_65)
FN:607,(anonymous_66)
FN:611,(anonymous_67)
FN:617,(anonymous_68)
FN:631,(anonymous_69)
FN:634,(anonymous_70)
FN:651,onException
FN:670,(anonymous_72)
FN:677,(anonymous_73)
FN:682,(anonymous_74)
FN:698,(anonymous_75)
FN:702,(anonymous_76)
FN:709,(anonymous_77)
FN:719,(anonymous_78)
FN:733,(anonymous_79)
FN:734,Order
FN:739,naturalOrder
FN:743,randomOrder
FN:745,(anonymous_83)
FN:751,generateSeed
FN:760,jenkinsHash
FN:778,(anonymous_86)
FN:785,Env
FN:796,(anonymous_88)
FN:846,(anonymous_89)
FN:859,(anonymous_90)
FN:863,(anonymous_91)
FN:869,(anonymous_92)
FN:880,(anonymous_93)
FN:897,(anonymous_94)
FN:929,(anonymous_95)
FN:938,(anonymous_96)
FN:942,(anonymous_97)
FN:948,(anonymous_98)
FN:955,(anonymous_99)
FN:962,(anonymous_100)
FN:976,(anonymous_101)
FN:981,(anonymous_102)
FN:985,(anonymous_103)
FN:994,addExpectationResult
FN:999,(anonymous_105)
FN:1007,addExpectationResult
FN:1012,(anonymous_107)
FN:1023,(anonymous_108)
FN:1028,(anonymous_109)
FN:1029,(anonymous_110)
FN:1047,(anonymous_111)
FN:1060,(anonymous_112)
FN:1078,(anonymous_113)
FN:1083,(anonymous_114)
FN:1095,(anonymous_115)
FN:1100,(anonymous_116)
FN:1112,(anonymous_117)
FN:1117,(anonymous_118)
FN:1129,(anonymous_119)
FN:1137,(anonymous_120)
FN:1146,(anonymous_121)
FN:1151,(anonymous_122)
FN:1159,(anonymous_123)
FN:1171,(anonymous_124)
FN:1190,(anonymous_125)
FN:1266,(anonymous_126)
FN:1287,(anonymous_127)
FN:1292,(anonymous_128)
FN:1306,(anonymous_129)
FN:1309,(anonymous_130)
FN:1327,(anonymous_131)
FN:1330,(anonymous_132)
FN:1362,(anonymous_133)
FN:1374,(anonymous_134)
FN:1385,(anonymous_135)
FN:1394,(anonymous_136)
FN:1398,(anonymous_137)
FN:1409,(anonymous_138)
FN:1415,(anonymous_139)
FN:1420,(anonymous_140)
FN:1424,(anonymous_141)
FN:1428,(anonymous_142)
FN:1432,(anonymous_143)
FN:1436,(anonymous_144)
FN:1445,(anonymous_145)
FN:1449,(anonymous_146)
FN:1455,(anonymous_147)
FN:1461,ensureIsNotNested
FN:1468,(anonymous_149)
FN:1483,(anonymous_150)
FN:1497,(anonymous_151)
FN:1508,(anonymous_152)
FN:1521,addSpecsToSuite
FN:1540,findFocusedAncestor
FN:1551,unfocusAncestor
FN:1563,(anonymous_156)
FN:1571,(anonymous_157)
FN:1578,(anonymous_158)
FN:1588,specResultCallback
FN:1599,specStarted
FN:1606,(anonymous_161)
FN:1621,(anonymous_162)
FN:1633,(anonymous_163)
FN:1643,(anonymous_164)
FN:1651,(anonymous_165)
FN:1659,(anonymous_166)
FN:1668,(anonymous_167)
FN:1677,(anonymous_168)
FN:1687,(anonymous_169)
FN:1696,(anonymous_170)
FN:1704,(anonymous_171)
FN:1740,(anonymous_172)
FN:1743,(anonymous_173)
FN:1744,(anonymous_174)
FN:1753,JsApiReporter
FN:1761,(anonymous_176)
FN:1769,(anonymous_177)
FN:1782,(anonymous_178)
FN:1789,(anonymous_179)
FN:1793,(anonymous_180)
FN:1807,(anonymous_181)
FN:1811,storeSuite
FN:1822,(anonymous_183)
FN:1828,(anonymous_184)
FN:1842,(anonymous_185)
FN:1852,(anonymous_186)
FN:1862,(anonymous_187)
FN:1871,(anonymous_188)
FN:1873,Any
FN:1883,(anonymous_190)
FN:1914,(anonymous_191)
FN:1921,(anonymous_192)
FN:1923,Anything
FN:1925,(anonymous_194)
FN:1929,(anonymous_195)
FN:1936,(anonymous_196)
FN:1937,ArrayContaining
FN:1941,(anonymous_198)
FN:1956,(anonymous_199)
FN:1963,(anonymous_200)
FN:1965,ArrayWithExactContents
FN:1969,(anonymous_202)
FN:1988,(anonymous_203)
FN:1995,(anonymous_204)
FN:1997,Empty
FN:1999,(anonymous_206)
FN:2014,(anonymous_207)
FN:2021,(anonymous_208)
FN:2023,Falsy
FN:2025,(anonymous_210)
FN:2029,(anonymous_211)
FN:2036,(anonymous_212)
FN:2038,NotEmpty
FN:2040,(anonymous_214)
FN:2056,(anonymous_215)
FN:2063,(anonymous_216)
FN:2065,ObjectContaining
FN:2069,getPrototype
FN:2081,hasProperty
FN:2093,(anonymous_220)
FN:2106,(anonymous_221)
FN:2113,(anonymous_222)
FN:2115,StringMatching
FN:2123,(anonymous_224)
FN:2127,(anonymous_225)
FN:2134,(anonymous_226)
FN:2136,Truthy
FN:2138,(anonymous_228)
FN:2142,(anonymous_229)
FN:2149,(anonymous_230)
FN:2154,CallTracker
FN:2158,(anonymous_232)
FN:2171,(anonymous_233)
FN:2181,(anonymous_234)
FN:2192,(anonymous_235)
FN:2203,(anonymous_236)
FN:2213,(anonymous_237)
FN:2228,(anonymous_238)
FN:2238,(anonymous_239)
FN:2247,(anonymous_240)
FN:2256,(anonymous_241)
FN:2265,(anonymous_242)
FN:2268,messageChannelImpl
FN:2274,(anonymous_244)
FN:2292,clearStack
FN:2305,getClearStack
FN:2308,clearStack
FN:2314,(anonymous_248)
FN:2335,(anonymous_249)
FN:2345,Clock
FN:2371,(anonymous_251)
FN:2388,(anonymous_252)
FN:2405,(anonymous_253)
FN:2420,(anonymous_254)
FN:2424,(anonymous_255)
FN:2428,(anonymous_256)
FN:2432,(anonymous_257)
FN:2436,(anonymous_258)
FN:2446,(anonymous_259)
FN:2448,(anonymous_260)
FN:2456,originalTimingFunctionsIntact
FN:2463,replace
FN:2469,setTimeout
FN:2481,clearTimeout
FN:2485,setInterval
FN:2497,clearInterval
FN:2501,argSlice
FN:2509,FakeTimeout
FN:2511,(anonymous_269)
FN:2515,(anonymous_270)
FN:2522,(anonymous_271)
FN:2523,DelayedFunctionScheduler
FN:2531,(anonymous_273)
FN:2539,(anonymous_274)
FN:2543,(anonymous_275)
FN:2567,(anonymous_276)
FN:2575,(anonymous_277)
FN:2580,(anonymous_278)
FN:2601,indexOfFirstToPass
FN:2614,deleteFromLookup
FN:2616,(anonymous_281)
FN:2625,reschedule
FN:2634,forEachFunction
FN:2640,runScheduledFunctions
FN:2641,(anonymous_285)
FN:2658,(anonymous_286)
FN:2664,(anonymous_287)
FN:2688,(anonymous_288)
FN:2689,ExpectationFailed
FN:2698,(anonymous_290)
FN:2700,ExceptionFormatter
FN:2702,(anonymous_292)
FN:2724,(anonymous_293)
FN:2743,filterJasmine
FN:2747,(anonymous_295)
FN:2758,formatProperties
FN:2786,(anonymous_297)
FN:2788,(anonymous_298)
FN:2795,Expectation
FN:2811,withContext
FN:2824,(anonymous_301)
FN:2833,AsyncExpectation
FN:2853,withContext
FN:2868,(anonymous_304)
FN:2873,wrapSyncCompare
FN:2874,(anonymous_306)
FN:2880,wrapAsyncCompare
FN:2881,(anonymous_308)
FN:2888,(anonymous_309)
FN:2894,addCoreMatchers
FN:2901,addFilter
FN:2907,negatedFailureMessage
FN:2922,negate
FN:2928,(anonymous_314)
FN:2929,defaultNegativeCompare
FN:2939,(anonymous_316)
FN:2940,defaultNegativeCompare
FN:2949,ContextAddingFilter
FN:2953,(anonymous_319)
FN:2958,(anonymous_320)
FN:2961,(anonymous_321)
FN:2964,(anonymous_322)
FN:2967,(anonymous_323)
FN:2973,(anonymous_324)
FN:2974,ExpectationFilterChain
FN:2979,(anonymous_326)
FN:2983,(anonymous_327)
FN:2987,(anonymous_328)
FN:2991,(anonymous_329)
FN:2996,(anonymous_330)
FN:3021,(anonymous_331)
FN:3022,buildExpectationResult
FN:3023,(anonymous_333)
FN:3024,(anonymous_334)
FN:3049,message
FN:3060,stack
FN:3086,(anonymous_337)
FN:3087,Expector
FN:3088,(anonymous_339)
FN:3091,(anonymous_340)
FN:3095,(anonymous_341)
FN:3107,(anonymous_342)
FN:3117,defaultMessage
FN:3131,(anonymous_344)
FN:3136,(anonymous_345)
FN:3142,(anonymous_346)
FN:3167,(anonymous_347)
FN:3168,generateErrorMsg
FN:3171,errorMsg
FN:3179,(anonymous_350)
FN:3180,GlobalErrors
FN:3184,onerror
FN:3195,installOne_
FN:3200,uninstall
FN:3213,install
FN:3221,uninstall
FN:3227,pushListener
FN:3231,popListener
FN:3239,(anonymous_359)
FN:3250,toBeResolved
FN:3252,(anonymous_361)
FN:3254,(anonymous_362)
FN:3255,(anonymous_363)
FN:3262,(anonymous_364)
FN:3274,toBeRejectedWith
FN:3276,(anonymous_366)
FN:3277,prefix
FN:3284,(anonymous_368)
FN:3290,(anonymous_369)
FN:3309,(anonymous_370)
FN:3320,toBeResolved
FN:3322,(anonymous_372)
FN:3324,(anonymous_373)
FN:3325,(anonymous_374)
FN:3332,(anonymous_375)
FN:3344,toBeResolvedTo
FN:3346,(anonymous_377)
FN:3347,prefix
FN:3354,(anonymous_379)
FN:3367,(anonymous_380)
FN:3379,(anonymous_381)
FN:3380,DiffBuilder
FN:3385,(anonymous_383)
FN:3390,(anonymous_384)
FN:3394,(anonymous_385)
FN:3402,defaultFormatter
FN:3413,(anonymous_387)
FN:3419,(anonymous_388)
FN:3440,(anonymous_389)
FN:3446,(anonymous_390)
FN:3466,isAsymmetric
FN:3470,asymmetricMatch
FN:3496,equals
FN:3505,eq
FN:3632,(anonymous_395)
FN:3641,(anonymous_396)
FN:3661,(anonymous_397)
FN:3664,(anonymous_398)
FN:3707,(anonymous_399)
FN:3711,(anonymous_400)
FN:3784,(anonymous_401)
FN:3802,keys
FN:3804,(anonymous_403)
FN:3832,has
FN:3836,isFunction
FN:3840,objectKeysAreDifferentFormatter
FN:3862,constructorsAreDifferentFormatter
FN:3873,actualArrayIsLongerFormatter
FN:3880,formatKeyValuePairs
FN:3889,(anonymous_410)
FN:3897,nothing
FN:3899,(anonymous_412)
FN:3910,(anonymous_413)
FN:3911,(anonymous_414)
FN:3913,(anonymous_415)
FN:3916,(anonymous_416)
FN:3921,(anonymous_417)
FN:3922,ObjectPath
FN:3926,(anonymous_419)
FN:3934,(anonymous_420)
FN:3938,(anonymous_421)
FN:3942,formatPropertyAccess
FN:3954,map
FN:3962,isValidIdentifier
FN:3969,(anonymous_425)
FN:3986,(anonymous_426)
FN:3995,toBe
FN:3999,(anonymous_428)
FN:4016,(anonymous_429)
FN:4026,toBeCloseTo
FN:4028,(anonymous_431)
FN:4053,(anonymous_432)
FN:4061,toBeDefined
FN:4063,(anonymous_434)
FN:4074,(anonymous_435)
FN:4082,toBeFalsy
FN:4084,(anonymous_437)
FN:4095,(anonymous_438)
FN:4104,toBeGreaterThan
FN:4106,(anonymous_440)
FN:4118,(anonymous_441)
FN:4127,toBeGreaterThanOrEqual
FN:4129,(anonymous_443)
FN:4140,(anonymous_444)
FN:4149,toBeLessThan
FN:4152,(anonymous_446)
FN:4163,(anonymous_447)
FN:4172,toBeLessThanOrEqual
FN:4175,(anonymous_449)
FN:4186,(anonymous_450)
FN:4194,toBeNaN
FN:4196,(anonymous_452)
FN:4204,(anonymous_453)
FN:4215,(anonymous_454)
FN:4223,toBeNegativeInfinity
FN:4225,(anonymous_456)
FN:4233,(anonymous_457)
FN:4244,(anonymous_458)
FN:4252,toBeNull
FN:4254,(anonymous_460)
FN:4265,(anonymous_461)
FN:4273,toBePositiveInfinity
FN:4275,(anonymous_463)
FN:4283,(anonymous_464)
FN:4294,(anonymous_465)
FN:4302,toBeTruthy
FN:4304,(anonymous_467)
FN:4315,(anonymous_468)
FN:4323,toBeUndefined
FN:4325,(anonymous_470)
FN:4336,(anonymous_471)
FN:4346,toContain
FN:4350,(anonymous_473)
FN:4362,(anonymous_474)
FN:4371,toEqual
FN:4375,(anonymous_476)
FN:4394,(anonymous_477)
FN:4406,toHaveBeenCalled
FN:4408,(anonymous_479)
FN:4433,(anonymous_480)
FN:4445,toHaveBeenCalledBefore
FN:4447,(anonymous_482)
FN:4494,(anonymous_483)
FN:4506,toHaveBeenCalledTimes
FN:4508,(anonymous_485)
FN:4535,(anonymous_486)
FN:4547,toHaveBeenCalledWith
FN:4549,(anonymous_488)
FN:4560,(anonymous_489)
FN:4566,(anonymous_490)
FN:4568,(anonymous_491)
FN:4579,(anonymous_492)
FN:4590,toHaveClass
FN:4592,(anonymous_494)
FN:4604,isElement
FN:4613,(anonymous_496)
FN:4626,toMatch
FN:4628,(anonymous_498)
FN:4645,(anonymous_499)
FN:4658,toThrow
FN:4660,(anonymous_501)
FN:4683,(anonymous_502)
FN:4690,(anonymous_503)
FN:4692,(anonymous_504)
FN:4703,(anonymous_505)
FN:4720,toThrowError
FN:4722,(anonymous_507)
FN:4738,(anonymous_508)
FN:4745,getMatcher
FN:4769,anyMatcher
FN:4771,(anonymous_511)
FN:4777,exactMatcher
FN:4786,messageMatch
FN:4796,thrownDescription
FN:4807,messageDescription
FN:4817,matches
FN:4823,(anonymous_517)
FN:4825,(anonymous_518)
FN:4829,(anonymous_519)
FN:4838,isStringOrRegExp
FN:4842,isAnErrorType
FN:4847,(anonymous_522)
FN:4853,pass
FN:4860,fail
FN:4870,(anonymous_525)
FN:4881,toThrowMatching
FN:4883,(anonymous_527)
FN:4904,(anonymous_528)
FN:4913,thrownDescription
FN:4922,pass
FN:4929,fail
FN:4939,(anonymous_532)
FN:4940,MockDate
FN:4945,(anonymous_534)
FN:4946,(anonymous_535)
FN:4947,(anonymous_536)
FN:4953,(anonymous_537)
FN:4963,(anonymous_538)
FN:4968,(anonymous_539)
FN:4977,FakeDate
FN:5001,createDateProperties
FN:5004,(anonymous_542)
FN:5022,(anonymous_543)
FN:5024,PrettyPrinter
FN:5031,hasCustomToString
FN:5037,(anonymous_546)
FN:5094,(anonymous_547)
FN:5096,isGetter
FN:5099,isGetter
FN:5114,(anonymous_550)
FN:5118,(anonymous_551)
FN:5122,(anonymous_552)
FN:5141,(anonymous_553)
FN:5156,(anonymous_554)
FN:5164,(anonymous_555)
FN:5181,(anonymous_556)
FN:5189,(anonymous_557)
FN:5206,(anonymous_558)
FN:5224,(anonymous_559)
FN:5239,(anonymous_560)
FN:5251,(anonymous_561)
FN:5263,(anonymous_562)
FN:5273,(anonymous_563)
FN:5284,truncate
FN:5293,MaxCharsReachedError
FN:5300,keys
FN:5302,(anonymous_567)
FN:5329,(anonymous_568)
FN:5336,(anonymous_569)
FN:5337,StopExecutionError
FN:5341,once
FN:5343,(anonymous_572)
FN:5353,emptyFn
FN:5355,QueueRunner
FN:5360,(anonymous_575)
FN:5375,(anonymous_576)
FN:5377,(anonymous_577)
FN:5384,(anonymous_578)
FN:5392,(anonymous_579)
FN:5396,(anonymous_580)
FN:5400,attempt
FN:5402,handleError
FN:5406,cleanup
FN:5412,next
FN:5422,runNext
FN:5440,nextFail
FN:5450,(anonymous_587)
FN:5482,onException
FN:5487,onPromiseRejection
FN:5493,(anonymous_590)
FN:5514,(anonymous_591)
FN:5524,(anonymous_592)
FN:5525,ReportDispatcher
FN:5531,(anonymous_594)
FN:5532,(anonymous_595)
FN:5541,(anonymous_596)
FN:5545,(anonymous_597)
FN:5549,(anonymous_598)
FN:5555,dispatch
FN:5574,addFn
FN:5583,(anonymous_601)
FN:5589,(anonymous_602)
FN:5601,(anonymous_603)
FN:5623,(anonymous_604)
FN:5637,(anonymous_605)
FN:5652,(anonymous_606)
FN:5668,(anonymous_607)
FN:5682,(anonymous_608)
FN:5698,(anonymous_609)
FN:5711,(anonymous_610)
FN:5724,(anonymous_611)
FN:5739,(anonymous_612)
FN:5754,(anonymous_613)
FN:5766,(anonymous_614)
FN:5785,(anonymous_615)
FN:5796,(anonymous_616)
FN:5807,(anonymous_617)
FN:5820,(anonymous_618)
FN:5834,(anonymous_619)
FN:5846,(anonymous_620)
FN:5869,(anonymous_621)
FN:5882,(anonymous_622)
FN:5892,(anonymous_623)
FN:5904,(anonymous_624)
FN:5916,(anonymous_625)
FN:5929,(anonymous_626)
FN:5936,(anonymous_627)
FN:5938,(anonymous_628)
FN:5941,(anonymous_629)
FN:5951,Spy
FN:5953,(anonymous_631)
FN:5959,(anonymous_632)
FN:5965,(anonymous_633)
FN:5985,makeFunc
FN:5987,(anonymous_635)
FN:5988,(anonymous_636)
FN:5989,(anonymous_637)
FN:5990,(anonymous_638)
FN:5991,(anonymous_639)
FN:5992,(anonymous_640)
FN:5993,(anonymous_641)
FN:5994,(anonymous_642)
FN:5995,(anonymous_643)
FN:5996,(anonymous_644)
FN:6028,(anonymous_645)
FN:6037,SpyStrategyDispatcher
FN:6039,(anonymous_647)
FN:6045,(anonymous_648)
FN:6059,(anonymous_649)
FN:6064,StrategyDict
FN:6069,(anonymous_651)
FN:6073,(anonymous_652)
FN:6087,(anonymous_653)
FN:6100,(anonymous_654)
FN:6102,SpyFactory
FN:6105,(anonymous_656)
FN:6109,(anonymous_657)
FN:6146,(anonymous_658)
FN:6150,SpyRegistry
FN:6154,(anonymous_660)
FN:6156,(anonymous_661)
FN:6160,(anonymous_662)
FN:6193,(anonymous_663)
FN:6197,(anonymous_664)
FN:6213,(anonymous_665)
FN:6248,(anonymous_666)
FN:6252,(anonymous_667)
FN:6268,(anonymous_668)
FN:6285,(anonymous_669)
FN:6297,(anonymous_670)
FN:6302,SpyStrategy
FN:6312,(anonymous_672)
FN:6313,(anonymous_673)
FN:6314,(anonymous_674)
FN:6324,createCustomPlan
FN:6325,(anonymous_676)
FN:6342,(anonymous_677)
FN:6351,(anonymous_678)
FN:6362,(anonymous_679)
FN:6363,(anonymous_680)
FN:6375,(anonymous_681)
FN:6377,(anonymous_682)
FN:6389,(anonymous_683)
FN:6391,(anonymous_684)
FN:6403,(anonymous_685)
FN:6416,(anonymous_686)
FN:6417,(anonymous_687)
FN:6421,(anonymous_688)
FN:6428,(anonymous_689)
FN:6429,StackTrace
FN:6432,(anonymous_691)
FN:6465,tryParseFrames
FN:6467,(anonymous_693)
FN:6468,(anonymous_694)
FN:6495,first
FN:6507,extractMessage
FN:6518,messagePrefixLength
FN:6538,(anonymous_698)
FN:6539,Suite
FN:6574,(anonymous_700)
FN:6578,(anonymous_701)
FN:6582,(anonymous_702)
FN:6592,(anonymous_703)
FN:6596,(anonymous_704)
FN:6600,(anonymous_705)
FN:6604,(anonymous_706)
FN:6608,(anonymous_707)
FN:6612,removeFns
FN:6618,(anonymous_709)
FN:6625,(anonymous_710)
FN:6629,(anonymous_711)
FN:6641,(anonymous_712)
FN:6645,(anonymous_713)
FN:6650,(anonymous_714)
FN:6658,(anonymous_715)
FN:6662,(anonymous_716)
FN:6683,(anonymous_717)
FN:6693,(anonymous_718)
FN:6700,isFailure
FN:6712,(anonymous_720)
FN:6713,(anonymous_721)
FN:6714,(anonymous_722)
FN:6717,Timer
FN:6723,(anonymous_724)
FN:6727,(anonymous_725)
FN:6735,(anonymous_726)
FN:6736,TreeProcessor
FN:6740,(anonymous_728)
FN:6741,(anonymous_729)
FN:6742,(anonymous_730)
FN:6743,(anonymous_731)
FN:6749,(anonymous_732)
FN:6755,(anonymous_733)
FN:6769,(anonymous_734)
FN:6776,runnableIndex
FN:6784,processNode
FN:6836,startingMin
FN:6840,startingMax
FN:6844,segmentChildren
FN:6850,isSegmentBoundary
FN:6873,orderChildSegments
FN:6892,(anonymous_742)
FN:6899,executeNode
FN:6902,(anonymous_744)
FN:6904,(anonymous_745)
FN:6910,(anonymous_746)
FN:6913,(anonymous_747)
FN:6919,(anonymous_748)
FN:6927,(anonymous_749)
FN:6932,wrapChildren
FN:6951,(anonymous_751)
FN:6952,UserContext
FN:6955,(anonymous_753)
FN:6970,(anonymous_754)
FNF:754
FNH:0
FNDA:0,(anonymous_1)
FNDA:0,getJasmineRequire
FNDA:0,(anonymous_3)
FNDA:0,(anonymous_4)
FNDA:0,(anonymous_5)
FNDA:0,(anonymous_6)
FNDA:0,(anonymous_7)
FNDA:0,(anonymous_8)
FNDA:0,(anonymous_9)
FNDA:0,(anonymous_10)
FNDA:0,(anonymous_11)
FNDA:0,(anonymous_12)
FNDA:0,(anonymous_13)
FNDA:0,(anonymous_14)
FNDA:0,(anonymous_15)
FNDA:0,(anonymous_16)
FNDA:0,(anonymous_17)
FNDA:0,(anonymous_18)
FNDA:0,(anonymous_19)
FNDA:0,(anonymous_20)
FNDA:0,(anonymous_21)
FNDA:0,(anonymous_22)
FNDA:0,(anonymous_23)
FNDA:0,(anonymous_24)
FNDA:0,(anonymous_25)
FNDA:0,(anonymous_26)
FNDA:0,(anonymous_27)
FNDA:0,(anonymous_28)
FNDA:0,(anonymous_29)
FNDA:0,(anonymous_30)
FNDA:0,(anonymous_31)
FNDA:0,(anonymous_32)
FNDA:0,(anonymous_33)
FNDA:0,(anonymous_34)
FNDA:0,(anonymous_35)
FNDA:0,(anonymous_36)
FNDA:0,(anonymous_37)
FNDA:0,(anonymous_38)
FNDA:0,(anonymous_39)
FNDA:0,(anonymous_40)
FNDA:0,(anonymous_41)
FNDA:0,(anonymous_42)
FNDA:0,(anonymous_43)
FNDA:0,(anonymous_44)
FNDA:0,(anonymous_45)
FNDA:0,(anonymous_46)
FNDA:0,(anonymous_47)
FNDA:0,anyMatch
FNDA:0,errorWithStack
FNDA:0,callerFile
FNDA:0,(anonymous_51)
FNDA:0,(anonymous_52)
FNDA:0,(anonymous_53)
FNDA:0,Spec
FNDA:0,(anonymous_55)
FNDA:0,(anonymous_56)
FNDA:0,(anonymous_57)
FNDA:0,(anonymous_58)
FNDA:0,(anonymous_59)
FNDA:0,(anonymous_60)
FNDA:0,(anonymous_61)
FNDA:0,(anonymous_62)
FNDA:0,(anonymous_63)
FNDA:0,(anonymous_64)
FNDA:0,(anonymous_65)
FNDA:0,(anonymous_66)
FNDA:0,(anonymous_67)
FNDA:0,(anonymous_68)
FNDA:0,(anonymous_69)
FNDA:0,(anonymous_70)
FNDA:0,onException
FNDA:0,(anonymous_72)
FNDA:0,(anonymous_73)
FNDA:0,(anonymous_74)
FNDA:0,(anonymous_75)
FNDA:0,(anonymous_76)
FNDA:0,(anonymous_77)
FNDA:0,(anonymous_78)
FNDA:0,(anonymous_79)
FNDA:0,Order
FNDA:0,naturalOrder
FNDA:0,randomOrder
FNDA:0,(anonymous_83)
FNDA:0,generateSeed
FNDA:0,jenkinsHash
FNDA:0,(anonymous_86)
FNDA:0,Env
FNDA:0,(anonymous_88)
FNDA:0,(anonymous_89)
FNDA:0,(anonymous_90)
FNDA:0,(anonymous_91)
FNDA:0,(anonymous_92)
FNDA:0,(anonymous_93)
FNDA:0,(anonymous_94)
FNDA:0,(anonymous_95)
FNDA:0,(anonymous_96)
FNDA:0,(anonymous_97)
FNDA:0,(anonymous_98)
FNDA:0,(anonymous_99)
FNDA:0,(anonymous_100)
FNDA:0,(anonymous_101)
FNDA:0,(anonymous_102)
FNDA:0,(anonymous_103)
FNDA:0,addExpectationResult
FNDA:0,(anonymous_105)
FNDA:0,addExpectationResult
FNDA:0,(anonymous_107)
FNDA:0,(anonymous_108)
FNDA:0,(anonymous_109)
FNDA:0,(anonymous_110)
FNDA:0,(anonymous_111)
FNDA:0,(anonymous_112)
FNDA:0,(anonymous_113)
FNDA:0,(anonymous_114)
FNDA:0,(anonymous_115)
FNDA:0,(anonymous_116)
FNDA:0,(anonymous_117)
FNDA:0,(anonymous_118)
FNDA:0,(anonymous_119)
FNDA:0,(anonymous_120)
FNDA:0,(anonymous_121)
FNDA:0,(anonymous_122)
FNDA:0,(anonymous_123)
FNDA:0,(anonymous_124)
FNDA:0,(anonymous_125)
FNDA:0,(anonymous_126)
FNDA:0,(anonymous_127)
FNDA:0,(anonymous_128)
FNDA:0,(anonymous_129)
FNDA:0,(anonymous_130)
FNDA:0,(anonymous_131)
FNDA:0,(anonymous_132)
FNDA:0,(anonymous_133)
FNDA:0,(anonymous_134)
FNDA:0,(anonymous_135)
FNDA:0,(anonymous_136)
FNDA:0,(anonymous_137)
FNDA:0,(anonymous_138)
FNDA:0,(anonymous_139)
FNDA:0,(anonymous_140)
FNDA:0,(anonymous_141)
FNDA:0,(anonymous_142)
FNDA:0,(anonymous_143)
FNDA:0,(anonymous_144)
FNDA:0,(anonymous_145)
FNDA:0,(anonymous_146)
FNDA:0,(anonymous_147)
FNDA:0,ensureIsNotNested
FNDA:0,(anonymous_149)
FNDA:0,(anonymous_150)
FNDA:0,(anonymous_151)
FNDA:0,(anonymous_152)
FNDA:0,addSpecsToSuite
FNDA:0,findFocusedAncestor
FNDA:0,unfocusAncestor
FNDA:0,(anonymous_156)
FNDA:0,(anonymous_157)
FNDA:0,(anonymous_158)
FNDA:0,specResultCallback
FNDA:0,specStarted
FNDA:0,(anonymous_161)
FNDA:0,(anonymous_162)
FNDA:0,(anonymous_163)
FNDA:0,(anonymous_164)
FNDA:0,(anonymous_165)
FNDA:0,(anonymous_166)
FNDA:0,(anonymous_167)
FNDA:0,(anonymous_168)
FNDA:0,(anonymous_169)
FNDA:0,(anonymous_170)
FNDA:0,(anonymous_171)
FNDA:0,(anonymous_172)
FNDA:0,(anonymous_173)
FNDA:0,(anonymous_174)
FNDA:0,JsApiReporter
FNDA:0,(anonymous_176)
FNDA:0,(anonymous_177)
FNDA:0,(anonymous_178)
FNDA:0,(anonymous_179)
FNDA:0,(anonymous_180)
FNDA:0,(anonymous_181)
FNDA:0,storeSuite
FNDA:0,(anonymous_183)
FNDA:0,(anonymous_184)
FNDA:0,(anonymous_185)
FNDA:0,(anonymous_186)
FNDA:0,(anonymous_187)
FNDA:0,(anonymous_188)
FNDA:0,Any
FNDA:0,(anonymous_190)
FNDA:0,(anonymous_191)
FNDA:0,(anonymous_192)
FNDA:0,Anything
FNDA:0,(anonymous_194)
FNDA:0,(anonymous_195)
FNDA:0,(anonymous_196)
FNDA:0,ArrayContaining
FNDA:0,(anonymous_198)
FNDA:0,(anonymous_199)
FNDA:0,(anonymous_200)
FNDA:0,ArrayWithExactContents
FNDA:0,(anonymous_202)
FNDA:0,(anonymous_203)
FNDA:0,(anonymous_204)
FNDA:0,Empty
FNDA:0,(anonymous_206)
FNDA:0,(anonymous_207)
FNDA:0,(anonymous_208)
FNDA:0,Falsy
FNDA:0,(anonymous_210)
FNDA:0,(anonymous_211)
FNDA:0,(anonymous_212)
FNDA:0,NotEmpty
FNDA:0,(anonymous_214)
FNDA:0,(anonymous_215)
FNDA:0,(anonymous_216)
FNDA:0,ObjectContaining
FNDA:0,getPrototype
FNDA:0,hasProperty
FNDA:0,(anonymous_220)
FNDA:0,(anonymous_221)
FNDA:0,(anonymous_222)
FNDA:0,StringMatching
FNDA:0,(anonymous_224)
FNDA:0,(anonymous_225)
FNDA:0,(anonymous_226)
FNDA:0,Truthy
FNDA:0,(anonymous_228)
FNDA:0,(anonymous_229)
FNDA:0,(anonymous_230)
FNDA:0,CallTracker
FNDA:0,(anonymous_232)
FNDA:0,(anonymous_233)
FNDA:0,(anonymous_234)
FNDA:0,(anonymous_235)
FNDA:0,(anonymous_236)
FNDA:0,(anonymous_237)
FNDA:0,(anonymous_238)
FNDA:0,(anonymous_239)
FNDA:0,(anonymous_240)
FNDA:0,(anonymous_241)
FNDA:0,(anonymous_242)
FNDA:0,messageChannelImpl
FNDA:0,(anonymous_244)
FNDA:0,clearStack
FNDA:0,getClearStack
FNDA:0,clearStack
FNDA:0,(anonymous_248)
FNDA:0,(anonymous_249)
FNDA:0,Clock
FNDA:0,(anonymous_251)
FNDA:0,(anonymous_252)
FNDA:0,(anonymous_253)
FNDA:0,(anonymous_254)
FNDA:0,(anonymous_255)
FNDA:0,(anonymous_256)
FNDA:0,(anonymous_257)
FNDA:0,(anonymous_258)
FNDA:0,(anonymous_259)
FNDA:0,(anonymous_260)
FNDA:0,originalTimingFunctionsIntact
FNDA:0,replace
FNDA:0,setTimeout
FNDA:0,clearTimeout
FNDA:0,setInterval
FNDA:0,clearInterval
FNDA:0,argSlice
FNDA:0,FakeTimeout
FNDA:0,(anonymous_269)
FNDA:0,(anonymous_270)
FNDA:0,(anonymous_271)
FNDA:0,DelayedFunctionScheduler
FNDA:0,(anonymous_273)
FNDA:0,(anonymous_274)
FNDA:0,(anonymous_275)
FNDA:0,(anonymous_276)
FNDA:0,(anonymous_277)
FNDA:0,(anonymous_278)
FNDA:0,indexOfFirstToPass
FNDA:0,deleteFromLookup
FNDA:0,(anonymous_281)
FNDA:0,reschedule
FNDA:0,forEachFunction
FNDA:0,runScheduledFunctions
FNDA:0,(anonymous_285)
FNDA:0,(anonymous_286)
FNDA:0,(anonymous_287)
FNDA:0,(anonymous_288)
FNDA:0,ExpectationFailed
FNDA:0,(anonymous_290)
FNDA:0,ExceptionFormatter
FNDA:0,(anonymous_292)
FNDA:0,(anonymous_293)
FNDA:0,filterJasmine
FNDA:0,(anonymous_295)
FNDA:0,formatProperties
FNDA:0,(anonymous_297)
FNDA:0,(anonymous_298)
FNDA:0,Expectation
FNDA:0,withContext
FNDA:0,(anonymous_301)
FNDA:0,AsyncExpectation
FNDA:0,withContext
FNDA:0,(anonymous_304)
FNDA:0,wrapSyncCompare
FNDA:0,(anonymous_306)
FNDA:0,wrapAsyncCompare
FNDA:0,(anonymous_308)
FNDA:0,(anonymous_309)
FNDA:0,addCoreMatchers
FNDA:0,addFilter
FNDA:0,negatedFailureMessage
FNDA:0,negate
FNDA:0,(anonymous_314)
FNDA:0,defaultNegativeCompare
FNDA:0,(anonymous_316)
FNDA:0,defaultNegativeCompare
FNDA:0,ContextAddingFilter
FNDA:0,(anonymous_319)
FNDA:0,(anonymous_320)
FNDA:0,(anonymous_321)
FNDA:0,(anonymous_322)
FNDA:0,(anonymous_323)
FNDA:0,(anonymous_324)
FNDA:0,ExpectationFilterChain
FNDA:0,(anonymous_326)
FNDA:0,(anonymous_327)
FNDA:0,(anonymous_328)
FNDA:0,(anonymous_329)
FNDA:0,(anonymous_330)
FNDA:0,(anonymous_331)
FNDA:0,buildExpectationResult
FNDA:0,(anonymous_333)
FNDA:0,(anonymous_334)
FNDA:0,message
FNDA:0,stack
FNDA:0,(anonymous_337)
FNDA:0,Expector
FNDA:0,(anonymous_339)
FNDA:0,(anonymous_340)
FNDA:0,(anonymous_341)
FNDA:0,(anonymous_342)
FNDA:0,defaultMessage
FNDA:0,(anonymous_344)
FNDA:0,(anonymous_345)
FNDA:0,(anonymous_346)
FNDA:0,(anonymous_347)
FNDA:0,generateErrorMsg
FNDA:0,errorMsg
FNDA:0,(anonymous_350)
FNDA:0,GlobalErrors
FNDA:0,onerror
FNDA:0,installOne_
FNDA:0,uninstall
FNDA:0,install
FNDA:0,uninstall
FNDA:0,pushListener
FNDA:0,popListener
FNDA:0,(anonymous_359)
FNDA:0,toBeResolved
FNDA:0,(anonymous_361)
FNDA:0,(anonymous_362)
FNDA:0,(anonymous_363)
FNDA:0,(anonymous_364)
FNDA:0,toBeRejectedWith
FNDA:0,(anonymous_366)
FNDA:0,prefix
FNDA:0,(anonymous_368)
FNDA:0,(anonymous_369)
FNDA:0,(anonymous_370)
FNDA:0,toBeResolved
FNDA:0,(anonymous_372)
FNDA:0,(anonymous_373)
FNDA:0,(anonymous_374)
FNDA:0,(anonymous_375)
FNDA:0,toBeResolvedTo
FNDA:0,(anonymous_377)
FNDA:0,prefix
FNDA:0,(anonymous_379)
FNDA:0,(anonymous_380)
FNDA:0,(anonymous_381)
FNDA:0,DiffBuilder
FNDA:0,(anonymous_383)
FNDA:0,(anonymous_384)
FNDA:0,(anonymous_385)
FNDA:0,defaultFormatter
FNDA:0,(anonymous_387)
FNDA:0,(anonymous_388)
FNDA:0,(anonymous_389)
FNDA:0,(anonymous_390)
FNDA:0,isAsymmetric
FNDA:0,asymmetricMatch
FNDA:0,equals
FNDA:0,eq
FNDA:0,(anonymous_395)
FNDA:0,(anonymous_396)
FNDA:0,(anonymous_397)
FNDA:0,(anonymous_398)
FNDA:0,(anonymous_399)
FNDA:0,(anonymous_400)
FNDA:0,(anonymous_401)
FNDA:0,keys
FNDA:0,(anonymous_403)
FNDA:0,has
FNDA:0,isFunction
FNDA:0,objectKeysAreDifferentFormatter
FNDA:0,constructorsAreDifferentFormatter
FNDA:0,actualArrayIsLongerFormatter
FNDA:0,formatKeyValuePairs
FNDA:0,(anonymous_410)
FNDA:0,nothing
FNDA:0,(anonymous_412)
FNDA:0,(anonymous_413)
FNDA:0,(anonymous_414)
FNDA:0,(anonymous_415)
FNDA:0,(anonymous_416)
FNDA:0,(anonymous_417)
FNDA:0,ObjectPath
FNDA:0,(anonymous_419)
FNDA:0,(anonymous_420)
FNDA:0,(anonymous_421)
FNDA:0,formatPropertyAccess
FNDA:0,map
FNDA:0,isValidIdentifier
FNDA:0,(anonymous_425)
FNDA:0,(anonymous_426)
FNDA:0,toBe
FNDA:0,(anonymous_428)
FNDA:0,(anonymous_429)
FNDA:0,toBeCloseTo
FNDA:0,(anonymous_431)
FNDA:0,(anonymous_432)
FNDA:0,toBeDefined
FNDA:0,(anonymous_434)
FNDA:0,(anonymous_435)
FNDA:0,toBeFalsy
FNDA:0,(anonymous_437)
FNDA:0,(anonymous_438)
FNDA:0,toBeGreaterThan
FNDA:0,(anonymous_440)
FNDA:0,(anonymous_441)
FNDA:0,toBeGreaterThanOrEqual
FNDA:0,(anonymous_443)
FNDA:0,(anonymous_444)
FNDA:0,toBeLessThan
FNDA:0,(anonymous_446)
FNDA:0,(anonymous_447)
FNDA:0,toBeLessThanOrEqual
FNDA:0,(anonymous_449)
FNDA:0,(anonymous_450)
FNDA:0,toBeNaN
FNDA:0,(anonymous_452)
FNDA:0,(anonymous_453)
FNDA:0,(anonymous_454)
FNDA:0,toBeNegativeInfinity
FNDA:0,(anonymous_456)
FNDA:0,(anonymous_457)
FNDA:0,(anonymous_458)
FNDA:0,toBeNull
FNDA:0,(anonymous_460)
FNDA:0,(anonymous_461)
FNDA:0,toBePositiveInfinity
FNDA:0,(anonymous_463)
FNDA:0,(anonymous_464)
FNDA:0,(anonymous_465)
FNDA:0,toBeTruthy
FNDA:0,(anonymous_467)
FNDA:0,(anonymous_468)
FNDA:0,toBeUndefined
FNDA:0,(anonymous_470)
FNDA:0,(anonymous_471)
FNDA:0,toContain
FNDA:0,(anonymous_473)
FNDA:0,(anonymous_474)
FNDA:0,toEqual
FNDA:0,(anonymous_476)
FNDA:0,(anonymous_477)
FNDA:0,toHaveBeenCalled
FNDA:0,(anonymous_479)
FNDA:0,(anonymous_480)
FNDA:0,toHaveBeenCalledBefore
FNDA:0,(anonymous_482)
FNDA:0,(anonymous_483)
FNDA:0,toHaveBeenCalledTimes
FNDA:0,(anonymous_485)
FNDA:0,(anonymous_486)
FNDA:0,toHaveBeenCalledWith
FNDA:0,(anonymous_488)
FNDA:0,(anonymous_489)
FNDA:0,(anonymous_490)
FNDA:0,(anonymous_491)
FNDA:0,(anonymous_492)
FNDA:0,toHaveClass
FNDA:0,(anonymous_494)
FNDA:0,isElement
FNDA:0,(anonymous_496)
FNDA:0,toMatch
FNDA:0,(anonymous_498)
FNDA:0,(anonymous_499)
FNDA:0,toThrow
FNDA:0,(anonymous_501)
FNDA:0,(anonymous_502)
FNDA:0,(anonymous_503)
FNDA:0,(anonymous_504)
FNDA:0,(anonymous_505)
FNDA:0,toThrowError
FNDA:0,(anonymous_507)
FNDA:0,(anonymous_508)
FNDA:0,getMatcher
FNDA:0,anyMatcher
FNDA:0,(anonymous_511)
FNDA:0,exactMatcher
FNDA:0,messageMatch
FNDA:0,thrownDescription
FNDA:0,messageDescription
FNDA:0,matches
FNDA:0,(anonymous_517)
FNDA:0,(anonymous_518)
FNDA:0,(anonymous_519)
FNDA:0,isStringOrRegExp
FNDA:0,isAnErrorType
FNDA:0,(anonymous_522)
FNDA:0,pass
FNDA:0,fail
FNDA:0,(anonymous_525)
FNDA:0,toThrowMatching
FNDA:0,(anonymous_527)
FNDA:0,(anonymous_528)
FNDA:0,thrownDescription
FNDA:0,pass
FNDA:0,fail
FNDA:0,(anonymous_532)
FNDA:0,MockDate
FNDA:0,(anonymous_534)
FNDA:0,(anonymous_535)
FNDA:0,(anonymous_536)
FNDA:0,(anonymous_537)
FNDA:0,(anonymous_538)
FNDA:0,(anonymous_539)
FNDA:0,FakeDate
FNDA:0,createDateProperties
FNDA:0,(anonymous_542)
FNDA:0,(anonymous_543)
FNDA:0,PrettyPrinter
FNDA:0,hasCustomToString
FNDA:0,(anonymous_546)
FNDA:0,(anonymous_547)
FNDA:0,isGetter
FNDA:0,isGetter
FNDA:0,(anonymous_550)
FNDA:0,(anonymous_551)
FNDA:0,(anonymous_552)
FNDA:0,(anonymous_553)
FNDA:0,(anonymous_554)
FNDA:0,(anonymous_555)
FNDA:0,(anonymous_556)
FNDA:0,(anonymous_557)
FNDA:0,(anonymous_558)
FNDA:0,(anonymous_559)
FNDA:0,(anonymous_560)
FNDA:0,(anonymous_561)
FNDA:0,(anonymous_562)
FNDA:0,(anonymous_563)
FNDA:0,truncate
FNDA:0,MaxCharsReachedError
FNDA:0,keys
FNDA:0,(anonymous_567)
FNDA:0,(anonymous_568)
FNDA:0,(anonymous_569)
FNDA:0,StopExecutionError
FNDA:0,once
FNDA:0,(anonymous_572)
FNDA:0,emptyFn
FNDA:0,QueueRunner
FNDA:0,(anonymous_575)
FNDA:0,(anonymous_576)
FNDA:0,(anonymous_577)
FNDA:0,(anonymous_578)
FNDA:0,(anonymous_579)
FNDA:0,(anonymous_580)
FNDA:0,attempt
FNDA:0,handleError
FNDA:0,cleanup
FNDA:0,next
FNDA:0,runNext
FNDA:0,nextFail
FNDA:0,(anonymous_587)
FNDA:0,onException
FNDA:0,onPromiseRejection
FNDA:0,(anonymous_590)
FNDA:0,(anonymous_591)
FNDA:0,(anonymous_592)
FNDA:0,ReportDispatcher
FNDA:0,(anonymous_594)
FNDA:0,(anonymous_595)
FNDA:0,(anonymous_596)
FNDA:0,(anonymous_597)
FNDA:0,(anonymous_598)
FNDA:0,dispatch
FNDA:0,addFn
FNDA:0,(anonymous_601)
FNDA:0,(anonymous_602)
FNDA:0,(anonymous_603)
FNDA:0,(anonymous_604)
FNDA:0,(anonymous_605)
FNDA:0,(anonymous_606)
FNDA:0,(anonymous_607)
FNDA:0,(anonymous_608)
FNDA:0,(anonymous_609)
FNDA:0,(anonymous_610)
FNDA:0,(anonymous_611)
FNDA:0,(anonymous_612)
FNDA:0,(anonymous_613)
FNDA:0,(anonymous_614)
FNDA:0,(anonymous_615)
FNDA:0,(anonymous_616)
FNDA:0,(anonymous_617)
FNDA:0,(anonymous_618)
FNDA:0,(anonymous_619)
FNDA:0,(anonymous_620)
FNDA:0,(anonymous_621)
FNDA:0,(anonymous_622)
FNDA:0,(anonymous_623)
FNDA:0,(anonymous_624)
FNDA:0,(anonymous_625)
FNDA:0,(anonymous_626)
FNDA:0,(anonymous_627)
FNDA:0,(anonymous_628)
FNDA:0,(anonymous_629)
FNDA:0,Spy
FNDA:0,(anonymous_631)
FNDA:0,(anonymous_632)
FNDA:0,(anonymous_633)
FNDA:0,makeFunc
FNDA:0,(anonymous_635)
FNDA:0,(anonymous_636)
FNDA:0,(anonymous_637)
FNDA:0,(anonymous_638)
FNDA:0,(anonymous_639)
FNDA:0,(anonymous_640)
FNDA:0,(anonymous_641)
FNDA:0,(anonymous_642)
FNDA:0,(anonymous_643)
FNDA:0,(anonymous_644)
FNDA:0,(anonymous_645)
FNDA:0,SpyStrategyDispatcher
FNDA:0,(anonymous_647)
FNDA:0,(anonymous_648)
FNDA:0,(anonymous_649)
FNDA:0,StrategyDict
FNDA:0,(anonymous_651)
FNDA:0,(anonymous_652)
FNDA:0,(anonymous_653)
FNDA:0,(anonymous_654)
FNDA:0,SpyFactory
FNDA:0,(anonymous_656)
FNDA:0,(anonymous_657)
FNDA:0,(anonymous_658)
FNDA:0,SpyRegistry
FNDA:0,(anonymous_660)
FNDA:0,(anonymous_661)
FNDA:0,(anonymous_662)
FNDA:0,(anonymous_663)
FNDA:0,(anonymous_664)
FNDA:0,(anonymous_665)
FNDA:0,(anonymous_666)
FNDA:0,(anonymous_667)
FNDA:0,(anonymous_668)
FNDA:0,(anonymous_669)
FNDA:0,(anonymous_670)
FNDA:0,SpyStrategy
FNDA:0,(anonymous_672)
FNDA:0,(anonymous_673)
FNDA:0,(anonymous_674)
FNDA:0,createCustomPlan
FNDA:0,(anonymous_676)
FNDA:0,(anonymous_677)
FNDA:0,(anonymous_678)
FNDA:0,(anonymous_679)
FNDA:0,(anonymous_680)
FNDA:0,(anonymous_681)
FNDA:0,(anonymous_682)
FNDA:0,(anonymous_683)
FNDA:0,(anonymous_684)
FNDA:0,(anonymous_685)
FNDA:0,(anonymous_686)
FNDA:0,(anonymous_687)
FNDA:0,(anonymous_688)
FNDA:0,(anonymous_689)
FNDA:0,StackTrace
FNDA:0,(anonymous_691)
FNDA:0,tryParseFrames
FNDA:0,(anonymous_693)
FNDA:0,(anonymous_694)
FNDA:0,first
FNDA:0,extractMessage
FNDA:0,messagePrefixLength
FNDA:0,(anonymous_698)
FNDA:0,Suite
FNDA:0,(anonymous_700)
FNDA:0,(anonymous_701)
FNDA:0,(anonymous_702)
FNDA:0,(anonymous_703)
FNDA:0,(anonymous_704)
FNDA:0,(anonymous_705)
FNDA:0,(anonymous_706)
FNDA:0,(anonymous_707)
FNDA:0,removeFns
FNDA:0,(anonymous_709)
FNDA:0,(anonymous_710)
FNDA:0,(anonymous_711)
FNDA:0,(anonymous_712)
FNDA:0,(anonymous_713)
FNDA:0,(anonymous_714)
FNDA:0,(anonymous_715)
FNDA:0,(anonymous_716)
FNDA:0,(anonymous_717)
FNDA:0,(anonymous_718)
FNDA:0,isFailure
FNDA:0,(anonymous_720)
FNDA:0,(anonymous_721)
FNDA:0,(anonymous_722)
FNDA:0,Timer
FNDA:0,(anonymous_724)
FNDA:0,(anonymous_725)
FNDA:0,(anonymous_726)
FNDA:0,TreeProcessor
FNDA:0,(anonymous_728)
FNDA:0,(anonymous_729)
FNDA:0,(anonymous_730)
FNDA:0,(anonymous_731)
FNDA:0,(anonymous_732)
FNDA:0,(anonymous_733)
FNDA:0,(anonymous_734)
FNDA:0,runnableIndex
FNDA:0,processNode
FNDA:0,startingMin
FNDA:0,startingMax
FNDA:0,segmentChildren
FNDA:0,isSegmentBoundary
FNDA:0,orderChildSegments
FNDA:0,(anonymous_742)
FNDA:0,executeNode
FNDA:0,(anonymous_744)
FNDA:0,(anonymous_745)
FNDA:0,(anonymous_746)
FNDA:0,(anonymous_747)
FNDA:0,(anonymous_748)
FNDA:0,(anonymous_749)
FNDA:0,wrapChildren
FNDA:0,(anonymous_751)
FNDA:0,UserContext
FNDA:0,(anonymous_753)
FNDA:0,(anonymous_754)
DA:23,0
DA:25,0
DA:27,0
DA:28,0
DA:29,0
DA:31,0
DA:33,0
DA:35,0
DA:36,0
DA:38,0
DA:41,0
DA:42,0
DA:45,0
DA:46,0
DA:48,0
DA:49,0
DA:50,0
DA:51,0
DA:52,0
DA:53,0
DA:54,0
DA:55,0
DA:56,0
DA:57,0
DA:58,0
DA:59,0
DA:60,0
DA:61,0
DA:62,0
DA:63,0
DA:64,0
DA:65,0
DA:66,0
DA:67,0
DA:68,0
DA:69,0
DA:70,0
DA:71,0
DA:72,0
DA:73,0
DA:74,0
DA:75,0
DA:76,0
DA:77,0
DA:78,0
DA:79,0
DA:80,0
DA:81,0
DA:82,0
DA:83,0
DA:84,0
DA:85,0
DA:86,0
DA:87,0
DA:88,0
DA:89,0
DA:91,0
DA:92,0
DA:93,0
DA:94,0
DA:96,0
DA:97,0
DA:99,0
DA:102,0
DA:105,0
DA:106,0
DA:136,0
DA:137,0
DA:138,0
DA:141,0
DA:144,0
DA:145,0
DA:146,0
DA:154,0
DA:161,0
DA:167,0
DA:172,0
DA:174,0
DA:175,0
DA:185,0
DA:186,0
DA:188,0
DA:191,0
DA:192,0
DA:195,0
DA:196,0
DA:199,0
DA:200,0
DA:203,0
DA:204,0
DA:207,0
DA:208,0
DA:211,0
DA:212,0
DA:215,0
DA:216,0
DA:227,0
DA:228,0
DA:231,0
DA:232,0
DA:233,0
DA:235,0
DA:237,0
DA:239,0
DA:242,0
DA:243,0
DA:246,0
DA:248,0
DA:257,0
DA:258,0
DA:261,0
DA:262,0
DA:265,0
DA:266,0
DA:269,0
DA:270,0
DA:273,0
DA:274,0
DA:275,0
DA:278,0
DA:281,0
DA:291,0
DA:292,0
DA:301,0
DA:302,0
DA:311,0
DA:319,0
DA:327,0
DA:335,0
DA:344,0
DA:345,0
DA:355,0
DA:356,0
DA:366,0
DA:367,0
DA:377,0
DA:378,0
DA:381,0
DA:382,0
DA:383,0
DA:385,0
DA:390,0
DA:392,0
DA:394,0
DA:395,0
DA:397,0
DA:398,0
DA:401,0
DA:402,0
DA:403,0
DA:405,0
DA:410,0
DA:411,0
DA:412,0
DA:413,0
DA:415,0
DA:418,0
DA:419,0
DA:422,0
DA:423,0
DA:424,0
DA:425,0
DA:426,0
DA:429,0
DA:432,0
DA:433,0
DA:434,0
DA:437,0
DA:438,0
DA:439,0
DA:440,0
DA:444,0
DA:447,0
DA:448,0
DA:449,0
DA:450,0
DA:451,0
DA:455,0
DA:456,0
DA:458,0
DA:461,0
DA:464,0
DA:465,0
DA:468,0
DA:469,0
DA:470,0
DA:473,0
DA:476,0
DA:477,0
DA:479,0
DA:480,0
DA:481,0
DA:485,0
DA:488,0
DA:489,0
DA:492,0
DA:493,0
DA:495,0
DA:496,0
DA:497,0
DA:501,0
DA:504,0
DA:507,0
DA:509,0
DA:510,0
DA:514,0
DA:515,0
DA:517,0
DA:521,0
DA:522,0
DA:523,0
DA:526,0
DA:527,0
DA:529,0
DA:530,0
DA:532,0
DA:533,0
DA:536,0
DA:540,0
DA:543,0
DA:544,0
DA:545,0
DA:546,0
DA:547,0
DA:548,0
DA:549,0
DA:550,0
DA:551,0
DA:552,0
DA:553,0
DA:554,0
DA:555,0
DA:556,0
DA:557,0
DA:558,0
DA:560,0
DA:561,0
DA:575,0
DA:586,0
DA:587,0
DA:588,0
DA:589,0
DA:591,0
DA:593,0
DA:594,0
DA:599,0
DA:600,0
DA:603,0
DA:604,0
DA:607,0
DA:608,0
DA:610,0
DA:612,0
DA:616,0
DA:618,0
DA:619,0
DA:620,0
DA:624,0
DA:625,0
DA:627,0
DA:632,0
DA:635,0
DA:640,0
DA:641,0
DA:642,0
DA:645,0
DA:646,0
DA:648,0
DA:651,0
DA:652,0
DA:653,0
DA:654,0
DA:657,0
DA:658,0
DA:661,0
DA:670,0
DA:671,0
DA:672,0
DA:673,0
DA:677,0
DA:678,0
DA:679,0
DA:682,0
DA:683,0
DA:684,0
DA:687,0
DA:688,0
DA:691,0
DA:692,0
DA:694,0
DA:698,0
DA:699,0
DA:702,0
DA:703,0
DA:704,0
DA:706,0
DA:709,0
DA:710,0
DA:714,0
DA:717,0
DA:719,0
DA:720,0
DA:723,0
DA:726,0
DA:728,0
DA:733,0
DA:734,0
DA:735,0
DA:736,0
DA:737,0
DA:739,0
DA:740,0
DA:743,0
DA:744,0
DA:745,0
DA:746,0
DA:748,0
DA:751,0
DA:752,0
DA:760,0
DA:761,0
DA:762,0
DA:763,0
DA:764,0
DA:765,0
DA:767,0
DA:768,0
DA:769,0
DA:770,0
DA:775,0
DA:778,0
DA:785,0
DA:786,0
DA:788,0
DA:789,0
DA:791,0
DA:793,0
DA:794,0
DA:795,0
DA:796,0
DA:798,0
DA:800,0
DA:801,0
DA:802,0
DA:803,0
DA:810,0
DA:847,0
DA:859,0
DA:860,0
DA:863,0
DA:864,0
DA:867,0
DA:869,0
DA:870,0
DA:871,0
DA:874,0
DA:875,0
DA:878,0
DA:879,0
DA:880,0
DA:881,0
DA:897,0
DA:898,0
DA:899,0
DA:902,0
DA:903,0
DA:906,0
DA:907,0
DA:910,0
DA:911,0
DA:914,0
DA:915,0
DA:918,0
DA:919,0
DA:929,0
DA:930,0
DA:931,0
DA:932,0
DA:934,0
DA:937,0
DA:939,0
DA:940,0
DA:943,0
DA:944,0
DA:948,0
DA:949,0
DA:950,0
DA:952,0
DA:955,0
DA:956,0
DA:957,0
DA:959,0
DA:962,0
DA:963,0
DA:964,0
DA:966,0
DA:967,0
DA:968,0
DA:972,0
DA:973,0
DA:975,0
DA:976,0
DA:977,0
DA:980,0
DA:981,0
DA:982,0
DA:985,0
DA:986,0
DA:994,0
DA:995,0
DA:999,0
DA:1000,0
DA:1007,0
DA:1008,0
DA:1012,0
DA:1013,0
DA:1015,0
DA:1016,0
DA:1017,0
DA:1020,0
DA:1023,0
DA:1024,0
DA:1025,0
DA:1028,0
DA:1029,0
DA:1030,0
DA:1033,0
DA:1034,0
DA:1035,0
DA:1037,0
DA:1040,0
DA:1047,0
DA:1048,0
DA:1051,0
DA:1052,0
DA:1054,0
DA:1058,0
DA:1061,0
DA:1062,0
DA:1064,0
DA:1067,0
DA:1068,0
DA:1078,0
DA:1079,0
DA:1080,0
DA:1083,0
DA:1084,0
DA:1085,0
DA:1095,0
DA:1096,0
DA:1097,0
DA:1100,0
DA:1101,0
DA:1102,0
DA:1112,0
DA:1113,0
DA:1114,0
DA:1117,0
DA:1118,0
DA:1119,0
DA:1129,0
DA:1130,0
DA:1131,0
DA:1132,0
DA:1134,0
DA:1137,0
DA:1138,0
DA:1139,0
DA:1146,0
DA:1147,0
DA:1148,0
DA:1151,0
DA:1152,0
DA:1153,0
DA:1154,0
DA:1155,0
DA:1159,0
DA:1160,0
DA:1161,0
DA:1162,0
DA:1163,0
DA:1164,0
DA:1166,0
DA:1167,0
DA:1168,0
DA:1169,0
DA:1170,0
DA:1171,0
DA:1172,0
DA:1174,0
DA:1176,0
DA:1179,0
DA:1187,0
DA:1188,0
DA:1190,0
DA:1191,0
DA:1199,0
DA:1266,0
DA:1267,0
DA:1268,0
DA:1270,0
DA:1271,0
DA:1272,0
DA:1274,0
DA:1278,0
DA:1283,0
DA:1288,0
DA:1289,0
DA:1290,0
DA:1293,0
DA:1294,0
DA:1297,0
DA:1298,0
DA:1300,0
DA:1301,0
DA:1304,0
DA:1307,0
DA:1310,0
DA:1314,0
DA:1315,0
DA:1324,0
DA:1328,0
DA:1330,0
DA:1331,0
DA:1332,0
DA:1333,0
DA:1335,0
DA:1336,0
DA:1337,0
DA:1338,0
DA:1339,0
DA:1340,0
DA:1341,0
DA:1342,0
DA:1344,0
DA:1356,0
DA:1374,0
DA:1375,0
DA:1385,0
DA:1386,0
DA:1394,0
DA:1395,0
DA:1398,0
DA:1399,0
DA:1401,0
DA:1402,0
DA:1405,0
DA:1408,0
DA:1410,0
DA:1411,0
DA:1413,0
DA:1416,0
DA:1420,0
DA:1421,0
DA:1424,0
DA:1425,0
DA:1428,0
DA:1429,0
DA:1432,0
DA:1433,0
DA:1436,0
DA:1437,0
DA:1438,0
DA:1439,0
DA:1442,0
DA:1445,0
DA:1446,0
DA:1449,0
DA:1450,0
DA:1451,0
DA:1455,0
DA:1456,0
DA:1457,0
DA:1461,0
DA:1462,0
DA:1463,0
DA:1464,0
DA:1468,0
DA:1469,0
DA:1480,0
DA:1483,0
DA:1484,0
DA:1485,0
DA:1486,0
DA:1487,0
DA:1488,0
DA:1490,0
DA:1491,0
DA:1493,0
DA:1494,0
DA:1497,0
DA:1498,0
DA:1499,0
DA:1500,0
DA:1501,0
DA:1502,0
DA:1503,0
DA:1506,0
DA:1508,0
DA:1509,0
DA:1510,0
DA:1511,0
DA:1512,0
DA:1514,0
DA:1515,0
DA:1516,0
DA:1518,0
DA:1521,0
DA:1522,0
DA:1523,0
DA:1524,0
DA:1526,0
DA:1527,0
DA:1528,0
DA:1530,0
DA:1533,0
DA:1534,0
DA:1537,0
DA:1540,0
DA:1541,0
DA:1542,0
DA:1543,0
DA:1545,0
DA:1548,0
DA:1551,0
DA:1552,0
DA:1553,0
DA:1554,0
DA:1555,0
DA:1556,0
DA:1557,0
DA:1563,0
DA:1564,0
DA:1565,0
DA:1572,0
DA:1578,0
DA:1586,0
DA:1588,0
DA:1589,0
DA:1590,0
DA:1592,0
DA:1593,0
DA:1596,0
DA:1599,0
DA:1600,0
DA:1601,0
DA:1602,0
DA:1606,0
DA:1607,0
DA:1610,0
DA:1611,0
DA:1613,0
DA:1614,0
DA:1615,0
DA:1617,0
DA:1618,0
DA:1621,0
DA:1622,0
DA:1625,0
DA:1626,0
DA:1628,0
DA:1629,0
DA:1630,0
DA:1633,0
DA:1634,0
DA:1635,0
DA:1636,0
DA:1637,0
DA:1638,0
DA:1639,0
DA:1640,0
DA:1643,0
DA:1644,0
DA:1645,0
DA:1648,0
DA:1651,0
DA:1652,0
DA:1653,0
DA:1656,0
DA:1659,0
DA:1660,0
DA:1661,0
DA:1662,0
DA:1668,0
DA:1669,0
DA:1670,0
DA:1671,0
DA:1677,0
DA:1678,0
DA:1679,0
DA:1680,0
DA:1681,0
DA:1687,0
DA:1688,0
DA:1689,0
DA:1690,0
DA:1696,0
DA:1697,0
DA:1698,0
DA:1699,0
DA:1701,0
DA:1704,0
DA:1705,0
DA:1706,0
DA:1709,0
DA:1710,0
DA:1711,0
DA:1712,0
DA:1713,0
DA:1714,0
DA:1715,0
DA:1718,0
DA:1722,0
DA:1731,0
DA:1732,0
DA:1737,0
DA:1740,0
DA:1742,0
DA:1744,0
DA:1753,0
DA:1754,0
DA:1757,0
DA:1758,0
DA:1759,0
DA:1761,0
DA:1762,0
DA:1763,0
DA:1764,0
DA:1767,0
DA:1769,0
DA:1770,0
DA:1771,0
DA:1772,0
DA:1773,0
DA:1782,0
DA:1783,0
DA:1786,0
DA:1789,0
DA:1790,0
DA:1793,0
DA:1794,0
DA:1807,0
DA:1808,0
DA:1811,0
DA:1812,0
DA:1813,0
DA:1822,0
DA:1823,0
DA:1826,0
DA:1828,0
DA:1829,0
DA:1842,0
DA:1843,0
DA:1852,0
DA:1853,0
DA:1862,0
DA:1863,0
DA:1868,0
DA:1871,0
DA:1873,0
DA:1874,0
DA:1875,0
DA:1880,0
DA:1883,0
DA:1884,0
DA:1885,0
DA:1888,0
DA:1889,0
DA:1892,0
DA:1893,0
DA:1896,0
DA:1897,0
DA:1900,0
DA:1901,0
DA:1906,0
DA:1907,0
DA:1911,0
DA:1914,0
DA:1915,0
DA:1918,0
DA:1921,0
DA:1923,0
DA:1925,0
DA:1926,0
DA:1929,0
DA:1930,0
DA:1933,0
DA:1936,0
DA:1937,0
DA:1938,0
DA:1941,0
DA:1942,0
DA:1943,0
DA:1946,0
DA:1947,0
DA:1948,0
DA:1949,0
DA:1953,0
DA:1956,0
DA:1957,0
DA:1960,0
DA:1963,0
DA:1965,0
DA:1966,0
DA:1969,0
DA:1970,0
DA:1971,0
DA:1974,0
DA:1975,0
DA:1978,0
DA:1979,0
DA:1980,0
DA:1981,0
DA:1985,0
DA:1988,0
DA:1989,0
DA:1992,0
DA:1995,0
DA:1997,0
DA:1999,0
DA:2000,0
DA:2001,0
DA:2004,0
DA:2005,0
DA:2008,0
DA:2009,0
DA:2011,0
DA:2014,0
DA:2015,0
DA:2018,0
DA:2021,0
DA:2023,0
DA:2025,0
DA:2026,0
DA:2029,0
DA:2030,0
DA:2033,0
DA:2036,0
DA:2038,0
DA:2040,0
DA:2041,0
DA:2042,0
DA:2045,0
DA:2046,0
DA:2049,0
DA:2050,0
DA:2053,0
DA:2056,0
DA:2057,0
DA:2060,0
DA:2063,0
DA:2065,0
DA:2066,0
DA:2069,0
DA:2070,0
DA:2071,0
DA:2074,0
DA:2075,0
DA:2078,0
DA:2081,0
DA:2082,0
DA:2083,0
DA:2086,0
DA:2087,0
DA:2090,0
DA:2093,0
DA:2094,0
DA:2096,0
DA:2097,0
DA:2099,0
DA:2103,0
DA:2106,0
DA:2107,0
DA:2110,0
DA:2113,0
DA:2115,0
DA:2116,0
DA:2117,0
DA:2120,0
DA:2123,0
DA:2124,0
DA:2127,0
DA:2128,0
DA:2131,0
DA:2134,0
DA:2136,0
DA:2138,0
DA:2139,0
DA:2142,0
DA:2143,0
DA:2146,0
DA:2149,0
DA:2154,0
DA:2155,0
DA:2156,0
DA:2158,0
DA:2159,0
DA:2160,0
DA:2162,0
DA:2171,0
DA:2172,0
DA:2181,0
DA:2182,0
DA:2192,0
DA:2193,0
DA:2194,0
DA:2203,0
DA:2204,0
DA:2213,0
DA:2214,0
DA:2215,0
DA:2216,0
DA:2219,0
DA:2228,0
DA:2229,0
DA:2238,0
DA:2239,0
DA:2247,0
DA:2248,0
DA:2256,0
DA:2257,0
DA:2262,0
DA:2265,0
DA:2266,0
DA:2268,0
DA:2269,0
DA:2273,0
DA:2274,0
DA:2275,0
DA:2276,0
DA:2277,0
DA:2279,0
DA:2280,0
DA:2282,0
DA:2283,0
DA:2284,0
DA:2286,0
DA:2291,0
DA:2292,0
DA:2293,0
DA:2295,0
DA:2296,0
DA:2297,0
DA:2299,0
DA:2300,0
DA:2305,0
DA:2306,0
DA:2307,0
DA:2308,0
DA:2309,0
DA:2312,0
DA:2313,0
DA:2314,0
DA:2315,0
DA:2317,0
DA:2318,0
DA:2320,0
DA:2322,0
DA:2325,0
DA:2326,0
DA:2328,0
DA:2332,0
DA:2335,0
DA:2338,0
DA:2345,0
DA:2346,0
DA:2363,0
DA:2371,0
DA:2372,0
DA:2373,0
DA:2375,0
DA:2376,0
DA:2377,0
DA:2378,0
DA:2380,0
DA:2388,0
DA:2389,0
DA:2390,0
DA:2391,0
DA:2393,0
DA:2394,0
DA:2405,0
DA:2406,0
DA:2407,0
DA:2408,0
DA:2410,0
DA:2420,0
DA:2421,0
DA:2424,0
DA:2425,0
DA:2428,0
DA:2429,0
DA:2432,0
DA:2433,0
DA:2436,0
DA:2437,0
DA:2446,0
DA:2447,0
DA:2448,0
DA:2450,0
DA:2454,0
DA:2456,0
DA:2457,0
DA:2463,0
DA:2464,0
DA:2465,0
DA:2469,0
DA:2470,0
DA:2471,0
DA:2474,0
DA:2476,0
DA:2478,0
DA:2481,0
DA:2482,0
DA:2485,0
DA:2486,0
DA:2487,0
DA:2490,0
DA:2492,0
DA:2494,0
DA:2497,0
DA:2498,0
DA:2501,0
DA:2502,0
DA:2509,0
DA:2511,0
DA:2512,0
DA:2515,0
DA:2516,0
DA:2519,0
DA:2522,0
DA:2523,0
DA:2524,0
DA:2525,0
DA:2526,0
DA:2527,0
DA:2528,0
DA:2529,0
DA:2531,0
DA:2532,0
DA:2533,0
DA:2535,0
DA:2536,0
DA:2539,0
DA:2540,0
DA:2541,0
DA:2543,0
DA:2546,0
DA:2549,0
DA:2550,0
DA:2551,0
DA:2553,0
DA:2562,0
DA:2563,0
DA:2565,0
DA:2566,0
DA:2567,0
DA:2568,0
DA:2572,0
DA:2575,0
DA:2576,0
DA:2578,0
DA:2579,0
DA:2580,0
DA:2581,0
DA:2584,0
DA:2585,0
DA:2586,0
DA:2587,0
DA:2589,0
DA:2594,0
DA:2599,0
DA:2601,0
DA:2602,0
DA:2604,0
DA:2605,0
DA:2606,0
DA:2607,0
DA:2611,0
DA:2614,0
DA:2615,0
DA:2616,0
DA:2617,0
DA:2620,0
DA:2621,0
DA:2625,0
DA:2626,0
DA:2634,0
DA:2635,0
DA:2636,0
DA:2640,0
DA:2641,0
DA:2642,0
DA:2643,0
DA:2644,0
DA:2647,0
DA:2648,0
DA:2649,0
DA:2650,0
DA:2652,0
DA:2654,0
DA:2656,0
DA:2658,0
DA:2659,0
DA:2660,0
DA:2664,0
DA:2665,0
DA:2667,0
DA:2669,0
DA:2671,0
DA:2679,0
DA:2680,0
DA:2685,0
DA:2688,0
DA:2689,0
DA:2691,0
DA:2692,0
DA:2694,0
DA:2698,0
DA:2700,0
DA:2701,0
DA:2702,0
DA:2703,0
DA:2705,0
DA:2706,0
DA:2707,0
DA:2708,0
DA:2710,0
DA:2713,0
DA:2714,0
DA:2717,0
DA:2718,0
DA:2721,0
DA:2724,0
DA:2725,0
DA:2726,0
DA:2729,0
DA:2730,0
DA:2731,0
DA:2733,0
DA:2734,0
DA:2737,0
DA:2738,0
DA:2740,0
DA:2743,0
DA:2744,0
DA:2747,0
DA:2748,0
DA:2749,0
DA:2750,0
DA:2751,0
DA:2755,0
DA:2758,0
DA:2759,0
DA:2760,0
DA:2763,0
DA:2764,0
DA:2765,0
DA:2767,0
DA:2768,0
DA:2769,0
DA:2771,0
DA:2772,0
DA:2775,0
DA:2776,0
DA:2779,0
DA:2783,0
DA:2786,0
DA:2787,0
DA:2788,0
DA:2795,0
DA:2796,0
DA:2798,0
DA:2799,0
DA:2800,0
DA:2811,0
DA:2812,0
DA:2823,0
DA:2825,0
DA:2833,0
DA:2834,0
DA:2835,0
DA:2837,0
DA:2838,0
DA:2841,0
DA:2842,0
DA:2853,0
DA:2854,0
DA:2867,0
DA:2869,0
DA:2873,0
DA:2874,0
DA:2875,0
DA:2876,0
DA:2880,0
DA:2881,0
DA:2882,0
DA:2886,0
DA:2888,0
DA:2889,0
DA:2894,0
DA:2895,0
DA:2896,0
DA:2897,0
DA:2901,0
DA:2902,0
DA:2903,0
DA:2904,0
DA:2907,0
DA:2908,0
DA:2909,0
DA:2910,0
DA:2912,0
DA:2916,0
DA:2917,0
DA:2918,0
DA:2919,0
DA:2922,0
DA:2923,0
DA:2924,0
DA:2927,0
DA:2929,0
DA:2930,0
DA:2933,0
DA:2938,0
DA:2940,0
DA:2941,0
DA:2944,0
DA:2949,0
DA:2950,0
DA:2953,0
DA:2954,0
DA:2957,0
DA:2959,0
DA:2962,0
DA:2965,0
DA:2968,0
DA:2973,0
DA:2974,0
DA:2975,0
DA:2976,0
DA:2979,0
DA:2980,0
DA:2983,0
DA:2984,0
DA:2987,0
DA:2988,0
DA:2991,0
DA:2992,0
DA:2993,0
DA:2996,0
DA:2997,0
DA:2999,0
DA:3000,0
DA:3002,0
DA:3003,0
DA:3007,0
DA:3008,0
DA:3014,0
DA:3017,0
DA:3021,0
DA:3022,0
DA:3023,0
DA:3035,0
DA:3042,0
DA:3043,0
DA:3044,0
DA:3047,0
DA:3049,0
DA:3050,0
DA:3051,0
DA:3052,0
DA:3053,0
DA:3054,0
DA:3055,0
DA:3057,0
DA:3060,0
DA:3061,0
DA:3062,0
DA:3065,0
DA:3066,0
DA:3067,0
DA:3068,0
DA:3069,0
DA:3070,0
DA:3072,0
DA:3073,0
DA:3075,0
DA:3079,0
DA:3083,0
DA:3086,0
DA:3087,0
DA:3088,0
DA:3089,0
DA:3090,0
DA:3091,0
DA:3092,0
DA:3095,0
DA:3096,0
DA:3097,0
DA:3098,0
DA:3100,0
DA:3102,0
DA:3103,0
DA:3104,0
DA:3107,0
DA:3108,0
DA:3110,0
DA:3111,0
DA:3114,0
DA:3115,0
DA:3117,0
DA:3118,0
DA:3119,0
DA:3120,0
DA:3121,0
DA:3122,0
DA:3123,0
DA:3124,0
DA:3126,0
DA:3131,0
DA:3132,0
DA:3133,0
DA:3136,0
DA:3137,0
DA:3138,0
DA:3139,0
DA:3142,0
DA:3143,0
DA:3144,0
DA:3146,0
DA:3147,0
DA:3150,0
DA:3164,0
DA:3167,0
DA:3168,0
DA:3169,0
DA:3171,0
DA:3172,0
DA:3176,0
DA:3179,0
DA:3180,0
DA:3181,0
DA:3182,0
DA:3184,0
DA:3185,0
DA:3187,0
DA:3188,0
DA:3190,0
DA:3194,0
DA:3195,0
DA:3196,0
DA:3197,0
DA:3198,0
DA:3200,0
DA:3201,0
DA:3202,0
DA:3203,0
DA:3204,0
DA:3205,0
DA:3206,0
DA:3208,0
DA:3213,0
DA:3214,0
DA:3215,0
DA:3216,0
DA:3218,0
DA:3219,0
DA:3221,0
DA:3222,0
DA:3227,0
DA:3228,0
DA:3231,0
DA:3232,0
DA:3236,0
DA:3239,0
DA:3250,0
DA:3251,0
DA:3253,0
DA:3254,0
DA:3255,0
DA:3262,0
DA:3274,0
DA:3275,0
DA:3277,0
DA:3278,0
DA:3283,0
DA:3285,0
DA:3291,0
DA:3292,0
DA:3297,0
DA:3309,0
DA:3320,0
DA:3321,0
DA:3323,0
DA:3324,0
DA:3325,0
DA:3332,0
DA:3344,0
DA:3345,0
DA:3347,0
DA:3348,0
DA:3353,0
DA:3355,0
DA:3356,0
DA:3361,0
DA:3368,0
DA:3379,0
DA:3380,0
DA:3381,0
DA:3384,0
DA:3386,0
DA:3387,0
DA:3391,0
DA:3395,0
DA:3396,0
DA:3397,0
DA:3398,0
DA:3402,0
DA:3403,0
DA:3413,0
DA:3416,0
DA:3420,0
DA:3422,0
DA:3423,0
DA:3426,0
DA:3429,0
DA:3430,0
DA:3431,0
DA:3434,0
DA:3437,0
DA:3441,0
DA:3446,0
DA:3448,0
DA:3453,0
DA:3454,0
DA:3455,0
DA:3456,0
DA:3458,0
DA:3462,0
DA:3466,0
DA:3467,0
DA:3470,0
DA:3471,0
DA:3475,0
DA:3476,0
DA:3479,0
DA:3480,0
DA:3481,0
DA:3482,0
DA:3484,0
DA:3487,0
DA:3488,0
DA:3489,0
DA:3490,0
DA:3492,0
DA:3496,0
DA:3497,0
DA:3498,0
DA:3500,0
DA:3505,0
DA:3506,0
DA:3508,0
DA:3509,0
DA:3510,0
DA:3513,0
DA:3514,0
DA:3515,0
DA:3516,0
DA:3517,0
DA:3519,0
DA:3523,0
DA:3524,0
DA:3525,0
DA:3526,0
DA:3528,0
DA:3533,0
DA:3534,0
DA:3535,0
DA:3536,0
DA:3538,0
DA:3541,0
DA:3542,0
DA:3543,0
DA:3544,0
DA:3546,0
DA:3548,0
DA:3549,0
DA:3550,0
DA:3551,0
DA:3553,0
DA:3558,0
DA:3559,0
DA:3560,0
DA:3562,0
DA:3566,0
DA:3567,0
DA:3568,0
DA:3570,0
DA:3576,0
DA:3577,0
DA:3578,0
DA:3580,0
DA:3583,0
DA:3588,0
DA:3589,0
DA:3590,0
DA:3593,0
DA:3594,0
DA:3595,0
DA:3597,0
DA:3598,0
DA:3599,0
DA:3601,0
DA:3603,0
DA:3604,0
DA:3605,0
DA:3608,0
DA:3609,0
DA:3610,0
DA:3611,0
DA:3616,0
DA:3617,0
DA:3620,0
DA:3623,0
DA:3624,0
DA:3625,0
DA:3628,0
DA:3629,0
DA:3630,0
DA:3632,0
DA:3633,0
DA:3634,0
DA:3635,0
DA:3639,0
DA:3640,0
DA:3641,0
DA:3642,0
DA:3643,0
DA:3644,0
DA:3646,0
DA:3650,0
DA:3651,0
DA:3653,0
DA:3654,0
DA:3655,0
DA:3656,0
DA:3659,0
DA:3660,0
DA:3661,0
DA:3662,0
DA:3664,0
DA:3665,0
DA:3670,0
DA:3671,0
DA:3672,0
DA:3673,0
DA:3674,0
DA:3675,0
DA:3676,0
DA:3678,0
DA:3679,0
DA:3680,0
DA:3681,0
DA:3686,0
DA:3688,0
DA:3690,0
DA:3692,0
DA:3696,0
DA:3697,0
DA:3698,0
DA:3700,0
DA:3701,0
DA:3702,0
DA:3703,0
DA:3706,0
DA:3707,0
DA:3708,0
DA:3710,0
DA:3711,0
DA:3712,0
DA:3716,0
DA:3717,0
DA:3718,0
DA:3719,0
DA:3720,0
DA:3721,0
DA:3722,0
DA:3723,0
DA:3724,0
DA:3725,0
DA:3726,0
DA:3728,0
DA:3729,0
DA:3730,0
DA:3732,0
DA:3733,0
DA:3734,0
DA:3736,0
DA:3737,0
DA:3738,0
DA:3739,0
DA:3742,0
DA:3746,0
DA:3747,0
DA:3748,0
DA:3754,0
DA:3755,0
DA:3760,0
DA:3761,0
DA:3766,0
DA:3767,0
DA:3770,0
DA:3771,0
DA:3772,0
DA:3775,0
DA:3776,0
DA:3778,0
DA:3779,0
DA:3780,0
DA:3781,0
DA:3784,0
DA:3785,0
DA:3786,0
DA:3791,0
DA:3792,0
DA:3796,0
DA:3797,0
DA:3799,0
DA:3802,0
DA:3803,0
DA:3805,0
DA:3806,0
DA:3807,0
DA:3808,0
DA:3811,0
DA:3814,0
DA:3815,0
DA:3818,0
DA:3819,0
DA:3822,0
DA:3823,0
DA:3824,0
DA:3825,0
DA:3829,0
DA:3832,0
DA:3833,0
DA:3836,0
DA:3837,0
DA:3840,0
DA:3841,0
DA:3847,0
DA:3848,0
DA:3851,0
DA:3852,0
DA:3855,0
DA:3856,0
DA:3859,0
DA:3862,0
DA:3863,0
DA:3864,0
DA:3867,0
DA:3873,0
DA:3874,0
DA:3880,0
DA:3881,0
DA:3882,0
DA:3883,0
DA:3885,0
DA:3889,0
DA:3897,0
DA:3898,0
DA:3900,0
DA:3907,0
DA:3910,0
DA:3911,0
DA:3912,0
DA:3914,0
DA:3921,0
DA:3922,0
DA:3923,0
DA:3926,0
DA:3927,0
DA:3928,0
DA:3930,0
DA:3934,0
DA:3935,0
DA:3938,0
DA:3939,0
DA:3942,0
DA:3943,0
DA:3944,0
DA:3947,0
DA:3948,0
DA:3951,0
DA:3954,0
DA:3955,0
DA:3956,0
DA:3957,0
DA:3959,0
DA:3962,0
DA:3963,0
DA:3966,0
DA:3969,0
DA:3970,0
DA:3978,0
DA:3979,0
DA:3980,0
DA:3983,0
DA:3986,0
DA:3995,0
DA:3996,0
DA:3998,0
DA:4000,0
DA:4004,0
DA:4005,0
DA:4008,0
DA:4013,0
DA:4016,0
DA:4026,0
DA:4027,0
DA:4029,0
DA:4030,0
DA:4033,0
DA:4034,0
DA:4039,0
DA:4040,0
DA:4041,0
DA:4043,0
DA:4050,0
DA:4053,0
DA:4061,0
DA:4062,0
DA:4064,0
DA:4071,0
DA:4074,0
DA:4082,0
DA:4083,0
DA:4085,0
DA:4092,0
DA:4095,0
DA:4104,0
DA:4105,0
DA:4107,0
DA:4114,0
DA:4118,0
DA:4127,0
DA:4128,0
DA:4130,0
DA:4137,0
DA:4140,0
DA:4149,0
DA:4150,0
DA:4153,0
DA:4160,0
DA:4163,0
DA:4172,0
DA:4173,0
DA:4176,0
DA:4183,0
DA:4186,0
DA:4194,0
DA:4195,0
DA:4197,0
DA:4201,0
DA:4202,0
DA:4204,0
DA:4207,0
DA:4212,0
DA:4215,0
DA:4223,0
DA:4224,0
DA:4226,0
DA:4230,0
DA:4231,0
DA:4233,0
DA:4236,0
DA:4241,0
DA:4244,0
DA:4252,0
DA:4253,0
DA:4255,0
DA:4262,0
DA:4265,0
DA:4273,0
DA:4274,0
DA:4276,0
DA:4280,0
DA:4281,0
DA:4283,0
DA:4286,0
DA:4291,0
DA:4294,0
DA:4302,0
DA:4303,0
DA:4305,0
DA:4312,0
DA:4315,0
DA:4323,0
DA:4324,0
DA:4326,0
DA:4333,0
DA:4336,0
DA:4346,0
DA:4347,0
DA:4349,0
DA:4352,0
DA:4359,0
DA:4362,0
DA:4371,0
DA:4372,0
DA:4374,0
DA:4376,0
DA:4381,0
DA:4384,0
DA:4386,0
DA:4391,0
DA:4394,0
DA:4396,0
DA:4406,0
DA:4407,0
DA:4409,0
DA:4411,0
DA:4412,0
DA:4415,0
DA:4416,0
DA:4419,0
DA:4421,0
DA:4425,0
DA:4430,0
DA:4433,0
DA:4435,0
DA:4445,0
DA:4446,0
DA:4448,0
DA:4449,0
DA:4451,0
DA:4452,0
DA:4455,0
DA:4457,0
DA:4458,0
DA:4459,0
DA:4461,0
DA:4462,0
DA:4463,0
DA:4466,0
DA:4467,0
DA:4469,0
DA:4471,0
DA:4472,0
DA:4474,0
DA:4475,0
DA:4477,0
DA:4478,0
DA:4479,0
DA:4480,0
DA:4482,0
DA:4486,0
DA:4491,0
DA:4494,0
DA:4496,0
DA:4506,0
DA:4507,0
DA:4509,0
DA:4510,0
DA:4513,0
DA:4516,0
DA:4517,0
DA:4520,0
DA:4521,0
DA:4522,0
DA:4523,0
DA:4524,0
DA:4527,0
DA:4532,0
DA:4535,0
DA:4537,0
DA:4547,0
DA:4548,0
DA:4550,0
DA:4555,0
DA:4556,0
DA:4559,0
DA:4560,0
DA:4561,0
DA:4564,0
DA:4565,0
DA:4566,0
DA:4568,0
DA:4571,0
DA:4576,0
DA:4579,0
DA:4590,0
DA:4591,0
DA:4593,0
DA:4594,0
DA:4597,0
DA:4604,0
DA:4605,0
DA:4610,0
DA:4613,0
DA:4615,0
DA:4626,0
DA:4627,0
DA:4629,0
DA:4630,0
DA:4633,0
DA:4635,0
DA:4642,0
DA:4645,0
DA:4647,0
DA:4658,0
DA:4659,0
DA:4661,0
DA:4665,0
DA:4666,0
DA:4669,0
DA:4670,0
DA:4672,0
DA:4673,0
DA:4676,0
DA:4677,0
DA:4678,0
DA:4681,0
DA:4682,0
DA:4683,0
DA:4685,0
DA:4688,0
DA:4689,0
DA:4690,0
DA:4692,0
DA:4695,0
DA:4700,0
DA:4703,0
DA:4705,0
DA:4720,0
DA:4721,0
DA:4723,0
DA:4726,0
DA:4727,0
DA:4730,0
DA:4731,0
DA:4732,0
DA:4734,0
DA:4737,0
DA:4738,0
DA:4741,0
DA:4745,0
DA:4746,0
DA:4748,0
DA:4749,0
DA:4750,0
DA:4751,0
DA:4752,0
DA:4755,0
DA:4756,0
DA:4757,0
DA:4759,0
DA:4760,0
DA:4762,0
DA:4765,0
DA:4769,0
DA:4770,0
DA:4772,0
DA:4777,0
DA:4778,0
DA:4779,0
DA:4780,0
DA:4782,0
DA:4786,0
DA:4787,0
DA:4788,0
DA:4790,0
DA:4794,0
DA:4796,0
DA:4797,0
DA:4800,0
DA:4801,0
DA:4804,0
DA:4807,0
DA:4808,0
DA:4809,0
DA:4810,0
DA:4811,0
DA:4813,0
DA:4817,0
DA:4818,0
DA:4822,0
DA:4824,0
DA:4825,0
DA:4826,0
DA:4829,0
DA:4830,0
DA:4838,0
DA:4839,0
DA:4842,0
DA:4843,0
DA:4844,0
DA:4847,0
DA:4848,0
DA:4849,0
DA:4853,0
DA:4854,0
DA:4860,0
DA:4861,0
DA:4867,0
DA:4870,0
DA:4871,0
DA:4881,0
DA:4882,0
DA:4884,0
DA:4886,0
DA:4887,0
DA:4890,0
DA:4891,0
DA:4894,0
DA:4895,0
DA:4896,0
DA:4898,0
DA:4901,0
DA:4902,0
DA:4904,0
DA:4905,0
DA:4913,0
DA:4914,0
DA:4915,0
DA:4918,0
DA:4922,0
DA:4923,0
DA:4929,0
DA:4930,0
DA:4936,0
DA:4939,0
DA:4940,0
DA:4941,0
DA:4942,0
DA:4944,0
DA:4945,0
DA:4946,0
DA:4947,0
DA:4948,0
DA:4951,0
DA:4953,0
DA:4954,0
DA:4955,0
DA:4957,0
DA:4960,0
DA:4963,0
DA:4964,0
DA:4965,0
DA:4968,0
DA:4969,0
DA:4970,0
DA:4973,0
DA:4975,0
DA:4977,0
DA:4978,0
DA:4980,0
DA:4982,0
DA:4984,0
DA:4986,0
DA:4988,0
DA:4990,0
DA:4993,0
DA:4996,0
DA:5001,0
DA:5002,0
DA:5004,0
DA:5005,0
DA:5006,0
DA:5008,0
DA:5012,0
DA:5013,0
DA:5014,0
DA:5015,0
DA:5019,0
DA:5022,0
DA:5024,0
DA:5025,0
DA:5026,0
DA:5027,0
DA:5028,0
DA:5031,0
DA:5034,0
DA:5037,0
DA:5038,0
DA:5039,0
DA:5040,0
DA:5041,0
DA:5042,0
DA:5043,0
DA:5044,0
DA:5045,0
DA:5046,0
DA:5047,0
DA:5048,0
DA:5049,0
DA:5050,0
DA:5051,0
DA:5052,0
DA:5053,0
DA:5054,0
DA:5055,0
DA:5056,0
DA:5057,0
DA:5058,0
DA:5059,0
DA:5060,0
DA:5061,0
DA:5062,0
DA:5063,0
DA:5064,0
DA:5065,0
DA:5066,0
DA:5067,0
DA:5068,0
DA:5069,0
DA:5070,0
DA:5071,0
DA:5072,0
DA:5073,0
DA:5074,0
DA:5075,0
DA:5076,0
DA:5077,0
DA:5079,0
DA:5081,0
DA:5083,0
DA:5086,0
DA:5087,0
DA:5090,0
DA:5094,0
DA:5095,0
DA:5096,0
DA:5098,0
DA:5099,0
DA:5100,0
DA:5101,0
DA:5105,0
DA:5106,0
DA:5107,0
DA:5108,0
DA:5111,0
DA:5114,0
DA:5115,0
DA:5118,0
DA:5119,0
DA:5122,0
DA:5123,0
DA:5124,0
DA:5125,0
DA:5127,0
DA:5128,0
DA:5129,0
DA:5130,0
DA:5131,0
DA:5133,0
DA:5135,0
DA:5136,0
DA:5139,0
DA:5140,0
DA:5141,0
DA:5142,0
DA:5143,0
DA:5145,0
DA:5148,0
DA:5151,0
DA:5153,0
DA:5156,0
DA:5157,0
DA:5158,0
DA:5159,0
DA:5161,0
DA:5162,0
DA:5163,0
DA:5164,0
DA:5165,0
DA:5166,0
DA:5168,0
DA:5169,0
DA:5171,0
DA:5173,0
DA:5175,0
DA:5176,0
DA:5178,0
DA:5181,0
DA:5182,0
DA:5183,0
DA:5184,0
DA:5186,0
DA:5187,0
DA:5188,0
DA:5189,0
DA:5190,0
DA:5191,0
DA:5193,0
DA:5194,0
DA:5196,0
DA:5198,0
DA:5200,0
DA:5201,0
DA:5203,0
DA:5206,0
DA:5207,0
DA:5210,0
DA:5214,0
DA:5216,0
DA:5217,0
DA:5220,0
DA:5221,0
DA:5222,0
DA:5224,0
DA:5225,0
DA:5226,0
DA:5228,0
DA:5231,0
DA:5234,0
DA:5236,0
DA:5239,0
DA:5240,0
DA:5244,0
DA:5245,0
DA:5248,0
DA:5251,0
DA:5252,0
DA:5254,0
DA:5255,0
DA:5257,0
DA:5258,0
DA:5259,0
DA:5263,0
DA:5264,0
DA:5265,0
DA:5266,0
DA:5267,0
DA:5269,0
DA:5273,0
DA:5274,0
DA:5275,0
DA:5276,0
DA:5278,0
DA:5279,0
DA:5284,0
DA:5285,0
DA:5286,0
DA:5289,0
DA:5290,0
DA:5293,0
DA:5294,0
DA:5298,0
DA:5300,0
DA:5301,0
DA:5303,0
DA:5304,0
DA:5305,0
DA:5306,0
DA:5309,0
DA:5312,0
DA:5313,0
DA:5316,0
DA:5317,0
DA:5320,0
DA:5321,0
DA:5322,0
DA:5323,0
DA:5327,0
DA:5329,0
DA:5330,0
DA:5331,0
DA:5332,0
DA:5336,0
DA:5337,0
DA:5338,0
DA:5339,0
DA:5341,0
DA:5342,0
DA:5343,0
DA:5344,0
DA:5345,0
DA:5347,0
DA:5349,0
DA:5353,0
DA:5355,0
DA:5356,0
DA:5357,0
DA:5358,0
DA:5359,0
DA:5360,0
DA:5361,0
DA:5362,0
DA:5363,0
DA:5364,0
DA:5365,0
DA:5366,0
DA:5367,0
DA:5369,0
DA:5370,0
DA:5372,0
DA:5375,0
DA:5376,0
DA:5377,0
DA:5378,0
DA:5380,0
DA:5381,0
DA:5384,0
DA:5385,0
DA:5386,0
DA:5388,0
DA:5392,0
DA:5393,0
DA:5396,0
DA:5397,0
DA:5400,0
DA:5401,0
DA:5403,0
DA:5404,0
DA:5407,0
DA:5408,0
DA:5410,0
DA:5413,0
DA:5415,0
DA:5416,0
DA:5417,0
DA:5419,0
DA:5422,0
DA:5423,0
DA:5424,0
DA:5426,0
DA:5430,0
DA:5431,0
DA:5433,0
DA:5440,0
DA:5441,0
DA:5442,0
DA:5443,0
DA:5446,0
DA:5448,0
DA:5449,0
DA:5450,0
DA:5451,0
DA:5455,0
DA:5456,0
DA:5460,0
DA:5461,0
DA:5462,0
DA:5464,0
DA:5465,0
DA:5466,0
DA:5467,0
DA:5470,0
DA:5471,0
DA:5472,0
DA:5475,0
DA:5476,0
DA:5479,0
DA:5480,0
DA:5482,0
DA:5483,0
DA:5484,0
DA:5487,0
DA:5488,0
DA:5489,0
DA:5493,0
DA:5494,0
DA:5499,0
DA:5500,0
DA:5502,0
DA:5503,0
DA:5506,0
DA:5508,0
DA:5509,0
DA:5510,0
DA:5514,0
DA:5515,0
DA:5516,0
DA:5521,0
DA:5524,0
DA:5525,0
DA:5527,0
DA:5529,0
DA:5530,0
DA:5531,0
DA:5532,0
DA:5533,0
DA:5538,0
DA:5539,0
DA:5541,0
DA:5542,0
DA:5545,0
DA:5546,0
DA:5549,0
DA:5550,0
DA:5553,0
DA:5555,0
DA:5556,0
DA:5557,0
DA:5559,0
DA:5560,0
DA:5561,0
DA:5562,0
DA:5563,0
DA:5564,0
DA:5567,0
DA:5574,0
DA:5575,0
DA:5576,0
DA:5577,0
DA:5580,0
DA:5581,0
DA:5582,0
DA:5584,0
DA:5588,0
DA:5590,0
DA:5597,0
DA:5601,0
DA:5602,0
DA:5624,0
DA:5638,0
DA:5653,0
DA:5669,0
DA:5683,0
DA:5699,0
DA:5712,0
DA:5725,0
DA:5740,0
DA:5755,0
DA:5767,0
DA:5786,0
DA:5797,0
DA:5808,0
DA:5821,0
DA:5835,0
DA:5847,0
DA:5869,0
DA:5870,0
DA:5882,0
DA:5883,0
DA:5892,0
DA:5893,0
DA:5904,0
DA:5905,0
DA:5916,0
DA:5917,0
DA:5929,0
DA:5930,0
DA:5933,0
DA:5936,0
DA:5938,0
DA:5939,0
DA:5941,0
DA:5942,0
DA:5951,0
DA:5952,0
DA:5954,0
DA:5960,0
DA:5972,0
DA:5978,0
DA:5979,0
DA:5980,0
DA:5982,0
DA:5985,0
DA:5986,0
DA:5987,0
DA:5988,0
DA:5989,0
DA:5990,0
DA:5991,0
DA:5992,0
DA:5993,0
DA:5994,0
DA:5995,0
DA:5996,0
DA:6000,0
DA:6001,0
DA:6002,0
DA:6005,0
DA:6016,0
DA:6028,0
DA:6029,0
DA:6031,0
DA:6033,0
DA:6037,0
DA:6038,0
DA:6039,0
DA:6040,0
DA:6043,0
DA:6045,0
DA:6046,0
DA:6048,0
DA:6049,0
DA:6050,0
DA:6052,0
DA:6056,0
DA:6059,0
DA:6060,0
DA:6064,0
DA:6065,0
DA:6066,0
DA:6069,0
DA:6070,0
DA:6073,0
DA:6074,0
DA:6076,0
DA:6077,0
DA:6078,0
DA:6084,0
DA:6087,0
DA:6088,0
DA:6090,0
DA:6091,0
DA:6092,0
DA:6097,0
DA:6100,0
DA:6102,0
DA:6103,0
DA:6105,0
DA:6106,0
DA:6109,0
DA:6110,0
DA:6112,0
DA:6113,0
DA:6114,0
DA:6117,0
DA:6118,0
DA:6120,0
DA:6121,0
DA:6122,0
DA:6123,0
DA:6125,0
DA:6126,0
DA:6127,0
DA:6128,0
DA:6129,0
DA:6130,0
DA:6135,0
DA:6136,0
DA:6139,0
DA:6143,0
DA:6146,0
DA:6148,0
DA:6150,0
DA:6151,0
DA:6152,0
DA:6153,0
DA:6154,0
DA:6156,0
DA:6157,0
DA:6160,0
DA:6162,0
DA:6163,0
DA:6166,0
DA:6167,0
DA:6170,0
DA:6171,0
DA:6174,0
DA:6175,0
DA:6176,0
DA:6178,0
DA:6182,0
DA:6184,0
DA:6185,0
DA:6188,0
DA:6192,0
DA:6193,0
DA:6194,0
DA:6197,0
DA:6198,0
DA:6199,0
DA:6204,0
DA:6208,0
DA:6210,0
DA:6213,0
DA:6214,0
DA:6216,0
DA:6217,0
DA:6220,0
DA:6221,0
DA:6224,0
DA:6226,0
DA:6227,0
DA:6230,0
DA:6231,0
DA:6234,0
DA:6235,0
DA:6238,0
DA:6240,0
DA:6243,0
DA:6247,0
DA:6248,0
DA:6249,0
DA:6252,0
DA:6253,0
DA:6257,0
DA:6261,0
DA:6263,0
DA:6265,0
DA:6268,0
DA:6269,0
DA:6270,0
DA:6273,0
DA:6274,0
DA:6275,0
DA:6276,0
DA:6277,0
DA:6282,0
DA:6285,0
DA:6286,0
DA:6287,0
DA:6288,0
DA:6289,0
DA:6294,0
DA:6297,0
DA:6302,0
DA:6303,0
DA:6311,0
DA:6312,0
DA:6313,0
DA:6314,0
DA:6316,0
DA:6317,0
DA:6318,0
DA:6319,0
DA:6324,0
DA:6325,0
DA:6326,0
DA:6328,0
DA:6329,0
DA:6332,0
DA:6333,0
DA:6342,0
DA:6343,0
DA:6351,0
DA:6352,0
DA:6353,0
DA:6362,0
DA:6363,0
DA:6364,0
DA:6366,0
DA:6375,0
DA:6376,0
DA:6377,0
DA:6378,0
DA:6380,0
DA:6389,0
DA:6390,0
DA:6391,0
DA:6392,0
DA:6394,0
DA:6403,0
DA:6404,0
DA:6405,0
DA:6407,0
DA:6408,0
DA:6416,0
DA:6417,0
DA:6418,0
DA:6421,0
DA:6422,0
DA:6425,0
DA:6428,0
DA:6429,0
DA:6430,0
DA:6432,0
DA:6434,0
DA:6436,0
DA:6437,0
DA:6438,0
DA:6441,0
DA:6442,0
DA:6443,0
DA:6446,0
DA:6465,0
DA:6466,0
DA:6467,0
DA:6468,0
DA:6469,0
DA:6471,0
DA:6473,0
DA:6475,0
DA:6477,0
DA:6478,0
DA:6486,0
DA:6489,0
DA:6495,0
DA:6496,0
DA:6498,0
DA:6499,0
DA:6501,0
DA:6502,0
DA:6507,0
DA:6508,0
DA:6510,0
DA:6511,0
DA:6518,0
DA:6519,0
DA:6520,0
DA:6523,0
DA:6524,0
DA:6526,0
DA:6527,0
DA:6528,0
DA:6532,0
DA:6535,0
DA:6538,0
DA:6539,0
DA:6540,0
DA:6541,0
DA:6542,0
DA:6543,0
DA:6544,0
DA:6545,0
DA:6546,0
DA:6547,0
DA:6549,0
DA:6550,0
DA:6551,0
DA:6552,0
DA:6554,0
DA:6565,0
DA:6574,0
DA:6575,0
DA:6578,0
DA:6579,0
DA:6582,0
DA:6583,0
DA:6584,0
DA:6585,0
DA:6586,0
DA:6589,0
DA:6592,0
DA:6593,0
DA:6596,0
DA:6597,0
DA:6600,0
DA:6601,0
DA:6604,0
DA:6605,0
DA:6608,0
DA:6609,0
DA:6612,0
DA:6613,0
DA:6614,0
DA:6618,0
DA:6619,0
DA:6620,0
DA:6621,0
DA:6622,0
DA:6625,0
DA:6626,0
DA:6629,0
DA:6630,0
DA:6631,0
DA:6634,0
DA:6635,0
DA:6637,0
DA:6641,0
DA:6642,0
DA:6645,0
DA:6646,0
DA:6647,0
DA:6650,0
DA:6651,0
DA:6652,0
DA:6655,0
DA:6658,0
DA:6659,0
DA:6662,0
DA:6663,0
DA:6664,0
DA:6667,0
DA:6674,0
DA:6676,0
DA:6677,0
DA:6680,0
DA:6683,0
DA:6684,0
DA:6685,0
DA:6686,0
DA:6687,0
DA:6688,0
DA:6693,0
DA:6694,0
DA:6695,0
DA:6697,0
DA:6700,0
DA:6701,0
DA:6704,0
DA:6707,0
DA:6709,0
DA:6712,0
DA:6713,0
DA:6714,0
DA:6717,0
DA:6718,0
DA:6720,0
DA:6723,0
DA:6724,0
DA:6727,0
DA:6728,0
DA:6732,0
DA:6735,0
DA:6736,0
DA:6737,0
DA:6742,0
DA:6743,0
DA:6749,0
DA:6750,0
DA:6751,0
DA:6752,0
DA:6755,0
DA:6756,0
DA:6757,0
DA:6760,0
DA:6761,0
DA:6764,0
DA:6766,0
DA:6770,0
DA:6776,0
DA:6777,0
DA:6778,0
DA:6779,0
DA:6784,0
DA:6785,0
DA:6787,0
DA:6788,0
DA:6791,0
DA:6792,0
DA:6793,0
DA:6805,0
DA:6807,0
DA:6809,0
DA:6810,0
DA:6812,0
DA:6814,0
DA:6815,0
DA:6818,0
DA:6820,0
DA:6823,0
DA:6828,0
DA:6830,0
DA:6831,0
DA:6836,0
DA:6837,0
DA:6840,0
DA:6841,0
DA:6844,0
DA:6845,0
DA:6850,0
DA:6851,0
DA:6854,0
DA:6855,0
DA:6859,0
DA:6860,0
DA:6861,0
DA:6864,0
DA:6865,0
DA:6866,0
DA:6867,0
DA:6870,0
DA:6873,0
DA:6874,0
DA:6877,0
DA:6878,0
DA:6881,0
DA:6882,0
DA:6884,0
DA:6885,0
DA:6887,0
DA:6892,0
DA:6893,0
DA:6896,0
DA:6899,0
DA:6900,0
DA:6901,0
DA:6903,0
DA:6905,0
DA:6909,0
DA:6911,0
DA:6912,0
DA:6913,0
DA:6914,0
DA:6920,0
DA:6926,0
DA:6927,0
DA:6932,0
DA:6933,0
DA:6936,0
DA:6937,0
DA:6940,0
DA:6941,0
DA:6944,0
DA:6948,0
DA:6951,0
DA:6952,0
DA:6955,0
DA:6956,0
DA:6958,0
DA:6959,0
DA:6960,0
DA:6964,0
DA:6967,0
DA:6970,0
DA:6971,0
LF:2903
LH:0
BRDA:27,1,0,0
BRDA:27,1,1,0
BRDA:27,2,0,0
BRDA:27,2,1,0
BRDA:27,2,2,0
BRDA:28,3,0,0
BRDA:28,3,1,0
BRDA:35,4,0,0
BRDA:35,4,1,0
BRDA:35,5,0,0
BRDA:35,5,1,0
BRDA:35,5,2,0
BRDA:186,6,0,0
BRDA:186,6,1,0
BRDA:196,7,0,0
BRDA:196,7,1,0
BRDA:196,7,2,0
BRDA:216,8,0,0
BRDA:216,8,1,0
BRDA:216,8,2,0
BRDA:216,8,3,0
BRDA:216,8,4,0
BRDA:216,8,5,0
BRDA:216,8,6,0
BRDA:216,8,7,0
BRDA:216,8,8,0
BRDA:232,9,0,0
BRDA:232,9,1,0
BRDA:235,10,0,0
BRDA:235,10,1,0
BRDA:235,11,0,0
BRDA:235,11,1,0
BRDA:235,11,2,0
BRDA:235,11,3,0
BRDA:248,12,0,0
BRDA:248,12,1,0
BRDA:250,13,0,0
BRDA:250,13,1,0
BRDA:250,13,2,0
BRDA:250,13,3,0
BRDA:258,14,0,0
BRDA:258,14,1,0
BRDA:262,15,0,0
BRDA:262,15,1,0
BRDA:266,16,0,0
BRDA:266,16,1,0
BRDA:266,16,2,0
BRDA:270,17,0,0
BRDA:270,17,1,0
BRDA:274,18,0,0
BRDA:274,18,1,0
BRDA:278,19,0,0
BRDA:278,19,1,0
BRDA:281,20,0,0
BRDA:281,20,1,0
BRDA:382,21,0,0
BRDA:382,21,1,0
BRDA:385,22,0,0
BRDA:385,22,1,0
BRDA:402,23,0,0
BRDA:402,23,1,0
BRDA:425,24,0,0
BRDA:425,24,1,0
BRDA:433,25,0,0
BRDA:433,25,1,0
BRDA:439,26,0,0
BRDA:439,26,1,0
BRDA:455,27,0,0
BRDA:455,27,1,0
BRDA:455,28,0,0
BRDA:455,28,1,0
BRDA:471,29,0,0
BRDA:471,29,1,0
BRDA:480,30,0,0
BRDA:480,30,1,0
BRDA:480,31,0,0
BRDA:480,31,1,0
BRDA:496,32,0,0
BRDA:496,32,1,0
BRDA:509,33,0,0
BRDA:509,33,1,0
BRDA:532,34,0,0
BRDA:532,34,1,0
BRDA:547,35,0,0
BRDA:547,35,1,0
BRDA:549,36,0,0
BRDA:549,36,1,0
BRDA:551,37,0,0
BRDA:551,37,1,0
BRDA:552,38,0,0
BRDA:552,38,1,0
BRDA:553,39,0,0
BRDA:553,39,1,0
BRDA:554,40,0,0
BRDA:554,40,1,0
BRDA:555,41,0,0
BRDA:555,41,1,0
BRDA:556,42,0,0
BRDA:556,42,1,0
BRDA:557,43,0,0
BRDA:557,43,1,0
BRDA:560,44,0,0
BRDA:560,44,1,0
BRDA:588,45,0,0
BRDA:588,45,1,0
BRDA:593,46,0,0
BRDA:593,46,1,0
BRDA:593,47,0,0
BRDA:593,47,1,0
BRDA:635,48,0,0
BRDA:635,48,1,0
BRDA:640,49,0,0
BRDA:640,49,1,0
BRDA:640,50,0,0
BRDA:640,50,1,0
BRDA:652,51,0,0
BRDA:652,51,1,0
BRDA:657,52,0,0
BRDA:657,52,1,0
BRDA:672,53,0,0
BRDA:672,53,1,0
BRDA:683,54,0,0
BRDA:683,54,1,0
BRDA:687,55,0,0
BRDA:687,55,1,0
BRDA:691,56,0,0
BRDA:691,56,1,0
BRDA:703,57,0,0
BRDA:703,57,1,0
BRDA:720,58,0,0
BRDA:720,58,1,0
BRDA:720,58,2,0
BRDA:726,59,0,0
BRDA:726,59,1,0
BRDA:726,60,0,0
BRDA:726,60,1,0
BRDA:735,61,0,0
BRDA:735,61,1,0
BRDA:736,62,0,0
BRDA:736,62,1,0
BRDA:737,63,0,0
BRDA:737,63,1,0
BRDA:786,64,0,0
BRDA:786,64,1,0
BRDA:789,65,0,0
BRDA:789,65,1,0
BRDA:864,66,0,0
BRDA:864,66,1,0
BRDA:870,67,0,0
BRDA:870,67,1,0
BRDA:878,68,0,0
BRDA:878,68,1,0
BRDA:898,69,0,0
BRDA:898,69,1,0
BRDA:902,70,0,0
BRDA:902,70,1,0
BRDA:906,71,0,0
BRDA:906,71,1,0
BRDA:910,72,0,0
BRDA:910,72,1,0
BRDA:914,73,0,0
BRDA:914,73,1,0
BRDA:918,74,0,0
BRDA:918,74,1,0
BRDA:949,75,0,0
BRDA:949,75,1,0
BRDA:956,76,0,0
BRDA:956,76,1,0
BRDA:963,77,0,0
BRDA:963,77,1,0
BRDA:1015,78,0,0
BRDA:1015,78,1,0
BRDA:1051,79,0,0
BRDA:1051,79,1,0
BRDA:1131,80,0,0
BRDA:1131,80,1,0
BRDA:1152,81,0,0
BRDA:1152,81,1,0
BRDA:1154,82,0,0
BRDA:1154,82,1,0
BRDA:1154,83,0,0
BRDA:1154,83,1,0
BRDA:1161,84,0,0
BRDA:1161,84,1,0
BRDA:1163,85,0,0
BRDA:1163,85,1,0
BRDA:1166,86,0,0
BRDA:1166,86,1,0
BRDA:1171,87,0,0
BRDA:1171,87,1,0
BRDA:1172,88,0,0
BRDA:1172,88,1,0
BRDA:1270,89,0,0
BRDA:1270,89,1,0
BRDA:1271,90,0,0
BRDA:1271,90,1,0
BRDA:1293,91,0,0
BRDA:1293,91,1,0
BRDA:1300,92,0,0
BRDA:1300,92,1,0
BRDA:1314,93,0,0
BRDA:1314,93,1,0
BRDA:1335,94,0,0
BRDA:1335,94,1,0
BRDA:1335,95,0,0
BRDA:1335,95,1,0
BRDA:1337,96,0,0
BRDA:1337,96,1,0
BRDA:1340,97,0,0
BRDA:1340,97,1,0
BRDA:1401,98,0,0
BRDA:1401,98,1,0
BRDA:1410,99,0,0
BRDA:1410,99,1,0
BRDA:1437,100,0,0
BRDA:1437,100,1,0
BRDA:1437,101,0,0
BRDA:1437,101,1,0
BRDA:1450,102,0,0
BRDA:1450,102,1,0
BRDA:1456,103,0,0
BRDA:1456,103,1,0
BRDA:1456,104,0,0
BRDA:1456,104,1,0
BRDA:1463,105,0,0
BRDA:1463,105,1,0
BRDA:1463,106,0,0
BRDA:1463,106,1,0
BRDA:1487,107,0,0
BRDA:1487,107,1,0
BRDA:1490,108,0,0
BRDA:1490,108,1,0
BRDA:1533,109,0,0
BRDA:1533,109,1,0
BRDA:1542,110,0,0
BRDA:1542,110,1,0
BRDA:1553,111,0,0
BRDA:1553,111,1,0
BRDA:1555,112,0,0
BRDA:1555,112,1,0
BRDA:1581,113,0,0
BRDA:1581,113,1,0
BRDA:1592,114,0,0
BRDA:1592,114,1,0
BRDA:1610,115,0,0
BRDA:1610,115,1,0
BRDA:1610,116,0,0
BRDA:1610,116,1,0
BRDA:1614,117,0,0
BRDA:1614,117,1,0
BRDA:1625,118,0,0
BRDA:1625,118,1,0
BRDA:1625,119,0,0
BRDA:1625,119,1,0
BRDA:1644,120,0,0
BRDA:1644,120,1,0
BRDA:1652,121,0,0
BRDA:1652,121,1,0
BRDA:1664,122,0,0
BRDA:1664,122,1,0
BRDA:1673,123,0,0
BRDA:1673,123,1,0
BRDA:1683,124,0,0
BRDA:1683,124,1,0
BRDA:1692,125,0,0
BRDA:1692,125,1,0
BRDA:1698,126,0,0
BRDA:1698,126,1,0
BRDA:1705,127,0,0
BRDA:1705,127,1,0
BRDA:1710,128,0,0
BRDA:1710,128,1,0
BRDA:1712,129,0,0
BRDA:1712,129,1,0
BRDA:1714,130,0,0
BRDA:1714,130,1,0
BRDA:1728,131,0,0
BRDA:1728,131,1,0
BRDA:1728,132,0,0
BRDA:1728,132,1,0
BRDA:1731,133,0,0
BRDA:1731,133,1,0
BRDA:1754,134,0,0
BRDA:1754,134,1,0
BRDA:1874,135,0,0
BRDA:1874,135,1,0
BRDA:1884,136,0,0
BRDA:1884,136,1,0
BRDA:1885,137,0,0
BRDA:1885,137,1,0
BRDA:1888,138,0,0
BRDA:1888,138,1,0
BRDA:1889,139,0,0
BRDA:1889,139,1,0
BRDA:1892,140,0,0
BRDA:1892,140,1,0
BRDA:1893,141,0,0
BRDA:1893,141,1,0
BRDA:1896,142,0,0
BRDA:1896,142,1,0
BRDA:1897,143,0,0
BRDA:1897,143,1,0
BRDA:1900,144,0,0
BRDA:1900,144,1,0
BRDA:1906,145,0,0
BRDA:1906,145,1,0
BRDA:1906,146,0,0
BRDA:1906,146,1,0
BRDA:1926,147,0,0
BRDA:1926,147,1,0
BRDA:1942,148,0,0
BRDA:1942,148,1,0
BRDA:1948,149,0,0
BRDA:1948,149,1,0
BRDA:1970,150,0,0
BRDA:1970,150,1,0
BRDA:1974,151,0,0
BRDA:1974,151,1,0
BRDA:1980,152,0,0
BRDA:1980,152,1,0
BRDA:2000,153,0,0
BRDA:2000,153,1,0
BRDA:2000,154,0,0
BRDA:2000,154,1,0
BRDA:2000,154,2,0
BRDA:2004,155,0,0
BRDA:2004,155,1,0
BRDA:2004,156,0,0
BRDA:2004,156,1,0
BRDA:2008,157,0,0
BRDA:2008,157,1,0
BRDA:2041,158,0,0
BRDA:2041,158,1,0
BRDA:2041,159,0,0
BRDA:2041,159,1,0
BRDA:2041,159,2,0
BRDA:2045,160,0,0
BRDA:2045,160,1,0
BRDA:2045,161,0,0
BRDA:2045,161,1,0
BRDA:2049,162,0,0
BRDA:2049,162,1,0
BRDA:2070,163,0,0
BRDA:2070,163,1,0
BRDA:2074,164,0,0
BRDA:2074,164,1,0
BRDA:2082,165,0,0
BRDA:2082,165,1,0
BRDA:2086,166,0,0
BRDA:2086,166,1,0
BRDA:2094,167,0,0
BRDA:2094,167,1,0
BRDA:2097,168,0,0
BRDA:2097,168,1,0
BRDA:2097,169,0,0
BRDA:2097,169,1,0
BRDA:2116,170,0,0
BRDA:2116,170,1,0
BRDA:2116,171,0,0
BRDA:2116,171,1,0
BRDA:2159,172,0,0
BRDA:2159,172,1,0
BRDA:2194,173,0,0
BRDA:2194,173,1,0
BRDA:2279,174,0,0
BRDA:2279,174,1,0
BRDA:2295,175,0,0
BRDA:2295,175,1,0
BRDA:2312,176,0,0
BRDA:2312,176,1,0
BRDA:2317,177,0,0
BRDA:2317,177,1,0
BRDA:2325,178,0,0
BRDA:2325,178,1,0
BRDA:2338,179,0,0
BRDA:2338,179,1,0
BRDA:2338,179,2,0
BRDA:2372,180,0,0
BRDA:2372,180,1,0
BRDA:2447,181,0,0
BRDA:2447,181,1,0
BRDA:2457,182,0,0
BRDA:2457,182,1,0
BRDA:2457,182,2,0
BRDA:2457,182,3,0
BRDA:2470,183,0,0
BRDA:2470,183,1,0
BRDA:2486,184,0,0
BRDA:2486,184,1,0
BRDA:2532,185,0,0
BRDA:2532,185,1,0
BRDA:2541,186,0,0
BRDA:2541,186,1,0
BRDA:2549,187,0,0
BRDA:2549,187,1,0
BRDA:2550,188,0,0
BRDA:2550,188,1,0
BRDA:2551,189,0,0
BRDA:2551,189,1,0
BRDA:2562,190,0,0
BRDA:2562,190,1,0
BRDA:2584,191,0,0
BRDA:2584,191,1,0
BRDA:2585,192,0,0
BRDA:2585,192,1,0
BRDA:2605,193,0,0
BRDA:2605,193,1,0
BRDA:2620,194,0,0
BRDA:2620,194,1,0
BRDA:2641,195,0,0
BRDA:2641,195,1,0
BRDA:2642,196,0,0
BRDA:2642,196,1,0
BRDA:2642,197,0,0
BRDA:2642,197,1,0
BRDA:2659,198,0,0
BRDA:2659,198,1,0
BRDA:2665,199,0,0
BRDA:2665,199,1,0
BRDA:2669,200,0,0
BRDA:2669,200,1,0
BRDA:2672,201,0,0
BRDA:2672,201,1,0
BRDA:2672,201,2,0
BRDA:2679,202,0,0
BRDA:2679,202,1,0
BRDA:2701,203,0,0
BRDA:2701,203,1,0
BRDA:2701,203,2,0
BRDA:2705,204,0,0
BRDA:2705,204,1,0
BRDA:2705,205,0,0
BRDA:2705,205,1,0
BRDA:2707,206,0,0
BRDA:2707,206,1,0
BRDA:2713,207,0,0
BRDA:2713,207,1,0
BRDA:2713,208,0,0
BRDA:2713,208,1,0
BRDA:2714,209,0,0
BRDA:2714,209,1,0
BRDA:2717,210,0,0
BRDA:2717,210,1,0
BRDA:2717,211,0,0
BRDA:2717,211,1,0
BRDA:2718,212,0,0
BRDA:2718,212,1,0
BRDA:2725,213,0,0
BRDA:2725,213,1,0
BRDA:2725,214,0,0
BRDA:2725,214,1,0
BRDA:2733,215,0,0
BRDA:2733,215,1,0
BRDA:2745,216,0,0
BRDA:2745,216,1,0
BRDA:2748,217,0,0
BRDA:2748,217,1,0
BRDA:2748,218,0,0
BRDA:2748,218,1,0
BRDA:2750,219,0,0
BRDA:2750,219,1,0
BRDA:2759,220,0,0
BRDA:2759,220,1,0
BRDA:2768,221,0,0
BRDA:2768,221,1,0
BRDA:2775,222,0,0
BRDA:2775,222,1,0
BRDA:2798,223,0,0
BRDA:2798,223,1,0
BRDA:2834,224,0,0
BRDA:2834,224,1,0
BRDA:2837,225,0,0
BRDA:2837,225,1,0
BRDA:2841,226,0,0
BRDA:2841,226,1,0
BRDA:2908,227,0,0
BRDA:2908,227,1,0
BRDA:2909,228,0,0
BRDA:2909,228,1,0
BRDA:2933,229,0,0
BRDA:2933,229,1,0
BRDA:2959,230,0,0
BRDA:2959,230,1,0
BRDA:2965,231,0,0
BRDA:2965,231,1,0
BRDA:2993,232,0,0
BRDA:2993,232,1,0
BRDA:2999,233,0,0
BRDA:2999,233,1,0
BRDA:3002,234,0,0
BRDA:3002,234,1,0
BRDA:3007,235,0,0
BRDA:3007,235,1,0
BRDA:3007,236,0,0
BRDA:3007,236,1,0
BRDA:3023,237,0,0
BRDA:3023,237,1,0
BRDA:3024,238,0,0
BRDA:3024,238,1,0
BRDA:3042,239,0,0
BRDA:3042,239,1,0
BRDA:3050,240,0,0
BRDA:3050,240,1,0
BRDA:3052,241,0,0
BRDA:3052,241,1,0
BRDA:3054,242,0,0
BRDA:3054,242,1,0
BRDA:3061,243,0,0
BRDA:3061,243,1,0
BRDA:3066,244,0,0
BRDA:3066,244,1,0
BRDA:3067,245,0,0
BRDA:3067,245,1,0
BRDA:3069,246,0,0
BRDA:3069,246,1,0
BRDA:3088,247,0,0
BRDA:3088,247,1,0
BRDA:3089,248,0,0
BRDA:3089,248,1,0
BRDA:3091,249,0,0
BRDA:3091,249,1,0
BRDA:3104,250,0,0
BRDA:3104,250,1,0
BRDA:3110,251,0,0
BRDA:3110,251,1,0
BRDA:3115,252,0,0
BRDA:3115,252,1,0
BRDA:3118,253,0,0
BRDA:3118,253,1,0
BRDA:3123,254,0,0
BRDA:3123,254,1,0
BRDA:3143,255,0,0
BRDA:3143,255,1,0
BRDA:3146,256,0,0
BRDA:3146,256,1,0
BRDA:3156,257,0,0
BRDA:3156,257,1,0
BRDA:3157,258,0,0
BRDA:3157,258,1,0
BRDA:3169,259,0,0
BRDA:3169,259,1,0
BRDA:3182,260,0,0
BRDA:3182,260,1,0
BRDA:3187,261,0,0
BRDA:3187,261,1,0
BRDA:3214,262,0,0
BRDA:3214,262,1,0
BRDA:3214,263,0,0
BRDA:3214,263,1,0
BRDA:3214,263,2,0
BRDA:3279,264,0,0
BRDA:3279,264,1,0
BRDA:3291,265,0,0
BRDA:3291,265,1,0
BRDA:3349,266,0,0
BRDA:3349,266,1,0
BRDA:3355,267,0,0
BRDA:3355,267,1,0
BRDA:3386,268,0,0
BRDA:3386,268,1,0
BRDA:3404,269,0,0
BRDA:3404,269,1,0
BRDA:3420,270,0,0
BRDA:3420,270,1,0
BRDA:3422,271,0,0
BRDA:3422,271,1,0
BRDA:3426,272,0,0
BRDA:3426,272,1,0
BRDA:3426,273,0,0
BRDA:3426,273,1,0
BRDA:3426,273,2,0
BRDA:3430,274,0,0
BRDA:3430,274,1,0
BRDA:3437,275,0,0
BRDA:3437,275,1,0
BRDA:3450,276,0,0
BRDA:3450,276,1,0
BRDA:3453,277,0,0
BRDA:3453,277,1,0
BRDA:3455,278,0,0
BRDA:3455,278,1,0
BRDA:3467,279,0,0
BRDA:3467,279,1,0
BRDA:3475,280,0,0
BRDA:3475,280,1,0
BRDA:3475,281,0,0
BRDA:3475,281,1,0
BRDA:3479,282,0,0
BRDA:3479,282,1,0
BRDA:3481,283,0,0
BRDA:3481,283,1,0
BRDA:3487,284,0,0
BRDA:3487,284,1,0
BRDA:3489,285,0,0
BRDA:3489,285,1,0
BRDA:3497,286,0,0
BRDA:3497,286,1,0
BRDA:3498,287,0,0
BRDA:3498,287,1,0
BRDA:3509,288,0,0
BRDA:3509,288,1,0
BRDA:3515,289,0,0
BRDA:3515,289,1,0
BRDA:3516,290,0,0
BRDA:3516,290,1,0
BRDA:3523,291,0,0
BRDA:3523,291,1,0
BRDA:3523,292,0,0
BRDA:3523,292,1,0
BRDA:3525,293,0,0
BRDA:3525,293,1,0
BRDA:3533,294,0,0
BRDA:3533,294,1,0
BRDA:3534,295,0,0
BRDA:3534,295,1,0
BRDA:3535,296,0,0
BRDA:3535,296,1,0
BRDA:3541,297,0,0
BRDA:3541,297,1,0
BRDA:3541,298,0,0
BRDA:3541,298,1,0
BRDA:3543,299,0,0
BRDA:3543,299,1,0
BRDA:3549,300,0,0
BRDA:3549,300,1,0
BRDA:3553,301,0,0
BRDA:3553,301,1,0
BRDA:3553,301,2,0
BRDA:3553,301,3,0
BRDA:3553,301,4,0
BRDA:3559,302,0,0
BRDA:3559,302,1,0
BRDA:3566,303,0,0
BRDA:3566,303,1,0
BRDA:3566,304,0,0
BRDA:3566,304,1,0
BRDA:3567,305,0,0
BRDA:3567,305,1,0
BRDA:3577,306,0,0
BRDA:3577,306,1,0
BRDA:3583,307,0,0
BRDA:3583,307,1,0
BRDA:3583,307,2,0
BRDA:3583,307,3,0
BRDA:3588,308,0,0
BRDA:3588,308,1,0
BRDA:3588,309,0,0
BRDA:3588,309,1,0
BRDA:3595,310,0,0
BRDA:3595,310,1,0
BRDA:3595,311,0,0
BRDA:3595,311,1,0
BRDA:3598,312,0,0
BRDA:3598,312,1,0
BRDA:3603,313,0,0
BRDA:3603,313,1,0
BRDA:3603,314,0,0
BRDA:3603,314,1,0
BRDA:3610,315,0,0
BRDA:3610,315,1,0
BRDA:3610,316,0,0
BRDA:3610,316,1,0
BRDA:3620,317,0,0
BRDA:3620,317,1,0
BRDA:3628,318,0,0
BRDA:3628,318,1,0
BRDA:3633,319,0,0
BRDA:3633,319,1,0
BRDA:3639,320,0,0
BRDA:3639,320,1,0
BRDA:3642,321,0,0
BRDA:3642,321,1,0
BRDA:3646,322,0,0
BRDA:3646,322,1,0
BRDA:3646,323,0,0
BRDA:3646,323,1,0
BRDA:3646,324,0,0
BRDA:3646,324,1,0
BRDA:3650,325,0,0
BRDA:3650,325,1,0
BRDA:3653,326,0,0
BRDA:3653,326,1,0
BRDA:3653,327,0,0
BRDA:3653,327,1,0
BRDA:3654,328,0,0
BRDA:3654,328,1,0
BRDA:3674,329,0,0
BRDA:3674,329,1,0
BRDA:3678,330,0,0
BRDA:3678,330,1,0
BRDA:3686,331,0,0
BRDA:3686,331,1,0
BRDA:3686,332,0,0
BRDA:3686,332,1,0
BRDA:3686,332,2,0
BRDA:3696,333,0,0
BRDA:3696,333,1,0
BRDA:3700,334,0,0
BRDA:3700,334,1,0
BRDA:3700,335,0,0
BRDA:3700,335,1,0
BRDA:3701,336,0,0
BRDA:3701,336,1,0
BRDA:3722,337,0,0
BRDA:3722,337,1,0
BRDA:3728,338,0,0
BRDA:3728,338,1,0
BRDA:3732,339,0,0
BRDA:3732,339,1,0
BRDA:3737,340,0,0
BRDA:3737,340,1,0
BRDA:3737,341,0,0
BRDA:3737,341,1,0
BRDA:3742,342,0,0
BRDA:3742,342,1,0
BRDA:3746,343,0,0
BRDA:3746,343,1,0
BRDA:3755,344,0,0
BRDA:3755,344,1,0
BRDA:3755,345,0,0
BRDA:3755,345,1,0
BRDA:3755,345,2,0
BRDA:3755,345,3,0
BRDA:3755,345,4,0
BRDA:3755,345,5,0
BRDA:3758,346,0,0
BRDA:3758,346,1,0
BRDA:3770,347,0,0
BRDA:3770,347,1,0
BRDA:3778,348,0,0
BRDA:3778,348,1,0
BRDA:3785,349,0,0
BRDA:3785,349,1,0
BRDA:3791,350,0,0
BRDA:3791,350,1,0
BRDA:3803,351,0,0
BRDA:3803,351,1,0
BRDA:3807,352,0,0
BRDA:3807,352,1,0
BRDA:3814,353,0,0
BRDA:3814,353,1,0
BRDA:3818,354,0,0
BRDA:3818,354,1,0
BRDA:3824,355,0,0
BRDA:3824,355,1,0
BRDA:3847,356,0,0
BRDA:3847,356,1,0
BRDA:3851,357,0,0
BRDA:3851,357,1,0
BRDA:3855,358,0,0
BRDA:3855,358,1,0
BRDA:3863,359,0,0
BRDA:3863,359,1,0
BRDA:3875,360,0,0
BRDA:3875,360,1,0
BRDA:3923,361,0,0
BRDA:3923,361,1,0
BRDA:3927,362,0,0
BRDA:3927,362,1,0
BRDA:3943,363,0,0
BRDA:3943,363,1,0
BRDA:3947,364,0,0
BRDA:3947,364,1,0
BRDA:4004,365,0,0
BRDA:4004,365,1,0
BRDA:4029,366,0,0
BRDA:4029,366,1,0
BRDA:4030,367,0,0
BRDA:4030,367,1,0
BRDA:4033,368,0,0
BRDA:4033,368,1,0
BRDA:4033,369,0,0
BRDA:4033,369,1,0
BRDA:4201,370,0,0
BRDA:4201,370,1,0
BRDA:4230,371,0,0
BRDA:4230,371,1,0
BRDA:4280,372,0,0
BRDA:4280,372,1,0
BRDA:4347,373,0,0
BRDA:4347,373,1,0
BRDA:4372,374,0,0
BRDA:4372,374,1,0
BRDA:4411,375,0,0
BRDA:4411,375,1,0
BRDA:4415,376,0,0
BRDA:4415,376,1,0
BRDA:4421,377,0,0
BRDA:4421,377,1,0
BRDA:4448,378,0,0
BRDA:4448,378,1,0
BRDA:4451,379,0,0
BRDA:4451,379,1,0
BRDA:4457,380,0,0
BRDA:4457,380,1,0
BRDA:4461,381,0,0
BRDA:4461,381,1,0
BRDA:4471,382,0,0
BRDA:4471,382,1,0
BRDA:4477,383,0,0
BRDA:4477,383,1,0
BRDA:4479,384,0,0
BRDA:4479,384,1,0
BRDA:4509,385,0,0
BRDA:4509,385,1,0
BRDA:4516,386,0,0
BRDA:4516,386,1,0
BRDA:4522,387,0,0
BRDA:4522,387,1,0
BRDA:4524,388,0,0
BRDA:4524,388,1,0
BRDA:4555,389,0,0
BRDA:4555,389,1,0
BRDA:4559,390,0,0
BRDA:4559,390,1,0
BRDA:4564,391,0,0
BRDA:4564,391,1,0
BRDA:4593,392,0,0
BRDA:4593,392,1,0
BRDA:4605,393,0,0
BRDA:4605,393,1,0
BRDA:4605,393,2,0
BRDA:4629,394,0,0
BRDA:4629,394,1,0
BRDA:4629,395,0,0
BRDA:4629,395,1,0
BRDA:4665,396,0,0
BRDA:4665,396,1,0
BRDA:4676,397,0,0
BRDA:4676,397,1,0
BRDA:4681,398,0,0
BRDA:4681,398,1,0
BRDA:4688,399,0,0
BRDA:4688,399,1,0
BRDA:4726,400,0,0
BRDA:4726,400,1,0
BRDA:4737,401,0,0
BRDA:4737,401,1,0
BRDA:4748,402,0,0
BRDA:4748,402,1,0
BRDA:4751,403,0,0
BRDA:4751,403,1,0
BRDA:4756,404,0,0
BRDA:4756,404,1,0
BRDA:4759,405,0,0
BRDA:4759,405,1,0
BRDA:4778,406,0,0
BRDA:4778,406,1,0
BRDA:4778,407,0,0
BRDA:4778,407,1,0
BRDA:4779,408,0,0
BRDA:4779,408,1,0
BRDA:4787,409,0,0
BRDA:4787,409,1,0
BRDA:4794,410,0,0
BRDA:4794,410,1,0
BRDA:4797,411,0,0
BRDA:4797,411,1,0
BRDA:4800,412,0,0
BRDA:4800,412,1,0
BRDA:4808,413,0,0
BRDA:4808,413,1,0
BRDA:4810,414,0,0
BRDA:4810,414,1,0
BRDA:4818,415,0,0
BRDA:4818,415,1,0
BRDA:4818,415,2,0
BRDA:4818,415,3,0
BRDA:4824,416,0,0
BRDA:4824,416,1,0
BRDA:4839,417,0,0
BRDA:4839,417,1,0
BRDA:4843,418,0,0
BRDA:4843,418,1,0
BRDA:4886,419,0,0
BRDA:4886,419,1,0
BRDA:4890,420,0,0
BRDA:4890,420,1,0
BRDA:4901,421,0,0
BRDA:4901,421,1,0
BRDA:4914,422,0,0
BRDA:4914,422,1,0
BRDA:4914,423,0,0
BRDA:4914,423,1,0
BRDA:4944,424,0,0
BRDA:4944,424,1,0
BRDA:4944,425,0,0
BRDA:4944,425,1,0
BRDA:4954,426,0,0
BRDA:4954,426,1,0
BRDA:4964,427,0,0
BRDA:4964,427,1,0
BRDA:4978,428,0,0
BRDA:4978,428,1,0
BRDA:4978,428,2,0
BRDA:4978,428,3,0
BRDA:4978,428,4,0
BRDA:4978,428,5,0
BRDA:4978,428,6,0
BRDA:4978,428,7,0
BRDA:5005,429,0,0
BRDA:5005,429,1,0
BRDA:5034,430,0,0
BRDA:5034,430,1,0
BRDA:5034,430,2,0
BRDA:5040,431,0,0
BRDA:5040,431,1,0
BRDA:5042,432,0,0
BRDA:5042,432,1,0
BRDA:5044,433,0,0
BRDA:5044,433,1,0
BRDA:5044,434,0,0
BRDA:5044,434,1,0
BRDA:5046,435,0,0
BRDA:5046,435,1,0
BRDA:5048,436,0,0
BRDA:5048,436,1,0
BRDA:5050,437,0,0
BRDA:5050,437,1,0
BRDA:5052,438,0,0
BRDA:5052,438,1,0
BRDA:5054,439,0,0
BRDA:5054,439,1,0
BRDA:5056,440,0,0
BRDA:5056,440,1,0
BRDA:5058,441,0,0
BRDA:5058,441,1,0
BRDA:5060,442,0,0
BRDA:5060,442,1,0
BRDA:5062,443,0,0
BRDA:5062,443,1,0
BRDA:5064,444,0,0
BRDA:5064,444,1,0
BRDA:5066,445,0,0
BRDA:5066,445,1,0
BRDA:5068,446,0,0
BRDA:5068,446,1,0
BRDA:5070,447,0,0
BRDA:5070,447,1,0
BRDA:5070,448,0,0
BRDA:5070,448,1,0
BRDA:5070,448,2,0
BRDA:5070,448,3,0
BRDA:5072,449,0,0
BRDA:5072,449,1,0
BRDA:5073,450,0,0
BRDA:5073,450,1,0
BRDA:5074,451,0,0
BRDA:5074,451,1,0
BRDA:5074,452,0,0
BRDA:5074,452,1,0
BRDA:5076,453,0,0
BRDA:5076,453,1,0
BRDA:5086,454,0,0
BRDA:5086,454,1,0
BRDA:5086,455,0,0
BRDA:5086,455,1,0
BRDA:5098,456,0,0
BRDA:5098,456,1,0
BRDA:5101,457,0,0
BRDA:5101,457,1,0
BRDA:5123,458,0,0
BRDA:5123,458,1,0
BRDA:5130,459,0,0
BRDA:5130,459,1,0
BRDA:5135,460,0,0
BRDA:5135,460,1,0
BRDA:5142,461,0,0
BRDA:5142,461,1,0
BRDA:5151,462,0,0
BRDA:5151,462,1,0
BRDA:5157,463,0,0
BRDA:5157,463,1,0
BRDA:5165,464,0,0
BRDA:5165,464,1,0
BRDA:5168,465,0,0
BRDA:5168,465,1,0
BRDA:5175,466,0,0
BRDA:5175,466,1,0
BRDA:5182,467,0,0
BRDA:5182,467,1,0
BRDA:5190,468,0,0
BRDA:5190,468,1,0
BRDA:5193,469,0,0
BRDA:5193,469,1,0
BRDA:5200,470,0,0
BRDA:5200,470,1,0
BRDA:5210,471,0,0
BRDA:5210,471,1,0
BRDA:5210,472,0,0
BRDA:5210,472,1,0
BRDA:5216,473,0,0
BRDA:5216,473,1,0
BRDA:5225,474,0,0
BRDA:5225,474,1,0
BRDA:5234,475,0,0
BRDA:5234,475,1,0
BRDA:5244,476,0,0
BRDA:5244,476,1,0
BRDA:5254,477,0,0
BRDA:5254,477,1,0
BRDA:5266,478,0,0
BRDA:5266,478,1,0
BRDA:5278,479,0,0
BRDA:5278,479,1,0
BRDA:5285,480,0,0
BRDA:5285,480,1,0
BRDA:5301,481,0,0
BRDA:5301,481,1,0
BRDA:5305,482,0,0
BRDA:5305,482,1,0
BRDA:5312,483,0,0
BRDA:5312,483,1,0
BRDA:5316,484,0,0
BRDA:5316,484,1,0
BRDA:5322,485,0,0
BRDA:5322,485,1,0
BRDA:5344,486,0,0
BRDA:5344,486,1,0
BRDA:5356,487,0,0
BRDA:5356,487,1,0
BRDA:5357,488,0,0
BRDA:5357,488,1,0
BRDA:5359,489,0,0
BRDA:5359,489,1,0
BRDA:5360,490,0,0
BRDA:5360,490,1,0
BRDA:5361,491,0,0
BRDA:5361,491,1,0
BRDA:5362,492,0,0
BRDA:5362,492,1,0
BRDA:5363,493,0,0
BRDA:5363,493,1,0
BRDA:5364,494,0,0
BRDA:5364,494,1,0
BRDA:5365,495,0,0
BRDA:5365,495,1,0
BRDA:5369,496,0,0
BRDA:5369,496,1,0
BRDA:5385,497,0,0
BRDA:5385,497,1,0
BRDA:5407,498,0,0
BRDA:5407,498,1,0
BRDA:5415,499,0,0
BRDA:5415,499,1,0
BRDA:5416,500,0,0
BRDA:5416,500,1,0
BRDA:5423,501,0,0
BRDA:5423,501,1,0
BRDA:5423,502,0,0
BRDA:5423,502,1,0
BRDA:5430,503,0,0
BRDA:5430,503,1,0
BRDA:5448,504,0,0
BRDA:5448,504,1,0
BRDA:5449,505,0,0
BRDA:5449,505,1,0
BRDA:5453,506,0,0
BRDA:5453,506,1,0
BRDA:5461,507,0,0
BRDA:5461,507,1,0
BRDA:5464,508,0,0
BRDA:5464,508,1,0
BRDA:5464,509,0,0
BRDA:5464,509,1,0
BRDA:5502,510,0,0
BRDA:5502,510,1,0
BRDA:5506,511,0,0
BRDA:5506,511,1,0
BRDA:5508,512,0,0
BRDA:5508,512,1,0
BRDA:5508,513,0,0
BRDA:5508,513,1,0
BRDA:5516,514,0,0
BRDA:5516,514,1,0
BRDA:5527,515,0,0
BRDA:5527,515,1,0
BRDA:5556,516,0,0
BRDA:5556,516,1,0
BRDA:5556,517,0,0
BRDA:5556,517,1,0
BRDA:5576,518,0,0
BRDA:5576,518,1,0
BRDA:5581,519,0,0
BRDA:5581,519,1,0
BRDA:5952,520,0,0
BRDA:5952,520,1,0
BRDA:5986,521,0,0
BRDA:5986,521,1,0
BRDA:5986,521,2,0
BRDA:5986,521,3,0
BRDA:5986,521,4,0
BRDA:5986,521,5,0
BRDA:5986,521,6,0
BRDA:5986,521,7,0
BRDA:5986,521,8,0
BRDA:5986,521,9,0
BRDA:6001,522,0,0
BRDA:6001,522,1,0
BRDA:6001,523,0,0
BRDA:6001,523,1,0
BRDA:6048,524,0,0
BRDA:6048,524,1,0
BRDA:6049,525,0,0
BRDA:6049,525,1,0
BRDA:6049,526,0,0
BRDA:6049,526,1,0
BRDA:6076,527,0,0
BRDA:6076,527,1,0
BRDA:6091,528,0,0
BRDA:6091,528,1,0
BRDA:6110,529,0,0
BRDA:6110,529,1,0
BRDA:6112,530,0,0
BRDA:6112,530,1,0
BRDA:6112,531,0,0
BRDA:6112,531,1,0
BRDA:6120,532,0,0
BRDA:6120,532,1,0
BRDA:6125,533,0,0
BRDA:6125,533,1,0
BRDA:6127,534,0,0
BRDA:6127,534,1,0
BRDA:6135,535,0,0
BRDA:6135,535,1,0
BRDA:6151,536,0,0
BRDA:6151,536,1,0
BRDA:6152,537,0,0
BRDA:6152,537,1,0
BRDA:6154,538,0,0
BRDA:6154,538,1,0
BRDA:6162,539,0,0
BRDA:6162,539,1,0
BRDA:6162,540,0,0
BRDA:6162,540,1,0
BRDA:6166,541,0,0
BRDA:6166,541,1,0
BRDA:6166,542,0,0
BRDA:6166,542,1,0
BRDA:6170,543,0,0
BRDA:6170,543,1,0
BRDA:6174,544,0,0
BRDA:6174,544,1,0
BRDA:6174,545,0,0
BRDA:6174,545,1,0
BRDA:6175,546,0,0
BRDA:6175,546,1,0
BRDA:6184,547,0,0
BRDA:6184,547,1,0
BRDA:6184,548,0,0
BRDA:6184,548,1,0
BRDA:6184,549,0,0
BRDA:6184,549,1,0
BRDA:6192,550,0,0
BRDA:6192,550,1,0
BRDA:6192,551,0,0
BRDA:6192,551,1,0
BRDA:6192,551,2,0
BRDA:6198,552,0,0
BRDA:6198,552,1,0
BRDA:6214,553,0,0
BRDA:6214,553,1,0
BRDA:6216,554,0,0
BRDA:6216,554,1,0
BRDA:6220,555,0,0
BRDA:6220,555,1,0
BRDA:6226,556,0,0
BRDA:6226,556,1,0
BRDA:6230,557,0,0
BRDA:6230,557,1,0
BRDA:6234,558,0,0
BRDA:6234,558,1,0
BRDA:6238,559,0,0
BRDA:6238,559,1,0
BRDA:6247,560,0,0
BRDA:6247,560,1,0
BRDA:6269,561,0,0
BRDA:6269,561,1,0
BRDA:6274,562,0,0
BRDA:6274,562,1,0
BRDA:6274,563,0,0
BRDA:6274,563,1,0
BRDA:6276,564,0,0
BRDA:6276,564,1,0
BRDA:6276,565,0,0
BRDA:6276,565,1,0
BRDA:6276,565,2,0
BRDA:6303,566,0,0
BRDA:6303,566,1,0
BRDA:6311,567,0,0
BRDA:6311,567,1,0
BRDA:6312,568,0,0
BRDA:6312,568,1,0
BRDA:6313,569,0,0
BRDA:6313,569,1,0
BRDA:6316,570,0,0
BRDA:6316,570,1,0
BRDA:6318,571,0,0
BRDA:6318,571,1,0
BRDA:6318,572,0,0
BRDA:6318,572,1,0
BRDA:6328,573,0,0
BRDA:6328,573,1,0
BRDA:6390,574,0,0
BRDA:6390,574,1,0
BRDA:6404,575,0,0
BRDA:6404,575,1,0
BRDA:6404,576,0,0
BRDA:6404,576,1,0
BRDA:6436,577,0,0
BRDA:6436,577,1,0
BRDA:6471,578,0,0
BRDA:6471,578,1,0
BRDA:6475,579,0,0
BRDA:6475,579,1,0
BRDA:6477,580,0,0
BRDA:6477,580,1,0
BRDA:6486,581,0,0
BRDA:6486,581,1,0
BRDA:6501,582,0,0
BRDA:6501,582,1,0
BRDA:6510,583,0,0
BRDA:6510,583,1,0
BRDA:6519,584,0,0
BRDA:6519,584,1,0
BRDA:6527,585,0,0
BRDA:6527,585,1,0
BRDA:6585,586,0,0
BRDA:6585,586,1,0
BRDA:6630,587,0,0
BRDA:6630,587,1,0
BRDA:6634,588,0,0
BRDA:6634,588,1,0
BRDA:6642,589,0,0
BRDA:6642,589,1,0
BRDA:6651,590,0,0
BRDA:6651,590,1,0
BRDA:6652,591,0,0
BRDA:6652,591,1,0
BRDA:6663,592,0,0
BRDA:6663,592,1,0
BRDA:6676,593,0,0
BRDA:6676,593,1,0
BRDA:6684,594,0,0
BRDA:6684,594,1,0
BRDA:6687,595,0,0
BRDA:6687,595,1,0
BRDA:6694,596,0,0
BRDA:6694,596,1,0
BRDA:6707,597,0,0
BRDA:6707,597,1,0
BRDA:6707,598,0,0
BRDA:6707,598,1,0
BRDA:6718,599,0,0
BRDA:6718,599,1,0
BRDA:6720,600,0,0
BRDA:6720,600,1,0
BRDA:6740,601,0,0
BRDA:6740,601,1,0
BRDA:6741,602,0,0
BRDA:6741,602,1,0
BRDA:6742,603,0,0
BRDA:6742,603,1,0
BRDA:6743,604,0,0
BRDA:6743,604,1,0
BRDA:6756,605,0,0
BRDA:6756,605,1,0
BRDA:6760,606,0,0
BRDA:6760,606,1,0
BRDA:6778,607,0,0
BRDA:6778,607,1,0
BRDA:6787,608,0,0
BRDA:6787,608,1,0
BRDA:6791,609,0,0
BRDA:6791,609,1,0
BRDA:6792,610,0,0
BRDA:6792,610,1,0
BRDA:6795,611,0,0
BRDA:6795,611,1,0
BRDA:6814,612,0,0
BRDA:6814,612,1,0
BRDA:6820,613,0,0
BRDA:6820,613,1,0
BRDA:6830,614,0,0
BRDA:6830,614,1,0
BRDA:6830,615,0,0
BRDA:6830,615,1,0
BRDA:6837,616,0,0
BRDA:6837,616,1,0
BRDA:6841,617,0,0
BRDA:6841,617,1,0
BRDA:6851,618,0,0
BRDA:6851,618,1,0
BRDA:6851,618,2,0
BRDA:6859,619,0,0
BRDA:6859,619,1,0
BRDA:6884,620,0,0
BRDA:6884,620,1,0
BRDA:6900,621,0,0
BRDA:6900,621,1,0
BRDA:6940,622,0,0
BRDA:6940,622,1,0
BRDA:6959,623,0,0
BRDA:6959,623,1,0
BRF:1304
BRH:0
end_of_record
TN:
SF:/Users/michaelnguyen/Makers/week_10/GildedRose-Refactoring-Kata/js-jasmine/spec/gilded_rose_spec.js
FN:2,(anonymous_1)
FN:9,(anonymous_2)
FNF:2
FNH:0
FNDA:0,(anonymous_1)
FNDA:0,(anonymous_2)
DA:2,0
DA:3,0
DA:4,0
DA:5,0
DA:7,0
DA:9,0
DA:10,0
DA:11,0
DA:12,0
DA:15,0
DA:16,0
DA:17,0
DA:18,0
DA:19,0
DA:22,0
DA:23,0
DA:24,0
DA:25,0
DA:26,0
DA:29,0
DA:30,0
DA:31,0
DA:32,0
DA:33,0
DA:38,0
DA:39,0
DA:40,0
DA:41,0
DA:42,0
DA:43,0
DA:45,0
DA:46,0
DA:47,0
DA:48,0
DA:49,0
LF:35
LH:0
BRF:0
BRH:0
end_of_record
TN:
SF:/Users/michaelnguyen/Makers/week_10/GildedRose-Refactoring-Kata/js-jasmine/src/gilded_rose.js
FN:2,(anonymous_1)
FN:10,(anonymous_2)
FN:13,(anonymous_3)
FNF:3
FNH:0
FNDA:0,(anonymous_1)
FNDA:0,(anonymous_2)
FNDA:0,(anonymous_3)
DA:3,0
DA:4,0
DA:5,0
DA:11,0
DA:14,0
DA:15,0
DA:16,0
DA:17,0
DA:18,0
DA:22,0
DA:23,0
DA:24,0
DA:25,0
DA:26,0
DA:27,0
DA:30,0
DA:31,0
DA:32,0
DA:38,0
DA:39,0
DA:41,0
DA:42,0
DA:43,0
DA:44,0
DA:45,0
DA:46,0
DA:50,0
DA:53,0
DA:54,0
DA:60,0
LF:30
LH:0
BRDA:15,1,0,0
BRDA:15,1,1,0
BRDA:15,2,0,0
BRDA:15,2,1,0
BRDA:16,3,0,0
BRDA:16,3,1,0
BRDA:17,4,0,0
BRDA:17,4,1,0
BRDA:22,5,0,0
BRDA:22,5,1,0
BRDA:24,6,0,0
BRDA:24,6,1,0
BRDA:25,7,0,0
BRDA:25,7,1,0
BRDA:26,8,0,0
BRDA:26,8,1,0
BRDA:30,9,0,0
BRDA:30,9,1,0
BRDA:31,10,0,0
BRDA:31,10,1,0
BRDA:38,11,0,0
BRDA:38,11,1,0
BRDA:41,12,0,0
BRDA:41,12,1,0
BRDA:42,13,0,0
BRDA:42,13,1,0
BRDA:43,14,0,0
BRDA:43,14,1,0
BRDA:44,15,0,0
BRDA:44,15,1,0
BRDA:45,16,0,0
BRDA:45,16,1,0
BRDA:53,17,0,0
BRDA:53,17,1,0
BRF:34
BRH:0
end_of_record
